TN:
SF:src\App.jsx
FN:14,RoleRoute
FN:21,DashboardRedirect
FN:33,App
FNF:3
FNH:3
FNDA:3,RoleRoute
FNDA:2,DashboardRedirect
FNDA:3,App
DA:1,1
DA:14,3
DA:15,3
DA:16,3
DA:17,3
DA:18,2
DA:19,2
DA:21,2
DA:22,2
DA:23,2
DA:24,2
DA:25,2
DA:26,2
DA:27,2
DA:28,2
DA:29,2
DA:30,2
DA:31,2
DA:33,3
DA:34,3
DA:35,3
DA:36,3
DA:37,3
DA:38,3
DA:39,3
DA:40,3
DA:41,3
DA:42,3
DA:43,3
DA:44,3
DA:45,3
DA:46,3
DA:47,3
DA:49,3
LF:34
LH:34
BRDA:14,0,0,3
BRDA:16,1,0,0
BRDA:17,2,0,1
BRDA:17,3,0,2
BRDA:21,4,0,2
BRDA:23,5,0,0
BRDA:29,6,0,0
BRDA:33,7,0,3
BRF:8
BRH:5
end_of_record
TN:
SF:src\api\client.js
FN:3,request
FN:29,post
FN:30,get
FN:31,patch
FN:34,saveAuth
FN:39,getAuth
FN:47,clearAuth
FNF:7
FNH:6
FNDA:5,request
FNDA:1,post
FNDA:4,get
FNDA:0,patch
FNDA:1,saveAuth
FNDA:3,getAuth
FNDA:1,clearAuth
DA:1,1
DA:2,1
DA:3,5
DA:4,5
DA:5,5
DA:6,5
DA:7,5
DA:8,5
DA:9,5
DA:10,5
DA:11,5
DA:12,5
DA:13,5
DA:14,5
DA:15,5
DA:16,5
DA:17,5
DA:18,0
DA:19,0
DA:20,5
DA:21,5
DA:22,2
DA:23,2
DA:24,2
DA:25,3
DA:26,3
DA:27,1
DA:28,1
DA:29,1
DA:30,1
DA:31,1
DA:32,1
DA:33,1
DA:34,1
DA:35,1
DA:36,1
DA:37,1
DA:38,1
DA:39,1
DA:40,3
DA:41,3
DA:42,3
DA:43,3
DA:44,3
DA:45,3
DA:46,1
DA:47,1
DA:48,1
DA:49,1
DA:50,1
LF:50
LH:48
BRDA:3,0,0,5
BRDA:10,1,0,1
BRDA:10,2,0,4
BRDA:16,3,0,3
BRDA:16,4,0,2
BRDA:17,5,0,0
BRDA:21,6,0,2
BRDA:22,7,0,1
BRDA:25,8,0,3
BRDA:29,9,0,1
BRDA:30,10,0,4
BRDA:34,11,0,1
BRDA:39,12,0,3
BRDA:43,13,0,2
BRDA:43,14,0,1
BRDA:43,15,0,1
BRDA:47,16,0,1
BRF:17
BRH:16
end_of_record
TN:
SF:src\components\Layout.jsx
FN:4,Layout
FNF:1
FNH:1
FNDA:3,Layout
DA:1,1
DA:4,3
DA:5,3
DA:6,3
DA:7,3
DA:8,3
DA:9,3
DA:10,3
DA:11,3
DA:12,3
DA:13,3
DA:14,3
DA:15,2
DA:16,2
DA:17,2
DA:18,2
DA:19,2
DA:20,2
DA:21,2
DA:22,1
DA:23,1
DA:24,1
DA:25,1
DA:27,1
DA:28,0
DA:30,1
DA:32,2
DA:33,2
DA:34,2
DA:35,2
DA:37,3
DA:38,3
DA:39,3
DA:40,3
DA:42,3
LF:35
LH:34
BRDA:4,0,0,3
BRDA:7,1,0,0
BRDA:14,2,0,2
BRDA:21,3,0,1
BRDA:27,4,0,0
BRDA:32,5,0,1
BRDA:32,6,0,0
BRDA:32,7,0,1
BRF:8
BRH:5
end_of_record
TN:
SF:src\components\PrivateRoute.jsx
FN:4,PrivateRoute
FNF:1
FNH:1
FNDA:8,PrivateRoute
DA:1,1
DA:4,8
DA:5,8
DA:6,8
DA:7,6
DA:8,6
LF:6
LH:6
BRDA:4,0,0,8
BRDA:6,1,0,7
BRDA:6,2,0,2
BRDA:6,3,0,6
BRF:4
BRH:4
end_of_record
TN:
SF:src\pages\Login.jsx
FN:5,Login
FN:12,handleSubmit
FN:51,onChange
FN:63,onChange
FNF:4
FNH:4
FNDA:82,Login
FNDA:3,handleSubmit
FNDA:48,onChange
FNDA:25,onChange
DA:1,1
DA:5,82
DA:6,82
DA:7,82
DA:8,82
DA:9,82
DA:10,82
DA:12,82
DA:13,3
DA:14,3
DA:15,3
DA:16,3
DA:17,3
DA:18,1
DA:19,1
DA:20,3
DA:21,2
DA:22,3
DA:23,3
DA:24,3
DA:25,3
DA:27,82
DA:28,82
DA:29,82
DA:30,82
DA:31,82
DA:32,82
DA:33,82
DA:34,82
DA:35,82
DA:36,82
DA:38,82
DA:39,82
DA:40,82
DA:41,82
DA:42,2
DA:44,82
DA:45,82
DA:46,82
DA:47,82
DA:48,82
DA:49,82
DA:50,82
DA:51,82
DA:52,82
DA:53,82
DA:54,82
DA:55,82
DA:56,82
DA:57,82
DA:58,82
DA:59,82
DA:60,82
DA:61,82
DA:62,82
DA:63,82
DA:64,82
DA:65,82
DA:66,82
DA:67,82
DA:68,82
DA:69,82
DA:70,82
DA:71,82
DA:72,82
DA:74,82
DA:75,82
DA:76,82
DA:77,82
DA:78,82
DA:79,82
DA:80,82
DA:81,82
DA:82,82
DA:84,82
LF:75
LH:75
BRDA:5,0,0,82
BRDA:41,1,0,2
BRDA:74,2,0,3
BRDA:74,3,0,79
BRDA:12,4,0,3
BRDA:17,5,0,1
BRDA:20,6,0,2
BRDA:21,7,0,1
BRDA:51,8,0,48
BRDA:63,9,0,25
BRF:10
BRH:10
end_of_record
TN:
SF:src\pages\Register.jsx
FN:12,Register
FN:27,handleSubmit
FN:89,onClick
FN:112,onChange
FN:124,onChange
FN:137,onChange
FN:149,onChange
FN:167,onChange
FN:179,onChange
FN:190,onChange
FN:204,onChange
FN:216,onChange
FN:224,onClick
FNF:13
FNH:13
FNDA:229,Register
FNDA:4,handleSubmit
FNDA:1,onClick
FNDA:48,onChange
FNDA:76,onChange
FNDA:32,onChange
FNDA:33,onChange
FNDA:8,onChange
FNDA:7,onChange
FNDA:5,onChange
FNDA:2,onChange
FNDA:4,onChange
FNDA:2,onClick
DA:1,1
DA:6,1
DA:7,1
DA:8,1
DA:9,1
DA:10,1
DA:12,229
DA:13,229
DA:14,229
DA:15,229
DA:16,229
DA:17,229
DA:18,229
DA:19,229
DA:20,229
DA:21,229
DA:22,229
DA:23,229
DA:24,229
DA:25,229
DA:27,229
DA:28,4
DA:29,4
DA:30,4
DA:31,1
DA:32,1
DA:33,1
DA:35,4
DA:36,2
DA:37,1
DA:38,1
DA:39,1
DA:40,2
DA:42,2
DA:43,2
DA:45,2
DA:46,1
DA:47,1
DA:48,1
DA:49,1
DA:51,1
DA:52,1
DA:53,1
DA:54,1
DA:55,4
DA:56,2
DA:57,2
DA:58,4
DA:59,0
DA:60,4
DA:61,2
DA:62,2
DA:63,4
DA:65,229
DA:66,229
DA:67,229
DA:69,229
DA:70,229
DA:71,229
DA:72,229
DA:73,229
DA:74,229
DA:75,229
DA:77,229
DA:78,229
DA:79,229
DA:82,229
DA:83,229
DA:84,687
DA:85,687
DA:86,687
DA:87,687
DA:88,687
DA:89,687
DA:90,687
DA:91,687
DA:92,229
DA:93,458
DA:94,687
DA:96,687
DA:97,687
DA:98,229
DA:99,229
DA:101,229
DA:102,2
DA:105,229
DA:106,229
DA:107,229
DA:108,229
DA:109,229
DA:110,229
DA:111,229
DA:112,229
DA:113,229
DA:114,229
DA:115,229
DA:116,229
DA:117,229
DA:118,229
DA:119,229
DA:120,229
DA:121,229
DA:122,229
DA:123,229
DA:124,229
DA:125,229
DA:126,229
DA:127,229
DA:128,229
DA:129,229
DA:130,229
DA:131,229
DA:132,229
DA:133,229
DA:134,229
DA:135,229
DA:136,229
DA:137,229
DA:138,229
DA:139,229
DA:140,229
DA:141,229
DA:142,229
DA:143,229
DA:144,229
DA:145,229
DA:146,229
DA:147,229
DA:148,229
DA:149,229
DA:150,229
DA:151,229
DA:152,229
DA:153,229
DA:154,229
DA:155,229
DA:158,229
DA:159,175
DA:160,175
DA:161,175
DA:162,175
DA:163,175
DA:164,175
DA:165,175
DA:166,175
DA:167,175
DA:168,175
DA:169,175
DA:170,175
DA:171,175
DA:172,175
DA:173,175
DA:174,175
DA:175,175
DA:176,175
DA:177,175
DA:178,175
DA:179,175
DA:180,175
DA:181,175
DA:182,175
DA:183,175
DA:184,175
DA:185,175
DA:186,175
DA:187,175
DA:188,175
DA:189,175
DA:190,175
DA:191,175
DA:192,175
DA:193,175
DA:194,175
DA:195,175
DA:196,175
DA:197,175
DA:198,175
DA:199,175
DA:200,175
DA:201,175
DA:202,175
DA:203,175
DA:204,175
DA:205,175
DA:206,175
DA:207,175
DA:208,175
DA:209,175
DA:210,175
DA:211,175
DA:212,175
DA:213,175
DA:214,175
DA:215,175
DA:216,175
DA:217,175
DA:218,175
DA:219,175
DA:220,175
DA:221,175
DA:222,175
DA:223,175
DA:224,175
DA:225,2
DA:226,1
DA:227,1
DA:228,1
DA:229,1
DA:230,1
DA:231,1
DA:232,1
DA:233,1
DA:234,1
DA:235,1
DA:236,1
DA:237,2
DA:238,175
DA:239,175
DA:241,175
DA:242,175
DA:243,175
DA:244,175
DA:246,175
DA:247,175
DA:251,229
DA:252,229
DA:253,175
DA:255,175
DA:257,229
DA:258,54
DA:260,54
DA:262,229
DA:263,0
DA:265,0
DA:267,229
DA:269,229
DA:270,229
DA:271,229
DA:272,229
DA:274,229
DA:275,229
DA:276,229
DA:277,229
DA:279,229
DA:280,229
DA:281,229
DA:282,229
DA:283,229
DA:284,229
DA:286,229
LF:250
LH:247
BRDA:12,0,0,229
BRDA:101,1,0,2
BRDA:158,2,0,175
BRDA:252,3,0,175
BRDA:257,4,0,54
BRDA:262,5,0,0
BRDA:274,6,0,2
BRDA:274,7,0,227
BRDA:274,8,0,0
BRDA:27,9,0,4
BRDA:30,10,0,1
BRDA:33,11,0,3
BRDA:35,12,0,2
BRDA:36,13,0,1
BRDA:36,14,0,1
BRDA:36,15,0,1
BRDA:45,16,0,1
BRDA:51,17,0,0
BRDA:52,18,0,0
BRDA:53,19,0,1
BRDA:55,20,0,2
BRDA:58,21,0,0
BRDA:60,22,0,2
BRDA:83,23,0,687
BRDA:91,24,0,229
BRDA:92,25,0,458
BRDA:89,26,0,1
BRDA:112,27,0,48
BRDA:124,28,0,76
BRDA:137,29,0,32
BRDA:149,30,0,33
BRDA:167,31,0,8
BRDA:179,32,0,7
BRDA:190,33,0,5
BRDA:204,34,0,2
BRDA:216,35,0,4
BRDA:224,36,0,2
BRDA:225,37,0,1
BRDA:230,38,0,1
BRDA:274,39,0,280
BRF:40
BRH:35
end_of_record
