<?xml version="1.0" encoding="UTF-8"?>
<coverage generated="1760719820301" clover="3.2.0">
  <project timestamp="1760719820301" name="All files">
    <metrics statements="583" coveredstatements="503" conditionals="381" coveredconditionals="316" methods="74" coveredmethods="73" elements="1038" coveredelements="892" complexity="0" loc="583" ncloc="583" packages="8" files="21" classes="21"/>
    <package name="config">
      <metrics statements="10" coveredstatements="10" conditionals="20" coveredconditionals="17" methods="1" coveredmethods="1"/>
      <file name="index.js" path="C:\Users\Umair_Salah\Documents\GitHub\SmartBin\backend\src\config\index.js">
        <metrics statements="10" coveredstatements="10" conditionals="20" coveredconditionals="17" methods="1" coveredmethods="1"/>
        <line num="2" count="6" type="stmt"/>
        <line num="4" count="6" type="stmt"/>
        <line num="37" count="6" type="stmt"/>
        <line num="38" count="6" type="cond" truecount="2" falsecount="0"/>
        <line num="39" count="1" type="cond" truecount="1" falsecount="1"/>
        <line num="40" count="1" type="stmt"/>
        <line num="42" count="1" type="cond" truecount="1" falsecount="1"/>
        <line num="43" count="1" type="stmt"/>
        <line num="48" count="6" type="stmt"/>
        <line num="50" count="6" type="stmt"/>
      </file>
    </package>
    <package name="constants">
      <metrics statements="11" coveredstatements="11" conditionals="0" coveredconditionals="0" methods="0" coveredmethods="0"/>
      <file name="index.js" path="C:\Users\Umair_Salah\Documents\GitHub\SmartBin\backend\src\constants\index.js">
        <metrics statements="11" coveredstatements="11" conditionals="0" coveredconditionals="0" methods="0" coveredmethods="0"/>
        <line num="4" count="10" type="stmt"/>
        <line num="13" count="10" type="stmt"/>
        <line num="20" count="10" type="stmt"/>
        <line num="26" count="10" type="stmt"/>
        <line num="35" count="10" type="stmt"/>
        <line num="53" count="10" type="stmt"/>
        <line num="65" count="10" type="stmt"/>
        <line num="66" count="10" type="stmt"/>
        <line num="67" count="10" type="stmt"/>
        <line num="68" count="10" type="stmt"/>
        <line num="70" count="10" type="stmt"/>
      </file>
    </package>
    <package name="controllers">
      <metrics statements="281" coveredstatements="261" conditionals="211" coveredconditionals="156" methods="34" coveredmethods="34"/>
      <file name="adminController.js" path="C:\Users\Umair_Salah\Documents\GitHub\SmartBin\backend\src\controllers\adminController.js">
        <metrics statements="148" coveredstatements="130" conditionals="125" coveredconditionals="81" methods="21" coveredmethods="21"/>
        <line num="1" count="23" type="stmt"/>
        <line num="3" count="23" type="stmt"/>
        <line num="4" count="23" type="stmt"/>
        <line num="6" count="23" type="stmt"/>
        <line num="7" count="23" type="stmt"/>
        <line num="9" count="3" type="stmt"/>
        <line num="12" count="23" type="stmt"/>
        <line num="13" count="23" type="stmt"/>
        <line num="15" count="2" type="stmt"/>
        <line num="18" count="23" type="stmt"/>
        <line num="19" count="6" type="stmt"/>
        <line num="20" count="6" type="stmt"/>
        <line num="21" count="6" type="stmt"/>
        <line num="22" count="6" type="stmt"/>
        <line num="23" count="6" type="stmt"/>
        <line num="24" count="6" type="stmt"/>
        <line num="26" count="6" type="stmt"/>
        <line num="44" count="5" type="stmt"/>
        <line num="45" count="15" type="stmt"/>
        <line num="46" count="5" type="stmt"/>
        <line num="47" count="10" type="cond" truecount="1" falsecount="1"/>
        <line num="48" count="10" type="stmt"/>
        <line num="52" count="5" type="stmt"/>
        <line num="57" count="5" type="stmt"/>
        <line num="58" count="5" type="stmt"/>
        <line num="67" count="5" type="stmt"/>
        <line num="68" count="35" type="stmt"/>
        <line num="69" count="35" type="stmt"/>
        <line num="70" count="35" type="stmt"/>
        <line num="71" count="35" type="stmt"/>
        <line num="72" count="35" type="stmt"/>
        <line num="75" count="5" type="stmt"/>
        <line num="76" count="5" type="stmt"/>
        <line num="77" count="5" type="cond" truecount="2" falsecount="2"/>
        <line num="78" count="0" type="stmt"/>
        <line num="82" count="5" type="stmt"/>
        <line num="83" count="5" type="cond" truecount="1" falsecount="1"/>
        <line num="84" count="5" type="stmt"/>
        <line num="85" count="5" type="stmt"/>
        <line num="89" count="4" type="cond" truecount="2" falsecount="0"/>
        <line num="90" count="3" type="stmt"/>
        <line num="91" count="6" type="cond" truecount="1" falsecount="1"/>
        <line num="92" count="6" type="stmt"/>
        <line num="96" count="1" type="stmt"/>
        <line num="100" count="5" type="stmt"/>
        <line num="101" count="5" type="cond" truecount="3" falsecount="1"/>
        <line num="102" count="5" type="cond" truecount="3" falsecount="1"/>
        <line num="103" count="5" type="cond" truecount="3" falsecount="1"/>
        <line num="104" count="5" type="cond" truecount="3" falsecount="1"/>
        <line num="105" count="5" type="stmt"/>
        <line num="106" count="5" type="stmt"/>
        <line num="110" count="4" type="cond" truecount="2" falsecount="0"/>
        <line num="111" count="3" type="stmt"/>
        <line num="112" count="6" type="cond" truecount="1" falsecount="1"/>
        <line num="113" count="6" type="stmt"/>
        <line num="118" count="1" type="stmt"/>
        <line num="123" count="5" type="stmt"/>
        <line num="133" count="15" type="cond" truecount="1" falsecount="1"/>
        <line num="141" count="1" type="stmt"/>
        <line num="142" count="1" type="stmt"/>
        <line num="146" count="23" type="stmt"/>
        <line num="147" count="2" type="stmt"/>
        <line num="148" count="2" type="stmt"/>
        <line num="149" count="1" type="stmt"/>
        <line num="151" count="1" type="stmt"/>
        <line num="152" count="1" type="stmt"/>
        <line num="156" count="23" type="stmt"/>
        <line num="157" count="2" type="stmt"/>
        <line num="158" count="2" type="cond" truecount="2" falsecount="0"/>
        <line num="159" count="1" type="stmt"/>
        <line num="160" count="1" type="stmt"/>
        <line num="162" count="0" type="stmt"/>
        <line num="163" count="0" type="stmt"/>
        <line num="167" count="23" type="stmt"/>
        <line num="168" count="2" type="stmt"/>
        <line num="169" count="2" type="cond" truecount="2" falsecount="0"/>
        <line num="170" count="1" type="stmt"/>
        <line num="171" count="1" type="stmt"/>
        <line num="173" count="0" type="stmt"/>
        <line num="174" count="0" type="stmt"/>
        <line num="178" count="23" type="stmt"/>
        <line num="179" count="1" type="stmt"/>
        <line num="180" count="1" type="stmt"/>
        <line num="185" count="1" type="stmt"/>
        <line num="187" count="0" type="stmt"/>
        <line num="188" count="0" type="stmt"/>
        <line num="192" count="23" type="stmt"/>
        <line num="193" count="1" type="stmt"/>
        <line num="194" count="1" type="stmt"/>
        <line num="195" count="1" type="stmt"/>
        <line num="197" count="0" type="stmt"/>
        <line num="198" count="0" type="stmt"/>
        <line num="202" count="23" type="stmt"/>
        <line num="203" count="2" type="stmt"/>
        <line num="204" count="2" type="cond" truecount="2" falsecount="0"/>
        <line num="205" count="1" type="stmt"/>
        <line num="206" count="1" type="stmt"/>
        <line num="208" count="1" type="stmt"/>
        <line num="209" count="1" type="stmt"/>
        <line num="211" count="0" type="stmt"/>
        <line num="212" count="0" type="stmt"/>
        <line num="216" count="23" type="stmt"/>
        <line num="217" count="2" type="stmt"/>
        <line num="218" count="2" type="cond" truecount="2" falsecount="0"/>
        <line num="219" count="1" type="stmt"/>
        <line num="220" count="1" type="stmt"/>
        <line num="222" count="1" type="stmt"/>
        <line num="223" count="1" type="stmt"/>
        <line num="225" count="0" type="stmt"/>
        <line num="226" count="0" type="stmt"/>
        <line num="231" count="2" type="stmt"/>
        <line num="232" count="2" type="stmt"/>
        <line num="265" count="2" type="stmt"/>
        <line num="287" count="23" type="stmt"/>
        <line num="288" count="5" type="cond" truecount="3" falsecount="1"/>
        <line num="289" count="5" type="stmt"/>
        <line num="290" count="5" type="cond" truecount="5" falsecount="0"/>
        <line num="291" count="1" type="stmt"/>
        <line num="294" count="4" type="cond" truecount="2" falsecount="0"/>
        <line num="295" count="1" type="stmt"/>
        <line num="299" count="3" type="stmt"/>
        <line num="300" count="3" type="stmt"/>
        <line num="302" count="1" type="stmt"/>
        <line num="303" count="1" type="stmt"/>
        <line num="306" count="2" type="stmt"/>
        <line num="307" count="2" type="stmt"/>
        <line num="308" count="2" type="cond" truecount="1" falsecount="1"/>
        <line num="309" count="2" type="cond" truecount="2" falsecount="0"/>
        <line num="310" count="2" type="cond" truecount="1" falsecount="1"/>
        <line num="311" count="0" type="cond" truecount="0" falsecount="2"/>
        <line num="312" count="0" type="stmt"/>
        <line num="315" count="2" type="cond" truecount="2" falsecount="0"/>
        <line num="316" count="1" type="stmt"/>
        <line num="332" count="1" type="stmt"/>
        <line num="333" count="1" type="cond" truecount="1" falsecount="1"/>
        <line num="334" count="1" type="cond" truecount="1" falsecount="1"/>
        <line num="335" count="1" type="cond" truecount="1" falsecount="1"/>
        <line num="336" count="0" type="cond" truecount="0" falsecount="6"/>
        <line num="339" count="1" type="cond" truecount="1" falsecount="1"/>
        <line num="340" count="1" type="stmt"/>
        <line num="342" count="1" type="stmt"/>
        <line num="353" count="1" type="stmt"/>
        <line num="354" count="1" type="stmt"/>
        <line num="355" count="1" type="cond" truecount="2" falsecount="0"/>
        <line num="356" count="1" type="cond" truecount="1" falsecount="1"/>
        <line num="358" count="1" type="stmt"/>
        <line num="376" count="0" type="stmt"/>
        <line num="377" count="0" type="stmt"/>
      </file>
      <file name="authController.js" path="C:\Users\Umair_Salah\Documents\GitHub\SmartBin\backend\src\controllers\authController.js">
        <metrics statements="11" coveredstatements="11" conditionals="4" coveredconditionals="4" methods="2" coveredmethods="2"/>
        <line num="1" count="1" type="stmt"/>
        <line num="3" count="1" type="stmt"/>
        <line num="4" count="2" type="stmt"/>
        <line num="6" count="2" type="cond" truecount="2" falsecount="0"/>
        <line num="7" count="1" type="stmt"/>
        <line num="10" count="1" type="stmt"/>
        <line num="13" count="1" type="stmt"/>
        <line num="14" count="2" type="stmt"/>
        <line num="16" count="2" type="cond" truecount="2" falsecount="0"/>
        <line num="17" count="1" type="stmt"/>
        <line num="20" count="1" type="stmt"/>
      </file>
      <file name="binController.js" path="C:\Users\Umair_Salah\Documents\GitHub\SmartBin\backend\src\controllers\binController.js">
        <metrics statements="38" coveredstatements="38" conditionals="24" coveredconditionals="21" methods="4" coveredmethods="4"/>
        <line num="2" count="1" type="stmt"/>
        <line num="3" count="1" type="stmt"/>
        <line num="4" count="1" type="stmt"/>
        <line num="5" count="1" type="stmt"/>
        <line num="8" count="1" type="stmt"/>
        <line num="9" count="2" type="stmt"/>
        <line num="12" count="2" type="cond" truecount="4" falsecount="0"/>
        <line num="13" count="1" type="stmt"/>
        <line num="18" count="1" type="stmt"/>
        <line num="24" count="1" type="stmt"/>
        <line num="31" count="1" type="stmt"/>
        <line num="32" count="7" type="stmt"/>
        <line num="33" count="7" type="stmt"/>
        <line num="36" count="7" type="cond" truecount="4" falsecount="0"/>
        <line num="37" count="1" type="stmt"/>
        <line num="42" count="6" type="cond" truecount="2" falsecount="0"/>
        <line num="43" count="1" type="stmt"/>
        <line num="48" count="5" type="cond" truecount="2" falsecount="0"/>
        <line num="49" count="1" type="stmt"/>
        <line num="54" count="4" type="stmt"/>
        <line num="55" count="4" type="cond" truecount="2" falsecount="0"/>
        <line num="56" count="1" type="stmt"/>
        <line num="62" count="3" type="cond" truecount="4" falsecount="0"/>
        <line num="63" count="1" type="stmt"/>
        <line num="68" count="2" type="stmt"/>
        <line num="69" count="2" type="cond" truecount="1" falsecount="1"/>
        <line num="72" count="2" type="stmt"/>
        <line num="73" count="2" type="stmt"/>
        <line num="75" count="2" type="stmt"/>
        <line num="82" count="1" type="stmt"/>
        <line num="83" count="1" type="stmt"/>
        <line num="87" count="1" type="stmt"/>
        <line num="88" count="2" type="cond" truecount="1" falsecount="1"/>
        <line num="89" count="2" type="cond" truecount="1" falsecount="1"/>
        <line num="90" count="2" type="stmt"/>
        <line num="91" count="2" type="stmt"/>
        <line num="93" count="2" type="stmt"/>
        <line num="105" count="1" type="stmt"/>
      </file>
      <file name="collectionController.js" path="C:\Users\Umair_Salah\Documents\GitHub\SmartBin\backend\src\controllers\collectionController.js">
        <metrics statements="46" coveredstatements="46" conditionals="20" coveredconditionals="17" methods="6" coveredmethods="6"/>
        <line num="2" count="1" type="stmt"/>
        <line num="3" count="1" type="stmt"/>
        <line num="4" count="1" type="stmt"/>
        <line num="5" count="1" type="stmt"/>
        <line num="6" count="1" type="stmt"/>
        <line num="9" count="1" type="stmt"/>
        <line num="10" count="5" type="stmt"/>
        <line num="11" count="5" type="stmt"/>
        <line num="13" count="5" type="cond" truecount="2" falsecount="0"/>
        <line num="14" count="1" type="stmt"/>
        <line num="20" count="4" type="cond" truecount="4" falsecount="0"/>
        <line num="21" count="1" type="stmt"/>
        <line num="26" count="3" type="cond" truecount="3" falsecount="1"/>
        <line num="27" count="1" type="stmt"/>
        <line num="33" count="2" type="stmt"/>
        <line num="38" count="2" type="cond" truecount="2" falsecount="0"/>
        <line num="39" count="1" type="stmt"/>
        <line num="44" count="1" type="stmt"/>
        <line num="50" count="1" type="stmt"/>
        <line num="57" count="1" type="stmt"/>
        <line num="58" count="3" type="stmt"/>
        <line num="59" count="3" type="stmt"/>
        <line num="62" count="3" type="cond" truecount="2" falsecount="0"/>
        <line num="63" count="1" type="stmt"/>
        <line num="68" count="2" type="stmt"/>
        <line num="69" count="2" type="cond" truecount="2" falsecount="0"/>
        <line num="70" count="1" type="stmt"/>
        <line num="75" count="1" type="stmt"/>
        <line num="76" count="1" type="stmt"/>
        <line num="79" count="1" type="cond" truecount="1" falsecount="1"/>
        <line num="80" count="1" type="stmt"/>
        <line num="81" count="1" type="cond" truecount="1" falsecount="1"/>
        <line num="82" count="1" type="stmt"/>
        <line num="83" count="1" type="stmt"/>
        <line num="87" count="1" type="stmt"/>
        <line num="94" count="1" type="stmt"/>
        <line num="95" count="1" type="stmt"/>
        <line num="104" count="1" type="stmt"/>
        <line num="108" count="1" type="stmt"/>
        <line num="109" count="1" type="stmt"/>
        <line num="119" count="1" type="stmt"/>
        <line num="123" count="1" type="stmt"/>
        <line num="125" count="1" type="stmt"/>
        <line num="126" count="2" type="stmt"/>
        <line num="127" count="1" type="stmt"/>
        <line num="130" count="1" type="stmt"/>
      </file>
      <file name="userController.js" path="C:\Users\Umair_Salah\Documents\GitHub\SmartBin\backend\src\controllers\userController.js">
        <metrics statements="38" coveredstatements="36" conditionals="38" coveredconditionals="33" methods="1" coveredmethods="1"/>
        <line num="1" count="1" type="stmt"/>
        <line num="2" count="1" type="stmt"/>
        <line num="3" count="1" type="stmt"/>
        <line num="4" count="1" type="stmt"/>
        <line num="7" count="1" type="stmt"/>
        <line num="8" count="5" type="stmt"/>
        <line num="9" count="5" type="cond" truecount="2" falsecount="0"/>
        <line num="10" count="1" type="stmt"/>
        <line num="15" count="4" type="cond" truecount="2" falsecount="0"/>
        <line num="16" count="1" type="stmt"/>
        <line num="21" count="3" type="cond" truecount="1" falsecount="1"/>
        <line num="23" count="3" type="cond" truecount="2" falsecount="0"/>
        <line num="24" count="2" type="stmt"/>
        <line num="25" count="2" type="cond" truecount="4" falsecount="0"/>
        <line num="26" count="1" type="stmt"/>
        <line num="30" count="1" type="stmt"/>
        <line num="33" count="2" type="cond" truecount="3" falsecount="1"/>
        <line num="34" count="2" type="stmt"/>
        <line num="38" count="2" type="cond" truecount="2" falsecount="0"/>
        <line num="39" count="1" type="stmt"/>
        <line num="41" count="2" type="cond" truecount="2" falsecount="0"/>
        <line num="42" count="1" type="stmt"/>
        <line num="44" count="2" type="cond" truecount="2" falsecount="0"/>
        <line num="45" count="1" type="stmt"/>
        <line num="48" count="2" type="cond" truecount="3" falsecount="1"/>
        <line num="49" count="2" type="stmt"/>
        <line num="50" count="2" type="stmt"/>
        <line num="52" count="2" type="cond" truecount="6" falsecount="0"/>
        <line num="54" count="1" type="stmt"/>
        <line num="55" count="1" type="stmt"/>
        <line num="56" count="1" type="cond" truecount="1" falsecount="1"/>
        <line num="57" count="0" type="stmt"/>
        <line num="58" count="0" type="stmt"/>
        <line num="60" count="1" type="stmt"/>
        <line num="68" count="1" type="stmt"/>
        <line num="69" count="1" type="stmt"/>
        <line num="72" count="1" type="stmt"/>
        <line num="74" count="1" type="stmt"/>
      </file>
    </package>
    <package name="middlewares">
      <metrics statements="109" coveredstatements="109" conditionals="77" coveredconditionals="76" methods="23" coveredmethods="23"/>
      <file name="authMiddleware.js" path="C:\Users\Umair_Salah\Documents\GitHub\SmartBin\backend\src\middlewares\authMiddleware.js">
        <metrics statements="19" coveredstatements="19" conditionals="10" coveredconditionals="9" methods="1" coveredmethods="1"/>
        <line num="1" count="5" type="stmt"/>
        <line num="2" count="5" type="stmt"/>
        <line num="4" count="5" type="cond" truecount="1" falsecount="1"/>
        <line num="10" count="5" type="stmt"/>
        <line num="11" count="5" type="stmt"/>
        <line num="12" count="5" type="cond" truecount="2" falsecount="0"/>
        <line num="13" count="5" type="cond" truecount="4" falsecount="0"/>
        <line num="14" count="1" type="stmt"/>
        <line num="16" count="4" type="stmt"/>
        <line num="18" count="4" type="stmt"/>
        <line num="19" count="4" type="stmt"/>
        <line num="21" count="1" type="stmt"/>
        <line num="24" count="3" type="stmt"/>
        <line num="25" count="2" type="cond" truecount="2" falsecount="0"/>
        <line num="26" count="1" type="stmt"/>
        <line num="29" count="1" type="stmt"/>
        <line num="30" count="1" type="stmt"/>
        <line num="32" count="1" type="stmt"/>
        <line num="33" count="1" type="stmt"/>
      </file>
      <file name="errorMiddleware.js" path="C:\Users\Umair_Salah\Documents\GitHub\SmartBin\backend\src\middlewares\errorMiddleware.js">
        <metrics statements="28" coveredstatements="28" conditionals="12" coveredconditionals="12" methods="6" coveredmethods="6"/>
        <line num="2" count="4" type="stmt"/>
        <line num="3" count="4" type="stmt"/>
        <line num="9" count="4" type="stmt"/>
        <line num="10" count="6" type="stmt"/>
        <line num="19" count="6" type="cond" truecount="2" falsecount="0"/>
        <line num="21" count="2" type="stmt"/>
        <line num="22" count="1" type="stmt"/>
        <line num="27" count="5" type="cond" truecount="2" falsecount="0"/>
        <line num="29" count="1" type="stmt"/>
        <line num="34" count="4" type="cond" truecount="2" falsecount="0"/>
        <line num="36" count="1" type="stmt"/>
        <line num="37" count="1" type="stmt"/>
        <line num="42" count="3" type="cond" truecount="2" falsecount="0"/>
        <line num="43" count="1" type="stmt"/>
        <line num="48" count="2" type="cond" truecount="2" falsecount="0"/>
        <line num="49" count="1" type="stmt"/>
        <line num="55" count="1" type="stmt"/>
        <line num="63" count="4" type="stmt"/>
        <line num="64" count="1" type="stmt"/>
        <line num="73" count="4" type="stmt"/>
        <line num="74" count="10" type="stmt"/>
        <line num="75" count="27" type="stmt"/>
        <line num="84" count="1" type="stmt"/>
        <line num="85" count="1" type="stmt"/>
        <line num="86" count="1" type="stmt"/>
        <line num="87" count="1" type="stmt"/>
        <line num="89" count="1" type="stmt"/>
        <line num="93" count="4" type="stmt"/>
      </file>
      <file name="roleMiddleware.js" path="C:\Users\Umair_Salah\Documents\GitHub\SmartBin\backend\src\middlewares\roleMiddleware.js">
        <metrics statements="11" coveredstatements="11" conditionals="6" coveredconditionals="6" methods="5" coveredmethods="5"/>
        <line num="4" count="6" type="cond" truecount="2" falsecount="0"/>
        <line num="6" count="6" type="stmt"/>
        <line num="7" count="6" type="cond" truecount="2" falsecount="0"/>
        <line num="8" count="1" type="stmt"/>
        <line num="11" count="5" type="cond" truecount="2" falsecount="0"/>
        <line num="12" count="3" type="stmt"/>
        <line num="17" count="2" type="stmt"/>
        <line num="22" count="1" type="stmt"/>
        <line num="23" count="1" type="stmt"/>
        <line num="24" count="1" type="stmt"/>
        <line num="26" count="1" type="stmt"/>
      </file>
      <file name="validationMiddleware.js" path="C:\Users\Umair_Salah\Documents\GitHub\SmartBin\backend\src\middlewares\validationMiddleware.js">
        <metrics statements="51" coveredstatements="51" conditionals="49" coveredconditionals="49" methods="11" coveredmethods="11"/>
        <line num="2" count="1" type="stmt"/>
        <line num="3" count="1" type="stmt"/>
        <line num="8" count="1" type="stmt"/>
        <line num="9" count="2" type="cond" truecount="4" falsecount="0"/>
        <line num="10" count="1" type="stmt"/>
        <line num="14" count="1" type="stmt"/>
        <line num="21" count="1" type="stmt"/>
        <line num="22" count="2" type="stmt"/>
        <line num="23" count="4" type="stmt"/>
        <line num="25" count="2" type="cond" truecount="2" falsecount="0"/>
        <line num="26" count="1" type="stmt"/>
        <line num="31" count="1" type="stmt"/>
        <line num="38" count="1" type="stmt"/>
        <line num="39" count="3" type="cond" truecount="5" falsecount="0"/>
        <line num="40" count="2" type="stmt"/>
        <line num="41" count="2" type="cond" truecount="4" falsecount="0"/>
        <line num="42" count="1" type="stmt"/>
        <line num="47" count="2" type="stmt"/>
        <line num="56" count="1" type="cond" truecount="1" falsecount="0"/>
        <line num="57" count="4" type="stmt"/>
        <line num="58" count="4" type="stmt"/>
        <line num="60" count="4" type="cond" truecount="4" falsecount="0"/>
        <line num="61" count="1" type="stmt"/>
        <line num="64" count="3" type="cond" truecount="2" falsecount="0"/>
        <line num="65" count="1" type="stmt"/>
        <line num="70" count="2" type="cond" truecount="2" falsecount="0"/>
        <line num="71" count="1" type="stmt"/>
        <line num="76" count="1" type="stmt"/>
        <line num="85" count="1" type="cond" truecount="1" falsecount="0"/>
        <line num="86" count="6" type="cond" truecount="4" falsecount="0"/>
        <line num="88" count="6" type="stmt"/>
        <line num="89" count="6" type="stmt"/>
        <line num="91" count="6" type="cond" truecount="4" falsecount="0"/>
        <line num="92" count="1" type="stmt"/>
        <line num="95" count="5" type="cond" truecount="2" falsecount="0"/>
        <line num="96" count="1" type="stmt"/>
        <line num="101" count="4" type="cond" truecount="4" falsecount="0"/>
        <line num="102" count="1" type="stmt"/>
        <line num="107" count="3" type="cond" truecount="4" falsecount="0"/>
        <line num="108" count="1" type="stmt"/>
        <line num="113" count="2" type="cond" truecount="4" falsecount="0"/>
        <line num="114" count="1" type="stmt"/>
        <line num="119" count="1" type="stmt"/>
        <line num="127" count="1" type="stmt"/>
        <line num="128" count="2" type="stmt"/>
        <line num="129" count="2" type="stmt"/>
        <line num="130" count="2" type="stmt"/>
        <line num="132" count="2" type="cond" truecount="2" falsecount="0"/>
        <line num="133" count="1" type="stmt"/>
        <line num="138" count="1" type="stmt"/>
        <line num="142" count="1" type="stmt"/>
      </file>
    </package>
    <package name="models">
      <metrics statements="37" coveredstatements="36" conditionals="2" coveredconditionals="2" methods="5" coveredmethods="5"/>
      <file name="Bin.js" path="C:\Users\Umair_Salah\Documents\GitHub\SmartBin\backend\src\models\Bin.js">
        <metrics statements="12" coveredstatements="12" conditionals="0" coveredconditionals="0" methods="2" coveredmethods="2"/>
        <line num="2" count="2" type="stmt"/>
        <line num="3" count="2" type="stmt"/>
        <line num="5" count="2" type="stmt"/>
        <line num="31" count="2" type="stmt"/>
        <line num="32" count="2" type="stmt"/>
        <line num="33" count="2" type="stmt"/>
        <line num="36" count="2" type="stmt"/>
        <line num="37" count="3" type="stmt"/>
        <line num="41" count="2" type="stmt"/>
        <line num="42" count="3" type="stmt"/>
        <line num="46" count="2" type="stmt"/>
        <line num="48" count="2" type="stmt"/>
      </file>
      <file name="CollectionRequest.js" path="C:\Users\Umair_Salah\Documents\GitHub\SmartBin\backend\src\models\CollectionRequest.js">
        <metrics statements="6" coveredstatements="6" conditionals="0" coveredconditionals="0" methods="0" coveredmethods="0"/>
        <line num="2" count="1" type="stmt"/>
        <line num="3" count="1" type="stmt"/>
        <line num="5" count="1" type="stmt"/>
        <line num="53" count="1" type="stmt"/>
        <line num="54" count="1" type="stmt"/>
        <line num="56" count="1" type="stmt"/>
      </file>
      <file name="User.js" path="C:\Users\Umair_Salah\Documents\GitHub\SmartBin\backend\src\models\User.js">
        <metrics statements="19" coveredstatements="18" conditionals="2" coveredconditionals="2" methods="3" coveredmethods="3"/>
        <line num="1" count="3" type="stmt"/>
        <line num="2" count="3" type="stmt"/>
        <line num="3" count="3" type="stmt"/>
        <line num="4" count="3" type="stmt"/>
        <line num="6" count="3" type="stmt"/>
        <line num="64" count="3" type="stmt"/>
        <line num="65" count="13" type="cond" truecount="2" falsecount="0"/>
        <line num="66" count="12" type="stmt"/>
        <line num="67" count="12" type="stmt"/>
        <line num="68" count="12" type="stmt"/>
        <line num="69" count="12" type="stmt"/>
        <line num="71" count="0" type="stmt"/>
        <line num="76" count="3" type="stmt"/>
        <line num="77" count="3" type="stmt"/>
        <line num="81" count="3" type="stmt"/>
        <line num="82" count="1" type="stmt"/>
        <line num="83" count="1" type="stmt"/>
        <line num="84" count="1" type="stmt"/>
        <line num="87" count="3" type="stmt"/>
      </file>
    </package>
    <package name="routes">
      <metrics statements="56" coveredstatements="0" conditionals="2" coveredconditionals="0" methods="1" coveredmethods="0"/>
      <file name="adminRoutes.js" path="C:\Users\Umair_Salah\Documents\GitHub\SmartBin\backend\src\routes\adminRoutes.js">
        <metrics statements="17" coveredstatements="0" conditionals="2" coveredconditionals="0" methods="1" coveredmethods="0"/>
        <line num="1" count="0" type="stmt"/>
        <line num="2" count="0" type="stmt"/>
        <line num="3" count="0" type="stmt"/>
        <line num="5" count="0" type="stmt"/>
        <line num="8" count="0" type="cond" truecount="0" falsecount="2"/>
        <line num="9" count="0" type="stmt"/>
        <line num="11" count="0" type="stmt"/>
        <line num="14" count="0" type="stmt"/>
        <line num="15" count="0" type="stmt"/>
        <line num="16" count="0" type="stmt"/>
        <line num="17" count="0" type="stmt"/>
        <line num="18" count="0" type="stmt"/>
        <line num="19" count="0" type="stmt"/>
        <line num="20" count="0" type="stmt"/>
        <line num="21" count="0" type="stmt"/>
        <line num="22" count="0" type="stmt"/>
        <line num="24" count="0" type="stmt"/>
      </file>
      <file name="authRoutes.js" path="C:\Users\Umair_Salah\Documents\GitHub\SmartBin\backend\src\routes\authRoutes.js">
        <metrics statements="8" coveredstatements="0" conditionals="0" coveredconditionals="0" methods="0" coveredmethods="0"/>
        <line num="1" count="0" type="stmt"/>
        <line num="2" count="0" type="stmt"/>
        <line num="3" count="0" type="stmt"/>
        <line num="4" count="0" type="stmt"/>
        <line num="5" count="0" type="stmt"/>
        <line num="8" count="0" type="stmt"/>
        <line num="14" count="0" type="stmt"/>
        <line num="20" count="0" type="stmt"/>
      </file>
      <file name="binRoutes.js" path="C:\Users\Umair_Salah\Documents\GitHub\SmartBin\backend\src\routes\binRoutes.js">
        <metrics statements="11" coveredstatements="0" conditionals="0" coveredconditionals="0" methods="0" coveredmethods="0"/>
        <line num="1" count="0" type="stmt"/>
        <line num="2" count="0" type="stmt"/>
        <line num="3" count="0" type="stmt"/>
        <line num="4" count="0" type="stmt"/>
        <line num="5" count="0" type="stmt"/>
        <line num="6" count="0" type="stmt"/>
        <line num="7" count="0" type="stmt"/>
        <line num="10" count="0" type="stmt"/>
        <line num="18" count="0" type="stmt"/>
        <line num="28" count="0" type="stmt"/>
        <line num="30" count="0" type="stmt"/>
      </file>
      <file name="collectionRoutes.js" path="C:\Users\Umair_Salah\Documents\GitHub\SmartBin\backend\src\routes\collectionRoutes.js">
        <metrics statements="14" coveredstatements="0" conditionals="0" coveredconditionals="0" methods="0" coveredmethods="0"/>
        <line num="1" count="0" type="stmt"/>
        <line num="2" count="0" type="stmt"/>
        <line num="3" count="0" type="stmt"/>
        <line num="4" count="0" type="stmt"/>
        <line num="5" count="0" type="stmt"/>
        <line num="6" count="0" type="stmt"/>
        <line num="7" count="0" type="stmt"/>
        <line num="8" count="0" type="stmt"/>
        <line num="11" count="0" type="stmt"/>
        <line num="20" count="0" type="stmt"/>
        <line num="31" count="0" type="stmt"/>
        <line num="34" count="0" type="stmt"/>
        <line num="37" count="0" type="stmt"/>
        <line num="39" count="0" type="stmt"/>
      </file>
      <file name="userRoutes.js" path="C:\Users\Umair_Salah\Documents\GitHub\SmartBin\backend\src\routes\userRoutes.js">
        <metrics statements="6" coveredstatements="0" conditionals="0" coveredconditionals="0" methods="0" coveredmethods="0"/>
        <line num="1" count="0" type="stmt"/>
        <line num="2" count="0" type="stmt"/>
        <line num="3" count="0" type="stmt"/>
        <line num="4" count="0" type="stmt"/>
        <line num="7" count="0" type="stmt"/>
        <line num="9" count="0" type="stmt"/>
      </file>
    </package>
    <package name="services">
      <metrics statements="62" coveredstatements="59" conditionals="46" coveredconditionals="42" methods="4" coveredmethods="4"/>
      <file name="authService.js" path="C:\Users\Umair_Salah\Documents\GitHub\SmartBin\backend\src\services\authService.js">
        <metrics statements="62" coveredstatements="59" conditionals="46" coveredconditionals="42" methods="4" coveredmethods="4"/>
        <line num="2" count="2" type="stmt"/>
        <line num="3" count="2" type="stmt"/>
        <line num="4" count="2" type="stmt"/>
        <line num="5" count="2" type="stmt"/>
        <line num="6" count="2" type="stmt"/>
        <line num="15" count="8" type="stmt"/>
        <line num="28" count="17" type="stmt"/>
        <line num="31" count="17" type="cond" truecount="6" falsecount="0"/>
        <line num="32" count="1" type="stmt"/>
        <line num="40" count="16" type="stmt"/>
        <line num="41" count="16" type="cond" truecount="4" falsecount="0"/>
        <line num="42" count="1" type="stmt"/>
        <line num="50" count="15" type="cond" truecount="2" falsecount="0"/>
        <line num="51" count="1" type="stmt"/>
        <line num="59" count="14" type="cond" truecount="2" falsecount="0"/>
        <line num="60" count="1" type="stmt"/>
        <line num="68" count="13" type="cond" truecount="2" falsecount="0"/>
        <line num="69" count="1" type="stmt"/>
        <line num="77" count="12" type="stmt"/>
        <line num="78" count="12" type="cond" truecount="2" falsecount="0"/>
        <line num="79" count="2" type="stmt"/>
        <line num="87" count="10" type="stmt"/>
        <line num="95" count="10" type="cond" truecount="4" falsecount="0"/>
        <line num="96" count="2" type="stmt"/>
        <line num="103" count="2" type="cond" truecount="3" falsecount="1"/>
        <line num="104" count="2" type="cond" truecount="2" falsecount="0"/>
        <line num="105" count="1" type="stmt"/>
        <line num="106" count="1" type="stmt"/>
        <line num="108" count="1" type="stmt"/>
        <line num="117" count="9" type="stmt"/>
        <line num="129" count="9" type="stmt"/>
        <line num="130" count="9" type="stmt"/>
        <line num="131" count="9" type="cond" truecount="2" falsecount="0"/>
        <line num="132" count="1" type="stmt"/>
        <line num="135" count="8" type="stmt"/>
        <line num="136" count="7" type="stmt"/>
        <line num="138" count="7" type="cond" truecount="1" falsecount="1"/>
        <line num="139" count="0" type="stmt"/>
        <line num="142" count="7" type="stmt"/>
        <line num="157" count="1" type="stmt"/>
        <line num="159" count="1" type="cond" truecount="1" falsecount="1"/>
        <line num="160" count="0" type="stmt"/>
        <line num="167" count="1" type="stmt"/>
        <line num="181" count="6" type="stmt"/>
        <line num="182" count="6" type="stmt"/>
        <line num="185" count="6" type="cond" truecount="4" falsecount="0"/>
        <line num="186" count="1" type="stmt"/>
        <line num="194" count="5" type="cond" truecount="2" falsecount="0"/>
        <line num="195" count="1" type="stmt"/>
        <line num="203" count="4" type="stmt"/>
        <line num="204" count="3" type="cond" truecount="2" falsecount="0"/>
        <line num="205" count="1" type="stmt"/>
        <line num="213" count="2" type="stmt"/>
        <line num="214" count="2" type="cond" truecount="2" falsecount="0"/>
        <line num="215" count="1" type="stmt"/>
        <line num="223" count="1" type="stmt"/>
        <line num="225" count="1" type="cond" truecount="1" falsecount="1"/>
        <line num="226" count="0" type="stmt"/>
        <line num="229" count="1" type="stmt"/>
        <line num="244" count="1" type="stmt"/>
        <line num="245" count="1" type="stmt"/>
        <line num="254" count="2" type="stmt"/>
      </file>
    </package>
    <package name="utils">
      <metrics statements="17" coveredstatements="17" conditionals="23" coveredconditionals="23" methods="6" coveredmethods="6"/>
      <file name="validation.js" path="C:\Users\Umair_Salah\Documents\GitHub\SmartBin\backend\src\utils\validation.js">
        <metrics statements="17" coveredstatements="17" conditionals="23" coveredconditionals="23" methods="6" coveredmethods="6"/>
        <line num="2" count="8" type="stmt"/>
        <line num="3" count="23" type="stmt"/>
        <line num="4" count="23" type="stmt"/>
        <line num="7" count="8" type="stmt"/>
        <line num="9" count="18" type="cond" truecount="4" falsecount="0"/>
        <line num="12" count="8" type="stmt"/>
        <line num="13" count="8" type="stmt"/>
        <line num="23" count="8" type="cond" truecount="1" falsecount="0"/>
        <line num="24" count="31" type="cond" truecount="2" falsecount="0"/>
        <line num="25" count="29" type="stmt"/>
        <line num="28" count="8" type="cond" truecount="1" falsecount="0"/>
        <line num="29" count="5" type="cond" truecount="4" falsecount="0"/>
        <line num="33" count="8" type="cond" truecount="1" falsecount="0"/>
        <line num="34" count="49" type="stmt"/>
        <line num="35" count="49" type="cond" truecount="2" falsecount="0"/>
        <line num="36" count="49" type="stmt"/>
        <line num="39" count="8" type="stmt"/>
      </file>
    </package>
  </project>
</coverage>
