{"C:\\Users\\Umair_Salah\\Documents\\GitHub\\SmartBin\\backend\\src\\config\\index.js": {"path":"C:\\Users\\Umair_Salah\\Documents\\GitHub\\SmartBin\\backend\\src\\config\\index.js","statementMap":{"0":{"start":{"line":2,"column":0},"end":{"line":2,"column":27}},"1":{"start":{"line":4,"column":15},"end":{"line":34,"column":1}},"2":{"start":{"line":37,"column":23},"end":{"line":46,"column":1}},"3":{"start":{"line":38,"column":2},"end":{"line":45,"column":3}},"4":{"start":{"line":39,"column":4},"end":{"line":41,"column":5}},"5":{"start":{"line":40,"column":6},"end":{"line":40,"column":71}},"6":{"start":{"line":42,"column":4},"end":{"line":44,"column":5}},"7":{"start":{"line":43,"column":6},"end":{"line":43,"column":75}},"8":{"start":{"line":48,"column":0},"end":{"line":48,"column":17}},"9":{"start":{"line":50,"column":0},"end":{"line":50,"column":24}}},"fnMap":{"0":{"name":"(anonymous_0)","decl":{"start":{"line":37,"column":23},"end":{"line":37,"column":24}},"loc":{"start":{"line":37,"column":29},"end":{"line":46,"column":1}},"line":37}},"branchMap":{"0":{"loc":{"start":{"line":6,"column":8},"end":{"line":6,"column":32}},"type":"binary-expr","locations":[{"start":{"line":6,"column":8},"end":{"line":6,"column":24}},{"start":{"line":6,"column":28},"end":{"line":6,"column":32}}],"line":6},"1":{"loc":{"start":{"line":7,"column":11},"end":{"line":7,"column":48}},"type":"binary-expr","locations":[{"start":{"line":7,"column":11},"end":{"line":7,"column":31}},{"start":{"line":7,"column":35},"end":{"line":7,"column":48}}],"line":7},"2":{"loc":{"start":{"line":10,"column":12},"end":{"line":10,"column":73}},"type":"binary-expr","locations":[{"start":{"line":10,"column":12},"end":{"line":10,"column":33}},{"start":{"line":10,"column":37},"end":{"line":10,"column":73}}],"line":10},"3":{"loc":{"start":{"line":14,"column":12},"end":{"line":14,"column":49}},"type":"binary-expr","locations":[{"start":{"line":14,"column":12},"end":{"line":14,"column":34}},{"start":{"line":14,"column":38},"end":{"line":14,"column":49}}],"line":14},"4":{"loc":{"start":{"line":15,"column":15},"end":{"line":15,"column":46}},"type":"binary-expr","locations":[{"start":{"line":15,"column":15},"end":{"line":15,"column":38}},{"start":{"line":15,"column":42},"end":{"line":15,"column":46}}],"line":15},"5":{"loc":{"start":{"line":16,"column":16},"end":{"line":16,"column":49}},"type":"binary-expr","locations":[{"start":{"line":16,"column":16},"end":{"line":16,"column":38}},{"start":{"line":16,"column":42},"end":{"line":16,"column":49}}],"line":16},"6":{"loc":{"start":{"line":21,"column":16},"end":{"line":21,"column":62}},"type":"binary-expr","locations":[{"start":{"line":21,"column":16},"end":{"line":21,"column":56}},{"start":{"line":21,"column":60},"end":{"line":21,"column":62}}],"line":21},"7":{"loc":{"start":{"line":38,"column":2},"end":{"line":45,"column":3}},"type":"if","locations":[{"start":{"line":38,"column":2},"end":{"line":45,"column":3}},{"start":{},"end":{}}],"line":38},"8":{"loc":{"start":{"line":39,"column":4},"end":{"line":41,"column":5}},"type":"if","locations":[{"start":{"line":39,"column":4},"end":{"line":41,"column":5}},{"start":{},"end":{}}],"line":39},"9":{"loc":{"start":{"line":42,"column":4},"end":{"line":44,"column":5}},"type":"if","locations":[{"start":{"line":42,"column":4},"end":{"line":44,"column":5}},{"start":{},"end":{}}],"line":42}},"s":{"0":6,"1":6,"2":6,"3":6,"4":1,"5":1,"6":1,"7":1,"8":6,"9":6},"f":{"0":6},"b":{"0":[6,2],"1":[6,0],"2":[6,3],"3":[6,2],"4":[6,2],"5":[6,5],"6":[6,5],"7":[1,5],"8":[1,0],"9":[1,0]},"_coverageSchema":"1a1c01bbd47fc00a2c39e90264f33305004495a9","hash":"431d7d72de1e9da49b4cffe837d0923e300b779e"}
,"C:\\Users\\Umair_Salah\\Documents\\GitHub\\SmartBin\\backend\\src\\constants\\index.js": {"path":"C:\\Users\\Umair_Salah\\Documents\\GitHub\\SmartBin\\backend\\src\\constants\\index.js","statementMap":{"0":{"start":{"line":4,"column":18},"end":{"line":10,"column":1}},"1":{"start":{"line":13,"column":19},"end":{"line":17,"column":1}},"2":{"start":{"line":20,"column":26},"end":{"line":23,"column":1}},"3":{"start":{"line":26,"column":24},"end":{"line":32,"column":1}},"4":{"start":{"line":35,"column":26},"end":{"line":50,"column":1}},"5":{"start":{"line":53,"column":20},"end":{"line":62,"column":1}},"6":{"start":{"line":65,"column":24},"end":{"line":65,"column":48}},"7":{"start":{"line":66,"column":25},"end":{"line":66,"column":50}},"8":{"start":{"line":67,"column":32},"end":{"line":67,"column":64}},"9":{"start":{"line":68,"column":34},"end":{"line":68,"column":77}},"10":{"start":{"line":70,"column":0},"end":{"line":81,"column":2}}},"fnMap":{},"branchMap":{},"s":{"0":10,"1":10,"2":10,"3":10,"4":10,"5":10,"6":10,"7":10,"8":10,"9":10,"10":10},"f":{},"b":{},"_coverageSchema":"1a1c01bbd47fc00a2c39e90264f33305004495a9","hash":"b86e9c8a4d2937a221643b3cc2942b0d48a645ce"}
,"C:\\Users\\Umair_Salah\\Documents\\GitHub\\SmartBin\\backend\\src\\controllers\\adminController.js": {"path":"C:\\Users\\Umair_Salah\\Documents\\GitHub\\SmartBin\\backend\\src\\controllers\\adminController.js","statementMap":{"0":{"start":{"line":1,"column":13},"end":{"line":1,"column":38}},"1":{"start":{"line":3,"column":10},"end":{"line":3,"column":14}},"2":{"start":{"line":4,"column":17},"end":{"line":4,"column":21}},"3":{"start":{"line":6,"column":0},"end":{"line":10,"column":1}},"4":{"start":{"line":7,"column":2},"end":{"line":7,"column":33}},"5":{"start":{"line":9,"column":2},"end":{"line":9,"column":13}},"6":{"start":{"line":12,"column":0},"end":{"line":16,"column":1}},"7":{"start":{"line":13,"column":2},"end":{"line":13,"column":47}},"8":{"start":{"line":15,"column":2},"end":{"line":15,"column":20}},"9":{"start":{"line":18,"column":0},"end":{"line":144,"column":2}},"10":{"start":{"line":19,"column":2},"end":{"line":143,"column":3}},"11":{"start":{"line":20,"column":23},"end":{"line":20,"column":24}},"12":{"start":{"line":21,"column":16},"end":{"line":21,"column":26}},"13":{"start":{"line":22,"column":24},"end":{"line":22,"column":37}},"14":{"start":{"line":23,"column":4},"end":{"line":23,"column":58}},"15":{"start":{"line":24,"column":4},"end":{"line":24,"column":37}},"16":{"start":{"line":26,"column":70},"end":{"line":42,"column":6}},"17":{"start":{"line":44,"column":22},"end":{"line":44,"column":56}},"18":{"start":{"line":45,"column":20},"end":{"line":45,"column":80}},"19":{"start":{"line":45,"column":53},"end":{"line":45,"column":74}},"20":{"start":{"line":46,"column":4},"end":{"line":50,"column":7}},"21":{"start":{"line":47,"column":6},"end":{"line":49,"column":7}},"22":{"start":{"line":48,"column":8},"end":{"line":48,"column":29}},"23":{"start":{"line":52,"column":42},"end":{"line":55,"column":6}},"24":{"start":{"line":57,"column":20},"end":{"line":57,"column":22}},"25":{"start":{"line":58,"column":31},"end":{"line":65,"column":5}},"26":{"start":{"line":67,"column":4},"end":{"line":73,"column":5}},"27":{"start":{"line":67,"column":17},"end":{"line":67,"column":18}},"28":{"start":{"line":68,"column":18},"end":{"line":68,"column":39}},"29":{"start":{"line":69,"column":6},"end":{"line":69,"column":45}},"30":{"start":{"line":70,"column":18},"end":{"line":70,"column":48}},"31":{"start":{"line":71,"column":6},"end":{"line":71,"column":24}},"32":{"start":{"line":72,"column":6},"end":{"line":72,"column":106}},"33":{"start":{"line":75,"column":4},"end":{"line":80,"column":7}},"34":{"start":{"line":76,"column":23},"end":{"line":76,"column":47}},"35":{"start":{"line":77,"column":6},"end":{"line":79,"column":7}},"36":{"start":{"line":78,"column":8},"end":{"line":78,"column":62}},"37":{"start":{"line":82,"column":29},"end":{"line":82,"column":33}},"38":{"start":{"line":83,"column":4},"end":{"line":98,"column":5}},"39":{"start":{"line":84,"column":6},"end":{"line":97,"column":7}},"40":{"start":{"line":85,"column":30},"end":{"line":88,"column":10}},"41":{"start":{"line":89,"column":8},"end":{"line":94,"column":9}},"42":{"start":{"line":90,"column":10},"end":{"line":93,"column":12}},"43":{"start":{"line":91,"column":51},"end":{"line":91,"column":80}},"44":{"start":{"line":92,"column":53},"end":{"line":92,"column":58}},"45":{"start":{"line":96,"column":8},"end":{"line":96,"column":69}},"46":{"start":{"line":100,"column":20},"end":{"line":100,"column":24}},"47":{"start":{"line":101,"column":4},"end":{"line":121,"column":5}},"48":{"start":{"line":102,"column":25},"end":{"line":102,"column":105}},"49":{"start":{"line":103,"column":24},"end":{"line":103,"column":102}},"50":{"start":{"line":104,"column":6},"end":{"line":120,"column":7}},"51":{"start":{"line":105,"column":8},"end":{"line":119,"column":9}},"52":{"start":{"line":106,"column":25},"end":{"line":109,"column":12}},"53":{"start":{"line":110,"column":10},"end":{"line":116,"column":11}},"54":{"start":{"line":111,"column":12},"end":{"line":115,"column":14}},"55":{"start":{"line":112,"column":46},"end":{"line":112,"column":75}},"56":{"start":{"line":113,"column":48},"end":{"line":113,"column":53}},"57":{"start":{"line":118,"column":10},"end":{"line":118,"column":64}},"58":{"start":{"line":123,"column":4},"end":{"line":139,"column":7}},"59":{"start":{"line":133,"column":42},"end":{"line":133,"column":60}},"60":{"start":{"line":141,"column":4},"end":{"line":141,"column":45}},"61":{"start":{"line":142,"column":4},"end":{"line":142,"column":77}},"62":{"start":{"line":146,"column":0},"end":{"line":154,"column":2}},"63":{"start":{"line":147,"column":2},"end":{"line":153,"column":3}},"64":{"start":{"line":148,"column":18},"end":{"line":148,"column":71}},"65":{"start":{"line":149,"column":4},"end":{"line":149,"column":20}},"66":{"start":{"line":151,"column":4},"end":{"line":151,"column":48}},"67":{"start":{"line":152,"column":4},"end":{"line":152,"column":73}},"68":{"start":{"line":156,"column":0},"end":{"line":165,"column":2}},"69":{"start":{"line":157,"column":2},"end":{"line":164,"column":3}},"70":{"start":{"line":158,"column":4},"end":{"line":158,"column":83}},"71":{"start":{"line":158,"column":14},"end":{"line":158,"column":83}},"72":{"start":{"line":159,"column":17},"end":{"line":159,"column":69}},"73":{"start":{"line":160,"column":4},"end":{"line":160,"column":19}},"74":{"start":{"line":162,"column":4},"end":{"line":162,"column":47}},"75":{"start":{"line":163,"column":4},"end":{"line":163,"column":72}},"76":{"start":{"line":167,"column":0},"end":{"line":176,"column":2}},"77":{"start":{"line":168,"column":2},"end":{"line":175,"column":3}},"78":{"start":{"line":169,"column":4},"end":{"line":169,"column":97}},"79":{"start":{"line":169,"column":21},"end":{"line":169,"column":97}},"80":{"start":{"line":170,"column":24},"end":{"line":170,"column":78}},"81":{"start":{"line":171,"column":4},"end":{"line":171,"column":26}},"82":{"start":{"line":173,"column":4},"end":{"line":173,"column":54}},"83":{"start":{"line":174,"column":4},"end":{"line":174,"column":79}},"84":{"start":{"line":178,"column":0},"end":{"line":190,"column":2}},"85":{"start":{"line":179,"column":2},"end":{"line":189,"column":3}},"86":{"start":{"line":180,"column":54},"end":{"line":184,"column":6}},"87":{"start":{"line":185,"column":4},"end":{"line":185,"column":58}},"88":{"start":{"line":187,"column":4},"end":{"line":187,"column":51}},"89":{"start":{"line":188,"column":4},"end":{"line":188,"column":76}},"90":{"start":{"line":192,"column":0},"end":{"line":200,"column":2}},"91":{"start":{"line":193,"column":2},"end":{"line":199,"column":3}},"92":{"start":{"line":194,"column":18},"end":{"line":194,"column":71}},"93":{"start":{"line":195,"column":4},"end":{"line":195,"column":20}},"94":{"start":{"line":197,"column":4},"end":{"line":197,"column":41}},"95":{"start":{"line":198,"column":4},"end":{"line":198,"column":63}},"96":{"start":{"line":202,"column":0},"end":{"line":214,"column":2}},"97":{"start":{"line":203,"column":2},"end":{"line":213,"column":3}},"98":{"start":{"line":204,"column":4},"end":{"line":207,"column":5}},"99":{"start":{"line":205,"column":6},"end":{"line":205,"column":81}},"100":{"start":{"line":206,"column":6},"end":{"line":206,"column":26}},"101":{"start":{"line":208,"column":17},"end":{"line":208,"column":69}},"102":{"start":{"line":209,"column":4},"end":{"line":209,"column":19}},"103":{"start":{"line":211,"column":4},"end":{"line":211,"column":40}},"104":{"start":{"line":212,"column":4},"end":{"line":212,"column":62}},"105":{"start":{"line":216,"column":0},"end":{"line":228,"column":2}},"106":{"start":{"line":217,"column":2},"end":{"line":227,"column":3}},"107":{"start":{"line":218,"column":4},"end":{"line":221,"column":5}},"108":{"start":{"line":219,"column":6},"end":{"line":219,"column":95}},"109":{"start":{"line":220,"column":6},"end":{"line":220,"column":26}},"110":{"start":{"line":222,"column":24},"end":{"line":222,"column":78}},"111":{"start":{"line":223,"column":4},"end":{"line":223,"column":26}},"112":{"start":{"line":225,"column":4},"end":{"line":225,"column":47}},"113":{"start":{"line":226,"column":4},"end":{"line":226,"column":69}},"114":{"start":{"line":231,"column":20},"end":{"line":231,"column":44}},"115":{"start":{"line":232,"column":16},"end":{"line":263,"column":3}},"116":{"start":{"line":265,"column":2},"end":{"line":284,"column":4}},"117":{"start":{"line":287,"column":0},"end":{"line":379,"column":2}},"118":{"start":{"line":288,"column":46},"end":{"line":288,"column":60}},"119":{"start":{"line":289,"column":2},"end":{"line":378,"column":3}},"120":{"start":{"line":290,"column":4},"end":{"line":292,"column":5}},"121":{"start":{"line":291,"column":6},"end":{"line":291,"column":94}},"122":{"start":{"line":294,"column":4},"end":{"line":296,"column":5}},"123":{"start":{"line":295,"column":6},"end":{"line":295,"column":91}},"124":{"start":{"line":299,"column":4},"end":{"line":304,"column":5}},"125":{"start":{"line":300,"column":6},"end":{"line":300,"column":112}},"126":{"start":{"line":302,"column":6},"end":{"line":302,"column":68}},"127":{"start":{"line":303,"column":6},"end":{"line":303,"column":109}},"128":{"start":{"line":306,"column":32},"end":{"line":306,"column":43}},"129":{"start":{"line":307,"column":26},"end":{"line":313,"column":6}},"130":{"start":{"line":308,"column":19},"end":{"line":308,"column":75}},"131":{"start":{"line":309,"column":21},"end":{"line":309,"column":53}},"132":{"start":{"line":310,"column":6},"end":{"line":310,"column":42}},"133":{"start":{"line":310,"column":24},"end":{"line":310,"column":42}},"134":{"start":{"line":311,"column":6},"end":{"line":311,"column":66}},"135":{"start":{"line":311,"column":18},"end":{"line":311,"column":66}},"136":{"start":{"line":312,"column":6},"end":{"line":312,"column":18}},"137":{"start":{"line":315,"column":4},"end":{"line":330,"column":5}},"138":{"start":{"line":316,"column":6},"end":{"line":329,"column":9}},"139":{"start":{"line":332,"column":24},"end":{"line":337,"column":6}},"140":{"start":{"line":333,"column":20},"end":{"line":333,"column":69}},"141":{"start":{"line":334,"column":20},"end":{"line":334,"column":69}},"142":{"start":{"line":335,"column":6},"end":{"line":335,"column":48}},"143":{"start":{"line":335,"column":27},"end":{"line":335,"column":48}},"144":{"start":{"line":336,"column":6},"end":{"line":336,"column":83}},"145":{"start":{"line":339,"column":21},"end":{"line":339,"column":93}},"146":{"start":{"line":340,"column":21},"end":{"line":340,"column":51}},"147":{"start":{"line":342,"column":18},"end":{"line":351,"column":7}},"148":{"start":{"line":342,"column":46},"end":{"line":351,"column":5}},"149":{"start":{"line":353,"column":30},"end":{"line":353,"column":69}},"150":{"start":{"line":354,"column":30},"end":{"line":354,"column":47}},"151":{"start":{"line":355,"column":26},"end":{"line":355,"column":84}},"152":{"start":{"line":356,"column":27},"end":{"line":356,"column":61}},"153":{"start":{"line":358,"column":4},"end":{"line":374,"column":7}},"154":{"start":{"line":376,"column":4},"end":{"line":376,"column":54}},"155":{"start":{"line":377,"column":4},"end":{"line":377,"column":69}}},"fnMap":{"0":{"name":"(anonymous_0)","decl":{"start":{"line":18,"column":23},"end":{"line":18,"column":24}},"loc":{"start":{"line":18,"column":42},"end":{"line":144,"column":1}},"line":18},"1":{"name":"(anonymous_1)","decl":{"start":{"line":45,"column":37},"end":{"line":45,"column":38}},"loc":{"start":{"line":45,"column":53},"end":{"line":45,"column":74}},"line":45},"2":{"name":"(anonymous_2)","decl":{"start":{"line":46,"column":26},"end":{"line":46,"column":27}},"loc":{"start":{"line":46,"column":46},"end":{"line":50,"column":5}},"line":46},"3":{"name":"(anonymous_3)","decl":{"start":{"line":75,"column":28},"end":{"line":75,"column":29}},"loc":{"start":{"line":75,"column":48},"end":{"line":80,"column":5}},"line":75},"4":{"name":"(anonymous_4)","decl":{"start":{"line":91,"column":38},"end":{"line":91,"column":39}},"loc":{"start":{"line":91,"column":51},"end":{"line":91,"column":80}},"line":91},"5":{"name":"(anonymous_5)","decl":{"start":{"line":92,"column":38},"end":{"line":92,"column":39}},"loc":{"start":{"line":92,"column":53},"end":{"line":92,"column":58}},"line":92},"6":{"name":"(anonymous_6)","decl":{"start":{"line":112,"column":33},"end":{"line":112,"column":34}},"loc":{"start":{"line":112,"column":46},"end":{"line":112,"column":75}},"line":112},"7":{"name":"(anonymous_7)","decl":{"start":{"line":113,"column":33},"end":{"line":113,"column":34}},"loc":{"start":{"line":113,"column":48},"end":{"line":113,"column":53}},"line":113},"8":{"name":"(anonymous_8)","decl":{"start":{"line":133,"column":32},"end":{"line":133,"column":33}},"loc":{"start":{"line":133,"column":42},"end":{"line":133,"column":60}},"line":133},"9":{"name":"(anonymous_9)","decl":{"start":{"line":146,"column":25},"end":{"line":146,"column":26}},"loc":{"start":{"line":146,"column":44},"end":{"line":154,"column":1}},"line":146},"10":{"name":"(anonymous_10)","decl":{"start":{"line":156,"column":24},"end":{"line":156,"column":25}},"loc":{"start":{"line":156,"column":43},"end":{"line":165,"column":1}},"line":156},"11":{"name":"(anonymous_11)","decl":{"start":{"line":167,"column":31},"end":{"line":167,"column":32}},"loc":{"start":{"line":167,"column":50},"end":{"line":176,"column":1}},"line":167},"12":{"name":"(anonymous_12)","decl":{"start":{"line":178,"column":28},"end":{"line":178,"column":29}},"loc":{"start":{"line":178,"column":47},"end":{"line":190,"column":1}},"line":178},"13":{"name":"(anonymous_13)","decl":{"start":{"line":192,"column":19},"end":{"line":192,"column":20}},"loc":{"start":{"line":192,"column":38},"end":{"line":200,"column":1}},"line":192},"14":{"name":"(anonymous_14)","decl":{"start":{"line":202,"column":18},"end":{"line":202,"column":19}},"loc":{"start":{"line":202,"column":37},"end":{"line":214,"column":1}},"line":202},"15":{"name":"(anonymous_15)","decl":{"start":{"line":216,"column":25},"end":{"line":216,"column":26}},"loc":{"start":{"line":216,"column":44},"end":{"line":228,"column":1}},"line":216},"16":{"name":"buildSampleRoute","decl":{"start":{"line":230,"column":9},"end":{"line":230,"column":25}},"loc":{"start":{"line":230,"column":69},"end":{"line":285,"column":1}},"line":230},"17":{"name":"(anonymous_17)","decl":{"start":{"line":287,"column":24},"end":{"line":287,"column":25}},"loc":{"start":{"line":287,"column":43},"end":{"line":379,"column":1}},"line":287},"18":{"name":"(anonymous_18)","decl":{"start":{"line":307,"column":38},"end":{"line":307,"column":39}},"loc":{"start":{"line":307,"column":47},"end":{"line":313,"column":5}},"line":307},"19":{"name":"(anonymous_19)","decl":{"start":{"line":332,"column":48},"end":{"line":332,"column":49}},"loc":{"start":{"line":332,"column":58},"end":{"line":337,"column":5}},"line":332},"20":{"name":"(anonymous_20)","decl":{"start":{"line":342,"column":31},"end":{"line":342,"column":32}},"loc":{"start":{"line":342,"column":46},"end":{"line":351,"column":5}},"line":342}},"branchMap":{"0":{"loc":{"start":{"line":47,"column":6},"end":{"line":49,"column":7}},"type":"if","locations":[{"start":{"line":47,"column":6},"end":{"line":49,"column":7}},{"start":{},"end":{}}],"line":47},"1":{"loc":{"start":{"line":53,"column":6},"end":{"line":53,"column":56}},"type":"cond-expr","locations":[{"start":{"line":53,"column":12},"end":{"line":53,"column":32}},{"start":{"line":53,"column":35},"end":{"line":53,"column":56}}],"line":53},"2":{"loc":{"start":{"line":54,"column":6},"end":{"line":54,"column":70}},"type":"cond-expr","locations":[{"start":{"line":54,"column":19},"end":{"line":54,"column":46}},{"start":{"line":54,"column":49},"end":{"line":54,"column":70}}],"line":54},"3":{"loc":{"start":{"line":77,"column":6},"end":{"line":79,"column":7}},"type":"if","locations":[{"start":{"line":77,"column":6},"end":{"line":79,"column":7}},{"start":{},"end":{}}],"line":77},"4":{"loc":{"start":{"line":77,"column":10},"end":{"line":77,"column":70}},"type":"binary-expr","locations":[{"start":{"line":77,"column":10},"end":{"line":77,"column":23}},{"start":{"line":77,"column":27},"end":{"line":77,"column":70}}],"line":77},"5":{"loc":{"start":{"line":83,"column":4},"end":{"line":98,"column":5}},"type":"if","locations":[{"start":{"line":83,"column":4},"end":{"line":98,"column":5}},{"start":{},"end":{}}],"line":83},"6":{"loc":{"start":{"line":89,"column":8},"end":{"line":94,"column":9}},"type":"if","locations":[{"start":{"line":89,"column":8},"end":{"line":94,"column":9}},{"start":{},"end":{}}],"line":89},"7":{"loc":{"start":{"line":91,"column":52},"end":{"line":91,"column":68}},"type":"binary-expr","locations":[{"start":{"line":91,"column":52},"end":{"line":91,"column":55}},{"start":{"line":91,"column":59},"end":{"line":91,"column":68}}],"line":91},"8":{"loc":{"start":{"line":101,"column":4},"end":{"line":121,"column":5}},"type":"if","locations":[{"start":{"line":101,"column":4},"end":{"line":121,"column":5}},{"start":{},"end":{}}],"line":101},"9":{"loc":{"start":{"line":101,"column":8},"end":{"line":101,"column":25}},"type":"binary-expr","locations":[{"start":{"line":101,"column":8},"end":{"line":101,"column":11}},{"start":{"line":101,"column":15},"end":{"line":101,"column":25}}],"line":101},"10":{"loc":{"start":{"line":102,"column":25},"end":{"line":102,"column":105}},"type":"cond-expr","locations":[{"start":{"line":102,"column":53},"end":{"line":102,"column":62}},{"start":{"line":102,"column":65},"end":{"line":102,"column":105}}],"line":102},"11":{"loc":{"start":{"line":102,"column":65},"end":{"line":102,"column":105}},"type":"cond-expr","locations":[{"start":{"line":102,"column":91},"end":{"line":102,"column":98}},{"start":{"line":102,"column":101},"end":{"line":102,"column":105}}],"line":102},"12":{"loc":{"start":{"line":103,"column":24},"end":{"line":103,"column":102}},"type":"cond-expr","locations":[{"start":{"line":103,"column":52},"end":{"line":103,"column":60}},{"start":{"line":103,"column":63},"end":{"line":103,"column":102}}],"line":103},"13":{"loc":{"start":{"line":103,"column":63},"end":{"line":103,"column":102}},"type":"cond-expr","locations":[{"start":{"line":103,"column":89},"end":{"line":103,"column":95}},{"start":{"line":103,"column":98},"end":{"line":103,"column":102}}],"line":103},"14":{"loc":{"start":{"line":104,"column":6},"end":{"line":120,"column":7}},"type":"if","locations":[{"start":{"line":104,"column":6},"end":{"line":120,"column":7}},{"start":{},"end":{}}],"line":104},"15":{"loc":{"start":{"line":104,"column":10},"end":{"line":104,"column":33}},"type":"binary-expr","locations":[{"start":{"line":104,"column":10},"end":{"line":104,"column":20}},{"start":{"line":104,"column":24},"end":{"line":104,"column":33}}],"line":104},"16":{"loc":{"start":{"line":110,"column":10},"end":{"line":116,"column":11}},"type":"if","locations":[{"start":{"line":110,"column":10},"end":{"line":116,"column":11}},{"start":{},"end":{}}],"line":110},"17":{"loc":{"start":{"line":112,"column":47},"end":{"line":112,"column":63}},"type":"binary-expr","locations":[{"start":{"line":112,"column":47},"end":{"line":112,"column":50}},{"start":{"line":112,"column":54},"end":{"line":112,"column":63}}],"line":112},"18":{"loc":{"start":{"line":126,"column":14},"end":{"line":126,"column":61}},"type":"cond-expr","locations":[{"start":{"line":126,"column":34},"end":{"line":126,"column":54}},{"start":{"line":126,"column":57},"end":{"line":126,"column":61}}],"line":126},"19":{"loc":{"start":{"line":127,"column":21},"end":{"line":127,"column":82}},"type":"cond-expr","locations":[{"start":{"line":127,"column":48},"end":{"line":127,"column":75}},{"start":{"line":127,"column":78},"end":{"line":127,"column":82}}],"line":127},"20":{"loc":{"start":{"line":133,"column":42},"end":{"line":133,"column":60}},"type":"binary-expr","locations":[{"start":{"line":133,"column":42},"end":{"line":133,"column":55}},{"start":{"line":133,"column":59},"end":{"line":133,"column":60}}],"line":133},"21":{"loc":{"start":{"line":158,"column":4},"end":{"line":158,"column":83}},"type":"if","locations":[{"start":{"line":158,"column":4},"end":{"line":158,"column":83}},{"start":{},"end":{}}],"line":158},"22":{"loc":{"start":{"line":169,"column":4},"end":{"line":169,"column":97}},"type":"if","locations":[{"start":{"line":169,"column":4},"end":{"line":169,"column":97}},{"start":{},"end":{}}],"line":169},"23":{"loc":{"start":{"line":182,"column":6},"end":{"line":182,"column":53}},"type":"cond-expr","locations":[{"start":{"line":182,"column":12},"end":{"line":182,"column":32}},{"start":{"line":182,"column":35},"end":{"line":182,"column":53}}],"line":182},"24":{"loc":{"start":{"line":183,"column":6},"end":{"line":183,"column":67}},"type":"cond-expr","locations":[{"start":{"line":183,"column":19},"end":{"line":183,"column":46}},{"start":{"line":183,"column":49},"end":{"line":183,"column":67}}],"line":183},"25":{"loc":{"start":{"line":204,"column":4},"end":{"line":207,"column":5}},"type":"if","locations":[{"start":{"line":204,"column":4},"end":{"line":207,"column":5}},{"start":{},"end":{}}],"line":204},"26":{"loc":{"start":{"line":218,"column":4},"end":{"line":221,"column":5}},"type":"if","locations":[{"start":{"line":218,"column":4},"end":{"line":221,"column":5}},{"start":{},"end":{}}],"line":218},"27":{"loc":{"start":{"line":230,"column":49},"end":{"line":230,"column":67}},"type":"default-arg","locations":[{"start":{"line":230,"column":65},"end":{"line":230,"column":67}}],"line":230},"28":{"loc":{"start":{"line":240,"column":53},"end":{"line":240,"column":76}},"type":"binary-expr","locations":[{"start":{"line":240,"column":53},"end":{"line":240,"column":57}},{"start":{"line":240,"column":61},"end":{"line":240,"column":76}}],"line":240},"29":{"loc":{"start":{"line":250,"column":54},"end":{"line":250,"column":77}},"type":"binary-expr","locations":[{"start":{"line":250,"column":54},"end":{"line":250,"column":58}},{"start":{"line":250,"column":62},"end":{"line":250,"column":77}}],"line":250},"30":{"loc":{"start":{"line":260,"column":51},"end":{"line":260,"column":74}},"type":"binary-expr","locations":[{"start":{"line":260,"column":51},"end":{"line":260,"column":55}},{"start":{"line":260,"column":59},"end":{"line":260,"column":74}}],"line":260},"31":{"loc":{"start":{"line":267,"column":12},"end":{"line":267,"column":38}},"type":"binary-expr","locations":[{"start":{"line":267,"column":12},"end":{"line":267,"column":16}},{"start":{"line":267,"column":20},"end":{"line":267,"column":38}}],"line":267},"32":{"loc":{"start":{"line":268,"column":14},"end":{"line":268,"column":28}},"type":"binary-expr","locations":[{"start":{"line":268,"column":14},"end":{"line":268,"column":22}},{"start":{"line":268,"column":26},"end":{"line":268,"column":28}}],"line":268},"33":{"loc":{"start":{"line":271,"column":21},"end":{"line":271,"column":46}},"type":"binary-expr","locations":[{"start":{"line":271,"column":21},"end":{"line":271,"column":30}},{"start":{"line":271,"column":34},"end":{"line":271,"column":46}}],"line":271},"34":{"loc":{"start":{"line":288,"column":16},"end":{"line":288,"column":29}},"type":"default-arg","locations":[{"start":{"line":288,"column":27},"end":{"line":288,"column":29}}],"line":288},"35":{"loc":{"start":{"line":288,"column":31},"end":{"line":288,"column":41}},"type":"default-arg","locations":[{"start":{"line":288,"column":39},"end":{"line":288,"column":41}}],"line":288},"36":{"loc":{"start":{"line":288,"column":46},"end":{"line":288,"column":60}},"type":"binary-expr","locations":[{"start":{"line":288,"column":46},"end":{"line":288,"column":54}},{"start":{"line":288,"column":58},"end":{"line":288,"column":60}}],"line":288},"37":{"loc":{"start":{"line":290,"column":4},"end":{"line":292,"column":5}},"type":"if","locations":[{"start":{"line":290,"column":4},"end":{"line":292,"column":5}},{"start":{},"end":{}}],"line":290},"38":{"loc":{"start":{"line":290,"column":8},"end":{"line":290,"column":49}},"type":"binary-expr","locations":[{"start":{"line":290,"column":8},"end":{"line":290,"column":13}},{"start":{"line":290,"column":17},"end":{"line":290,"column":32}},{"start":{"line":290,"column":36},"end":{"line":290,"column":49}}],"line":290},"39":{"loc":{"start":{"line":294,"column":4},"end":{"line":296,"column":5}},"type":"if","locations":[{"start":{"line":294,"column":4},"end":{"line":296,"column":5}},{"start":{},"end":{}}],"line":294},"40":{"loc":{"start":{"line":308,"column":19},"end":{"line":308,"column":75}},"type":"cond-expr","locations":[{"start":{"line":308,"column":55},"end":{"line":308,"column":68}},{"start":{"line":308,"column":71},"end":{"line":308,"column":75}}],"line":308},"41":{"loc":{"start":{"line":309,"column":22},"end":{"line":309,"column":38}},"type":"binary-expr","locations":[{"start":{"line":309,"column":22},"end":{"line":309,"column":32}},{"start":{"line":309,"column":36},"end":{"line":309,"column":38}}],"line":309},"42":{"loc":{"start":{"line":310,"column":6},"end":{"line":310,"column":42}},"type":"if","locations":[{"start":{"line":310,"column":6},"end":{"line":310,"column":42}},{"start":{},"end":{}}],"line":310},"43":{"loc":{"start":{"line":311,"column":6},"end":{"line":311,"column":66}},"type":"if","locations":[{"start":{"line":311,"column":6},"end":{"line":311,"column":66}},{"start":{},"end":{}}],"line":311},"44":{"loc":{"start":{"line":315,"column":4},"end":{"line":330,"column":5}},"type":"if","locations":[{"start":{"line":315,"column":4},"end":{"line":330,"column":5}},{"start":{},"end":{}}],"line":315},"45":{"loc":{"start":{"line":322,"column":25},"end":{"line":322,"column":41}},"type":"binary-expr","locations":[{"start":{"line":322,"column":25},"end":{"line":322,"column":33}},{"start":{"line":322,"column":37},"end":{"line":322,"column":41}}],"line":322},"46":{"loc":{"start":{"line":328,"column":28},"end":{"line":328,"column":68}},"type":"cond-expr","locations":[{"start":{"line":328,"column":39},"end":{"line":328,"column":57}},{"start":{"line":328,"column":60},"end":{"line":328,"column":68}}],"line":328},"47":{"loc":{"start":{"line":333,"column":20},"end":{"line":333,"column":69}},"type":"cond-expr","locations":[{"start":{"line":333,"column":54},"end":{"line":333,"column":65}},{"start":{"line":333,"column":68},"end":{"line":333,"column":69}}],"line":333},"48":{"loc":{"start":{"line":334,"column":20},"end":{"line":334,"column":69}},"type":"cond-expr","locations":[{"start":{"line":334,"column":54},"end":{"line":334,"column":65}},{"start":{"line":334,"column":68},"end":{"line":334,"column":69}}],"line":334},"49":{"loc":{"start":{"line":335,"column":6},"end":{"line":335,"column":48}},"type":"if","locations":[{"start":{"line":335,"column":6},"end":{"line":335,"column":48}},{"start":{},"end":{}}],"line":335},"50":{"loc":{"start":{"line":336,"column":14},"end":{"line":336,"column":45}},"type":"binary-expr","locations":[{"start":{"line":336,"column":14},"end":{"line":336,"column":25}},{"start":{"line":336,"column":29},"end":{"line":336,"column":40}},{"start":{"line":336,"column":44},"end":{"line":336,"column":45}}],"line":336},"51":{"loc":{"start":{"line":336,"column":50},"end":{"line":336,"column":81}},"type":"binary-expr","locations":[{"start":{"line":336,"column":50},"end":{"line":336,"column":61}},{"start":{"line":336,"column":65},"end":{"line":336,"column":76}},{"start":{"line":336,"column":80},"end":{"line":336,"column":81}}],"line":336},"52":{"loc":{"start":{"line":339,"column":21},"end":{"line":339,"column":93}},"type":"cond-expr","locations":[{"start":{"line":339,"column":50},"end":{"line":339,"column":72}},{"start":{"line":339,"column":75},"end":{"line":339,"column":93}}],"line":339},"53":{"loc":{"start":{"line":345,"column":19},"end":{"line":345,"column":59}},"type":"binary-expr","locations":[{"start":{"line":345,"column":19},"end":{"line":345,"column":27}},{"start":{"line":345,"column":31},"end":{"line":345,"column":39}},{"start":{"line":345,"column":43},"end":{"line":345,"column":59}}],"line":345},"54":{"loc":{"start":{"line":346,"column":14},"end":{"line":346,"column":37}},"type":"binary-expr","locations":[{"start":{"line":346,"column":14},"end":{"line":346,"column":24}},{"start":{"line":346,"column":28},"end":{"line":346,"column":37}}],"line":346},"55":{"loc":{"start":{"line":347,"column":17},"end":{"line":347,"column":73}},"type":"cond-expr","locations":[{"start":{"line":347,"column":53},"end":{"line":347,"column":66}},{"start":{"line":347,"column":69},"end":{"line":347,"column":73}}],"line":347},"56":{"loc":{"start":{"line":348,"column":16},"end":{"line":348,"column":36}},"type":"binary-expr","locations":[{"start":{"line":348,"column":16},"end":{"line":348,"column":28}},{"start":{"line":348,"column":32},"end":{"line":348,"column":36}}],"line":348},"57":{"loc":{"start":{"line":349,"column":16},"end":{"line":349,"column":51}},"type":"binary-expr","locations":[{"start":{"line":349,"column":16},"end":{"line":349,"column":28}},{"start":{"line":349,"column":32},"end":{"line":349,"column":43}},{"start":{"line":349,"column":47},"end":{"line":349,"column":51}}],"line":349},"58":{"loc":{"start":{"line":350,"column":19},"end":{"line":350,"column":57}},"type":"binary-expr","locations":[{"start":{"line":350,"column":19},"end":{"line":350,"column":32}},{"start":{"line":350,"column":36},"end":{"line":350,"column":49}},{"start":{"line":350,"column":53},"end":{"line":350,"column":57}}],"line":350},"59":{"loc":{"start":{"line":355,"column":26},"end":{"line":355,"column":84}},"type":"binary-expr","locations":[{"start":{"line":355,"column":26},"end":{"line":355,"column":34}},{"start":{"line":355,"column":38},"end":{"line":355,"column":84}}],"line":355},"60":{"loc":{"start":{"line":356,"column":27},"end":{"line":356,"column":61}},"type":"cond-expr","locations":[{"start":{"line":356,"column":38},"end":{"line":356,"column":50}},{"start":{"line":356,"column":53},"end":{"line":356,"column":61}}],"line":356}},"s":{"0":23,"1":23,"2":23,"3":23,"4":23,"5":3,"6":23,"7":23,"8":2,"9":23,"10":6,"11":6,"12":6,"13":6,"14":6,"15":6,"16":6,"17":5,"18":5,"19":15,"20":5,"21":10,"22":10,"23":5,"24":5,"25":5,"26":5,"27":5,"28":35,"29":35,"30":35,"31":35,"32":35,"33":5,"34":5,"35":5,"36":0,"37":5,"38":5,"39":5,"40":5,"41":4,"42":3,"43":6,"44":6,"45":1,"46":5,"47":5,"48":5,"49":5,"50":5,"51":5,"52":5,"53":4,"54":3,"55":6,"56":6,"57":1,"58":5,"59":15,"60":1,"61":1,"62":23,"63":2,"64":2,"65":1,"66":1,"67":1,"68":23,"69":2,"70":2,"71":1,"72":1,"73":1,"74":0,"75":0,"76":23,"77":2,"78":2,"79":1,"80":1,"81":1,"82":0,"83":0,"84":23,"85":1,"86":1,"87":1,"88":0,"89":0,"90":23,"91":1,"92":1,"93":1,"94":0,"95":0,"96":23,"97":2,"98":2,"99":1,"100":1,"101":1,"102":1,"103":0,"104":0,"105":23,"106":2,"107":2,"108":1,"109":1,"110":1,"111":1,"112":0,"113":0,"114":2,"115":2,"116":2,"117":23,"118":5,"119":5,"120":5,"121":1,"122":4,"123":1,"124":3,"125":3,"126":1,"127":1,"128":2,"129":2,"130":2,"131":2,"132":2,"133":2,"134":0,"135":0,"136":0,"137":2,"138":1,"139":1,"140":1,"141":1,"142":1,"143":1,"144":0,"145":1,"146":1,"147":1,"148":1,"149":1,"150":1,"151":1,"152":1,"153":1,"154":0,"155":0},"f":{"0":6,"1":15,"2":10,"3":5,"4":6,"5":6,"6":6,"7":6,"8":15,"9":2,"10":2,"11":2,"12":1,"13":1,"14":2,"15":2,"16":2,"17":5,"18":2,"19":1,"20":1},"b":{"0":[10,0],"1":[5,0],"2":[5,0],"3":[0,5],"4":[5,0],"5":[5,0],"6":[3,1],"7":[6,0],"8":[5,0],"9":[5,5],"10":[1,4],"11":[4,0],"12":[1,4],"13":[4,0],"14":[5,0],"15":[5,5],"16":[3,1],"17":[6,0],"18":[5,0],"19":[5,0],"20":[15,0],"21":[1,1],"22":[1,1],"23":[1,0],"24":[1,0],"25":[1,1],"26":[1,1],"27":[0],"28":[2,0],"29":[2,0],"30":[2,0],"31":[2,0],"32":[2,0],"33":[2,2],"34":[1],"35":[2],"36":[5,0],"37":[1,4],"38":[5,4,4],"39":[1,3],"40":[2,0],"41":[2,2],"42":[2,0],"43":[0,0],"44":[1,1],"45":[1,0],"46":[1,0],"47":[1,0],"48":[1,0],"49":[1,0],"50":[0,0,0],"51":[0,0,0],"52":[1,0],"53":[1,1,1],"54":[1,1],"55":[1,0],"56":[1,1],"57":[1,1,1],"58":[1,0,0],"59":[1,1],"60":[0,1]},"_coverageSchema":"1a1c01bbd47fc00a2c39e90264f33305004495a9","hash":"822f937e779a08eef74090bc4d586629fc5cd211"}
,"C:\\Users\\Umair_Salah\\Documents\\GitHub\\SmartBin\\backend\\src\\controllers\\authController.js": {"path":"C:\\Users\\Umair_Salah\\Documents\\GitHub\\SmartBin\\backend\\src\\controllers\\authController.js","statementMap":{"0":{"start":{"line":1,"column":20},"end":{"line":1,"column":54}},"1":{"start":{"line":3,"column":0},"end":{"line":11,"column":2}},"2":{"start":{"line":4,"column":17},"end":{"line":4,"column":57}},"3":{"start":{"line":6,"column":2},"end":{"line":8,"column":3}},"4":{"start":{"line":7,"column":4},"end":{"line":7,"column":56}},"5":{"start":{"line":10,"column":2},"end":{"line":10,"column":46}},"6":{"start":{"line":13,"column":0},"end":{"line":21,"column":2}},"7":{"start":{"line":14,"column":17},"end":{"line":14,"column":61}},"8":{"start":{"line":16,"column":2},"end":{"line":18,"column":3}},"9":{"start":{"line":17,"column":4},"end":{"line":17,"column":56}},"10":{"start":{"line":20,"column":2},"end":{"line":20,"column":46}}},"fnMap":{"0":{"name":"(anonymous_0)","decl":{"start":{"line":3,"column":19},"end":{"line":3,"column":20}},"loc":{"start":{"line":3,"column":38},"end":{"line":11,"column":1}},"line":3},"1":{"name":"(anonymous_1)","decl":{"start":{"line":13,"column":16},"end":{"line":13,"column":17}},"loc":{"start":{"line":13,"column":35},"end":{"line":21,"column":1}},"line":13}},"branchMap":{"0":{"loc":{"start":{"line":6,"column":2},"end":{"line":8,"column":3}},"type":"if","locations":[{"start":{"line":6,"column":2},"end":{"line":8,"column":3}},{"start":{},"end":{}}],"line":6},"1":{"loc":{"start":{"line":16,"column":2},"end":{"line":18,"column":3}},"type":"if","locations":[{"start":{"line":16,"column":2},"end":{"line":18,"column":3}},{"start":{},"end":{}}],"line":16}},"s":{"0":1,"1":1,"2":2,"3":2,"4":1,"5":1,"6":1,"7":2,"8":2,"9":1,"10":1},"f":{"0":2,"1":2},"b":{"0":[1,1],"1":[1,1]},"_coverageSchema":"1a1c01bbd47fc00a2c39e90264f33305004495a9","hash":"45a40bf4d8eb2c8a66d6e9022154e081c14eb21e"}
,"C:\\Users\\Umair_Salah\\Documents\\GitHub\\SmartBin\\backend\\src\\controllers\\binController.js": {"path":"C:\\Users\\Umair_Salah\\Documents\\GitHub\\SmartBin\\backend\\src\\controllers\\binController.js","statementMap":{"0":{"start":{"line":2,"column":12},"end":{"line":2,"column":36}},"1":{"start":{"line":3,"column":32},"end":{"line":3,"column":62}},"2":{"start":{"line":4,"column":60},"end":{"line":4,"column":83}},"3":{"start":{"line":5,"column":25},"end":{"line":5,"column":66}},"4":{"start":{"line":8,"column":0},"end":{"line":28,"column":3}},"5":{"start":{"line":9,"column":19},"end":{"line":9,"column":27}},"6":{"start":{"line":12,"column":2},"end":{"line":16,"column":3}},"7":{"start":{"line":13,"column":4},"end":{"line":15,"column":6}},"8":{"start":{"line":18,"column":14},"end":{"line":22,"column":4}},"9":{"start":{"line":24,"column":2},"end":{"line":27,"column":5}},"10":{"start":{"line":31,"column":0},"end":{"line":79,"column":3}},"11":{"start":{"line":32,"column":20},"end":{"line":32,"column":30}},"12":{"start":{"line":33,"column":25},"end":{"line":33,"column":33}},"13":{"start":{"line":36,"column":2},"end":{"line":40,"column":3}},"14":{"start":{"line":37,"column":4},"end":{"line":39,"column":6}},"15":{"start":{"line":42,"column":2},"end":{"line":46,"column":3}},"16":{"start":{"line":43,"column":4},"end":{"line":45,"column":6}},"17":{"start":{"line":48,"column":2},"end":{"line":52,"column":3}},"18":{"start":{"line":49,"column":4},"end":{"line":51,"column":6}},"19":{"start":{"line":54,"column":14},"end":{"line":54,"column":57}},"20":{"start":{"line":55,"column":2},"end":{"line":59,"column":3}},"21":{"start":{"line":56,"column":4},"end":{"line":58,"column":6}},"22":{"start":{"line":62,"column":2},"end":{"line":66,"column":3}},"23":{"start":{"line":63,"column":4},"end":{"line":65,"column":6}},"24":{"start":{"line":68,"column":19},"end":{"line":68,"column":46}},"25":{"start":{"line":69,"column":19},"end":{"line":69,"column":38}},"26":{"start":{"line":72,"column":2},"end":{"line":72,"column":48}},"27":{"start":{"line":73,"column":2},"end":{"line":73,"column":19}},"28":{"start":{"line":75,"column":2},"end":{"line":78,"column":5}},"29":{"start":{"line":82,"column":0},"end":{"line":106,"column":3}},"30":{"start":{"line":83,"column":15},"end":{"line":85,"column":11}},"31":{"start":{"line":87,"column":17},"end":{"line":103,"column":4}},"32":{"start":{"line":88,"column":16},"end":{"line":88,"column":33}},"33":{"start":{"line":89,"column":18},"end":{"line":89,"column":69}},"34":{"start":{"line":90,"column":20},"end":{"line":90,"column":51}},"35":{"start":{"line":91,"column":19},"end":{"line":91,"column":31}},"36":{"start":{"line":93,"column":4},"end":{"line":102,"column":6}},"37":{"start":{"line":105,"column":2},"end":{"line":105,"column":29}}},"fnMap":{"0":{"name":"(anonymous_0)","decl":{"start":{"line":8,"column":33},"end":{"line":8,"column":34}},"loc":{"start":{"line":8,"column":52},"end":{"line":28,"column":1}},"line":8},"1":{"name":"(anonymous_1)","decl":{"start":{"line":31,"column":40},"end":{"line":31,"column":41}},"loc":{"start":{"line":31,"column":59},"end":{"line":79,"column":1}},"line":31},"2":{"name":"(anonymous_2)","decl":{"start":{"line":82,"column":33},"end":{"line":82,"column":34}},"loc":{"start":{"line":82,"column":52},"end":{"line":106,"column":1}},"line":82},"3":{"name":"(anonymous_3)","decl":{"start":{"line":87,"column":26},"end":{"line":87,"column":27}},"loc":{"start":{"line":87,"column":31},"end":{"line":103,"column":3}},"line":87}},"branchMap":{"0":{"loc":{"start":{"line":12,"column":2},"end":{"line":16,"column":3}},"type":"if","locations":[{"start":{"line":12,"column":2},"end":{"line":16,"column":3}},{"start":{},"end":{}}],"line":12},"1":{"loc":{"start":{"line":12,"column":6},"end":{"line":12,"column":46}},"type":"binary-expr","locations":[{"start":{"line":12,"column":6},"end":{"line":12,"column":11}},{"start":{"line":12,"column":15},"end":{"line":12,"column":46}}],"line":12},"2":{"loc":{"start":{"line":36,"column":2},"end":{"line":40,"column":3}},"type":"if","locations":[{"start":{"line":36,"column":2},"end":{"line":40,"column":3}},{"start":{},"end":{}}],"line":36},"3":{"loc":{"start":{"line":36,"column":6},"end":{"line":36,"column":68}},"type":"binary-expr","locations":[{"start":{"line":36,"column":6},"end":{"line":36,"column":36}},{"start":{"line":36,"column":40},"end":{"line":36,"column":68}}],"line":36},"4":{"loc":{"start":{"line":42,"column":2},"end":{"line":46,"column":3}},"type":"if","locations":[{"start":{"line":42,"column":2},"end":{"line":46,"column":3}},{"start":{},"end":{}}],"line":42},"5":{"loc":{"start":{"line":48,"column":2},"end":{"line":52,"column":3}},"type":"if","locations":[{"start":{"line":48,"column":2},"end":{"line":52,"column":3}},{"start":{},"end":{}}],"line":48},"6":{"loc":{"start":{"line":55,"column":2},"end":{"line":59,"column":3}},"type":"if","locations":[{"start":{"line":55,"column":2},"end":{"line":59,"column":3}},{"start":{},"end":{}}],"line":55},"7":{"loc":{"start":{"line":62,"column":2},"end":{"line":66,"column":3}},"type":"if","locations":[{"start":{"line":62,"column":2},"end":{"line":66,"column":3}},{"start":{},"end":{}}],"line":62},"8":{"loc":{"start":{"line":62,"column":6},"end":{"line":62,"column":89}},"type":"binary-expr","locations":[{"start":{"line":62,"column":6},"end":{"line":62,"column":34}},{"start":{"line":62,"column":38},"end":{"line":62,"column":89}}],"line":62},"9":{"loc":{"start":{"line":69,"column":19},"end":{"line":69,"column":38}},"type":"binary-expr","locations":[{"start":{"line":69,"column":19},"end":{"line":69,"column":31}},{"start":{"line":69,"column":35},"end":{"line":69,"column":38}}],"line":69},"10":{"loc":{"start":{"line":88,"column":16},"end":{"line":88,"column":33}},"type":"binary-expr","locations":[{"start":{"line":88,"column":16},"end":{"line":88,"column":26}},{"start":{"line":88,"column":30},"end":{"line":88,"column":33}}],"line":88},"11":{"loc":{"start":{"line":89,"column":18},"end":{"line":89,"column":69}},"type":"cond-expr","locations":[{"start":{"line":89,"column":53},"end":{"line":89,"column":65}},{"start":{"line":89,"column":68},"end":{"line":89,"column":69}}],"line":89}},"s":{"0":1,"1":1,"2":1,"3":1,"4":1,"5":2,"6":2,"7":1,"8":1,"9":1,"10":1,"11":7,"12":7,"13":7,"14":1,"15":6,"16":1,"17":5,"18":1,"19":4,"20":4,"21":1,"22":3,"23":1,"24":2,"25":2,"26":2,"27":2,"28":2,"29":1,"30":1,"31":1,"32":2,"33":2,"34":2,"35":2,"36":2,"37":1},"f":{"0":2,"1":7,"2":1,"3":2},"b":{"0":[1,1],"1":[2,2],"2":[1,6],"3":[7,6],"4":[1,5],"5":[1,4],"6":[1,3],"7":[1,2],"8":[3,2],"9":[2,0],"10":[2,0],"11":[2,0]},"_coverageSchema":"1a1c01bbd47fc00a2c39e90264f33305004495a9","hash":"c7f9dd59173d507bbc1150f6a0784294f73eb6d7"}
,"C:\\Users\\Umair_Salah\\Documents\\GitHub\\SmartBin\\backend\\src\\controllers\\collectionController.js": {"path":"C:\\Users\\Umair_Salah\\Documents\\GitHub\\SmartBin\\backend\\src\\controllers\\collectionController.js","statementMap":{"0":{"start":{"line":2,"column":12},"end":{"line":2,"column":36}},"1":{"start":{"line":3,"column":26},"end":{"line":3,"column":64}},"2":{"start":{"line":4,"column":32},"end":{"line":4,"column":62}},"3":{"start":{"line":5,"column":49},"end":{"line":5,"column":72}},"4":{"start":{"line":6,"column":25},"end":{"line":6,"column":66}},"5":{"start":{"line":9,"column":0},"end":{"line":54,"column":3}},"6":{"start":{"line":10,"column":20},"end":{"line":10,"column":28}},"7":{"start":{"line":11,"column":14},"end":{"line":11,"column":57}},"8":{"start":{"line":13,"column":2},"end":{"line":17,"column":3}},"9":{"start":{"line":14,"column":4},"end":{"line":16,"column":6}},"10":{"start":{"line":20,"column":2},"end":{"line":24,"column":3}},"11":{"start":{"line":21,"column":4},"end":{"line":23,"column":6}},"12":{"start":{"line":26,"column":2},"end":{"line":30,"column":3}},"13":{"start":{"line":27,"column":4},"end":{"line":29,"column":6}},"14":{"start":{"line":33,"column":26},"end":{"line":36,"column":4}},"15":{"start":{"line":38,"column":2},"end":{"line":42,"column":3}},"16":{"start":{"line":39,"column":4},"end":{"line":41,"column":6}},"17":{"start":{"line":44,"column":28},"end":{"line":48,"column":4}},"18":{"start":{"line":50,"column":2},"end":{"line":53,"column":5}},"19":{"start":{"line":57,"column":0},"end":{"line":91,"column":3}},"20":{"start":{"line":58,"column":24},"end":{"line":58,"column":34}},"21":{"start":{"line":59,"column":21},"end":{"line":59,"column":29}},"22":{"start":{"line":62,"column":2},"end":{"line":66,"column":3}},"23":{"start":{"line":63,"column":4},"end":{"line":65,"column":6}},"24":{"start":{"line":68,"column":18},"end":{"line":68,"column":61}},"25":{"start":{"line":69,"column":2},"end":{"line":73,"column":3}},"26":{"start":{"line":70,"column":4},"end":{"line":72,"column":6}},"27":{"start":{"line":75,"column":2},"end":{"line":75,"column":26}},"28":{"start":{"line":76,"column":2},"end":{"line":76,"column":23}},"29":{"start":{"line":79,"column":2},"end":{"line":85,"column":3}},"30":{"start":{"line":80,"column":16},"end":{"line":80,"column":47}},"31":{"start":{"line":81,"column":4},"end":{"line":84,"column":5}},"32":{"start":{"line":82,"column":6},"end":{"line":82,"column":25}},"33":{"start":{"line":83,"column":6},"end":{"line":83,"column":23}},"34":{"start":{"line":87,"column":2},"end":{"line":90,"column":5}},"35":{"start":{"line":94,"column":0},"end":{"line":105,"column":3}},"36":{"start":{"line":95,"column":19},"end":{"line":102,"column":6}},"37":{"start":{"line":104,"column":2},"end":{"line":104,"column":25}},"38":{"start":{"line":108,"column":0},"end":{"line":120,"column":3}},"39":{"start":{"line":109,"column":19},"end":{"line":117,"column":6}},"40":{"start":{"line":119,"column":2},"end":{"line":119,"column":25}},"41":{"start":{"line":123,"column":0},"end":{"line":131,"column":3}},"42":{"start":{"line":125,"column":15},"end":{"line":125,"column":67}},"43":{"start":{"line":126,"column":17},"end":{"line":126,"column":39}},"44":{"start":{"line":126,"column":33},"end":{"line":126,"column":38}},"45":{"start":{"line":127,"column":19},"end":{"line":128,"column":28}},"46":{"start":{"line":130,"column":2},"end":{"line":130,"column":25}}},"fnMap":{"0":{"name":"(anonymous_0)","decl":{"start":{"line":9,"column":45},"end":{"line":9,"column":46}},"loc":{"start":{"line":9,"column":64},"end":{"line":54,"column":1}},"line":9},"1":{"name":"(anonymous_1)","decl":{"start":{"line":57,"column":43},"end":{"line":57,"column":44}},"loc":{"start":{"line":57,"column":62},"end":{"line":91,"column":1}},"line":57},"2":{"name":"(anonymous_2)","decl":{"start":{"line":94,"column":42},"end":{"line":94,"column":43}},"loc":{"start":{"line":94,"column":61},"end":{"line":105,"column":1}},"line":94},"3":{"name":"(anonymous_3)","decl":{"start":{"line":108,"column":44},"end":{"line":108,"column":45}},"loc":{"start":{"line":108,"column":63},"end":{"line":120,"column":1}},"line":108},"4":{"name":"(anonymous_4)","decl":{"start":{"line":123,"column":39},"end":{"line":123,"column":40}},"loc":{"start":{"line":123,"column":58},"end":{"line":131,"column":1}},"line":123},"5":{"name":"(anonymous_5)","decl":{"start":{"line":126,"column":26},"end":{"line":126,"column":27}},"loc":{"start":{"line":126,"column":33},"end":{"line":126,"column":38}},"line":126}},"branchMap":{"0":{"loc":{"start":{"line":13,"column":2},"end":{"line":17,"column":3}},"type":"if","locations":[{"start":{"line":13,"column":2},"end":{"line":17,"column":3}},{"start":{},"end":{}}],"line":13},"1":{"loc":{"start":{"line":20,"column":2},"end":{"line":24,"column":3}},"type":"if","locations":[{"start":{"line":20,"column":2},"end":{"line":24,"column":3}},{"start":{},"end":{}}],"line":20},"2":{"loc":{"start":{"line":20,"column":6},"end":{"line":20,"column":89}},"type":"binary-expr","locations":[{"start":{"line":20,"column":6},"end":{"line":20,"column":34}},{"start":{"line":20,"column":38},"end":{"line":20,"column":89}}],"line":20},"3":{"loc":{"start":{"line":26,"column":2},"end":{"line":30,"column":3}},"type":"if","locations":[{"start":{"line":26,"column":2},"end":{"line":30,"column":3}},{"start":{},"end":{}}],"line":26},"4":{"loc":{"start":{"line":26,"column":24},"end":{"line":26,"column":43}},"type":"binary-expr","locations":[{"start":{"line":26,"column":24},"end":{"line":26,"column":36}},{"start":{"line":26,"column":40},"end":{"line":26,"column":43}}],"line":26},"5":{"loc":{"start":{"line":38,"column":2},"end":{"line":42,"column":3}},"type":"if","locations":[{"start":{"line":38,"column":2},"end":{"line":42,"column":3}},{"start":{},"end":{}}],"line":38},"6":{"loc":{"start":{"line":62,"column":2},"end":{"line":66,"column":3}},"type":"if","locations":[{"start":{"line":62,"column":2},"end":{"line":66,"column":3}},{"start":{},"end":{}}],"line":62},"7":{"loc":{"start":{"line":69,"column":2},"end":{"line":73,"column":3}},"type":"if","locations":[{"start":{"line":69,"column":2},"end":{"line":73,"column":3}},{"start":{},"end":{}}],"line":69},"8":{"loc":{"start":{"line":79,"column":2},"end":{"line":85,"column":3}},"type":"if","locations":[{"start":{"line":79,"column":2},"end":{"line":85,"column":3}},{"start":{},"end":{}}],"line":79},"9":{"loc":{"start":{"line":81,"column":4},"end":{"line":84,"column":5}},"type":"if","locations":[{"start":{"line":81,"column":4},"end":{"line":84,"column":5}},{"start":{},"end":{}}],"line":81}},"s":{"0":1,"1":1,"2":1,"3":1,"4":1,"5":1,"6":5,"7":5,"8":5,"9":1,"10":4,"11":1,"12":3,"13":1,"14":2,"15":2,"16":1,"17":1,"18":1,"19":1,"20":3,"21":3,"22":3,"23":1,"24":2,"25":2,"26":1,"27":1,"28":1,"29":1,"30":1,"31":1,"32":1,"33":1,"34":1,"35":1,"36":1,"37":1,"38":1,"39":1,"40":1,"41":1,"42":1,"43":1,"44":2,"45":1,"46":1},"f":{"0":5,"1":3,"2":1,"3":1,"4":1,"5":2},"b":{"0":[1,4],"1":[1,3],"2":[4,4],"3":[1,2],"4":[3,0],"5":[1,1],"6":[1,2],"7":[1,1],"8":[1,0],"9":[1,0]},"_coverageSchema":"1a1c01bbd47fc00a2c39e90264f33305004495a9","hash":"cb085cda7ae07dd22fc84f1effd3de199c9a005b"}
,"C:\\Users\\Umair_Salah\\Documents\\GitHub\\SmartBin\\backend\\src\\controllers\\userController.js": {"path":"C:\\Users\\Umair_Salah\\Documents\\GitHub\\SmartBin\\backend\\src\\controllers\\userController.js","statementMap":{"0":{"start":{"line":1,"column":13},"end":{"line":1,"column":38}},"1":{"start":{"line":2,"column":69},"end":{"line":2,"column":99}},"2":{"start":{"line":3,"column":43},"end":{"line":3,"column":66}},"3":{"start":{"line":4,"column":25},"end":{"line":4,"column":66}},"4":{"start":{"line":7,"column":0},"end":{"line":83,"column":3}},"5":{"start":{"line":8,"column":15},"end":{"line":8,"column":47}},"6":{"start":{"line":9,"column":2},"end":{"line":13,"column":3}},"7":{"start":{"line":10,"column":4},"end":{"line":12,"column":6}},"8":{"start":{"line":15,"column":2},"end":{"line":19,"column":3}},"9":{"start":{"line":16,"column":4},"end":{"line":18,"column":6}},"10":{"start":{"line":21,"column":28},"end":{"line":21,"column":42}},"11":{"start":{"line":23,"column":2},"end":{"line":31,"column":3}},"12":{"start":{"line":24,"column":20},"end":{"line":24,"column":75}},"13":{"start":{"line":25,"column":4},"end":{"line":29,"column":5}},"14":{"start":{"line":26,"column":6},"end":{"line":28,"column":8}},"15":{"start":{"line":30,"column":4},"end":{"line":30,"column":24}},"16":{"start":{"line":33,"column":2},"end":{"line":70,"column":3}},"17":{"start":{"line":34,"column":24},"end":{"line":36,"column":5}},"18":{"start":{"line":38,"column":4},"end":{"line":40,"column":5}},"19":{"start":{"line":39,"column":6},"end":{"line":39,"column":96}},"20":{"start":{"line":41,"column":4},"end":{"line":43,"column":5}},"21":{"start":{"line":42,"column":6},"end":{"line":42,"column":90}},"22":{"start":{"line":44,"column":4},"end":{"line":46,"column":5}},"23":{"start":{"line":45,"column":6},"end":{"line":45,"column":104}},"24":{"start":{"line":48,"column":4},"end":{"line":66,"column":5}},"25":{"start":{"line":49,"column":23},"end":{"line":49,"column":34}},"26":{"start":{"line":50,"column":23},"end":{"line":50,"column":34}},"27":{"start":{"line":52,"column":6},"end":{"line":65,"column":7}},"28":{"start":{"line":54,"column":8},"end":{"line":54,"column":31}},"29":{"start":{"line":55,"column":8},"end":{"line":55,"column":31}},"30":{"start":{"line":56,"column":13},"end":{"line":65,"column":7}},"31":{"start":{"line":57,"column":8},"end":{"line":57,"column":35}},"32":{"start":{"line":58,"column":8},"end":{"line":58,"column":35}},"33":{"start":{"line":60,"column":8},"end":{"line":64,"column":10}},"34":{"start":{"line":68,"column":4},"end":{"line":68,"column":31}},"35":{"start":{"line":69,"column":4},"end":{"line":69,"column":33}},"36":{"start":{"line":72,"column":2},"end":{"line":72,"column":20}},"37":{"start":{"line":74,"column":2},"end":{"line":82,"column":5}}},"fnMap":{"0":{"name":"(anonymous_0)","decl":{"start":{"line":7,"column":37},"end":{"line":7,"column":38}},"loc":{"start":{"line":7,"column":56},"end":{"line":83,"column":1}},"line":7}},"branchMap":{"0":{"loc":{"start":{"line":9,"column":2},"end":{"line":13,"column":3}},"type":"if","locations":[{"start":{"line":9,"column":2},"end":{"line":13,"column":3}},{"start":{},"end":{}}],"line":9},"1":{"loc":{"start":{"line":15,"column":2},"end":{"line":19,"column":3}},"type":"if","locations":[{"start":{"line":15,"column":2},"end":{"line":19,"column":3}},{"start":{},"end":{}}],"line":15},"2":{"loc":{"start":{"line":21,"column":28},"end":{"line":21,"column":42}},"type":"binary-expr","locations":[{"start":{"line":21,"column":28},"end":{"line":21,"column":36}},{"start":{"line":21,"column":40},"end":{"line":21,"column":42}}],"line":21},"3":{"loc":{"start":{"line":23,"column":2},"end":{"line":31,"column":3}},"type":"if","locations":[{"start":{"line":23,"column":2},"end":{"line":31,"column":3}},{"start":{},"end":{}}],"line":23},"4":{"loc":{"start":{"line":25,"column":4},"end":{"line":29,"column":5}},"type":"if","locations":[{"start":{"line":25,"column":4},"end":{"line":29,"column":5}},{"start":{},"end":{}}],"line":25},"5":{"loc":{"start":{"line":25,"column":8},"end":{"line":25,"column":70}},"type":"binary-expr","locations":[{"start":{"line":25,"column":8},"end":{"line":25,"column":16}},{"start":{"line":25,"column":20},"end":{"line":25,"column":70}}],"line":25},"6":{"loc":{"start":{"line":33,"column":2},"end":{"line":70,"column":3}},"type":"if","locations":[{"start":{"line":33,"column":2},"end":{"line":70,"column":3}},{"start":{},"end":{}}],"line":33},"7":{"loc":{"start":{"line":33,"column":6},"end":{"line":33,"column":44}},"type":"binary-expr","locations":[{"start":{"line":33,"column":6},"end":{"line":33,"column":13}},{"start":{"line":33,"column":17},"end":{"line":33,"column":44}}],"line":33},"8":{"loc":{"start":{"line":35,"column":10},"end":{"line":35,"column":79}},"type":"cond-expr","locations":[{"start":{"line":35,"column":35},"end":{"line":35,"column":58}},{"start":{"line":35,"column":61},"end":{"line":35,"column":79}}],"line":35},"9":{"loc":{"start":{"line":35,"column":61},"end":{"line":35,"column":79}},"type":"binary-expr","locations":[{"start":{"line":35,"column":61},"end":{"line":35,"column":73}},{"start":{"line":35,"column":77},"end":{"line":35,"column":79}}],"line":35},"10":{"loc":{"start":{"line":38,"column":4},"end":{"line":40,"column":5}},"type":"if","locations":[{"start":{"line":38,"column":4},"end":{"line":40,"column":5}},{"start":{},"end":{}}],"line":38},"11":{"loc":{"start":{"line":41,"column":4},"end":{"line":43,"column":5}},"type":"if","locations":[{"start":{"line":41,"column":4},"end":{"line":43,"column":5}},{"start":{},"end":{}}],"line":41},"12":{"loc":{"start":{"line":44,"column":4},"end":{"line":46,"column":5}},"type":"if","locations":[{"start":{"line":44,"column":4},"end":{"line":46,"column":5}},{"start":{},"end":{}}],"line":44},"13":{"loc":{"start":{"line":48,"column":4},"end":{"line":66,"column":5}},"type":"if","locations":[{"start":{"line":48,"column":4},"end":{"line":66,"column":5}},{"start":{},"end":{}}],"line":48},"14":{"loc":{"start":{"line":48,"column":8},"end":{"line":48,"column":44}},"type":"binary-expr","locations":[{"start":{"line":48,"column":8},"end":{"line":48,"column":24}},{"start":{"line":48,"column":28},"end":{"line":48,"column":44}}],"line":48},"15":{"loc":{"start":{"line":52,"column":6},"end":{"line":65,"column":7}},"type":"if","locations":[{"start":{"line":52,"column":6},"end":{"line":65,"column":7}},{"start":{"line":56,"column":13},"end":{"line":65,"column":7}}],"line":52},"16":{"loc":{"start":{"line":52,"column":10},"end":{"line":52,"column":86}},"type":"binary-expr","locations":[{"start":{"line":52,"column":10},"end":{"line":52,"column":27}},{"start":{"line":52,"column":31},"end":{"line":52,"column":46}},{"start":{"line":52,"column":50},"end":{"line":52,"column":67}},{"start":{"line":52,"column":71},"end":{"line":52,"column":86}}],"line":52},"17":{"loc":{"start":{"line":56,"column":13},"end":{"line":65,"column":7}},"type":"if","locations":[{"start":{"line":56,"column":13},"end":{"line":65,"column":7}},{"start":{"line":59,"column":13},"end":{"line":65,"column":7}}],"line":56}},"s":{"0":1,"1":1,"2":1,"3":1,"4":1,"5":5,"6":5,"7":1,"8":4,"9":1,"10":3,"11":3,"12":2,"13":2,"14":1,"15":1,"16":2,"17":2,"18":2,"19":1,"20":2,"21":1,"22":2,"23":1,"24":2,"25":2,"26":2,"27":2,"28":1,"29":1,"30":1,"31":0,"32":0,"33":1,"34":1,"35":1,"36":1,"37":1},"f":{"0":5},"b":{"0":[1,4],"1":[1,3],"2":[3,0],"3":[2,1],"4":[1,1],"5":[2,2],"6":[2,0],"7":[2,2],"8":[1,1],"9":[1,0],"10":[1,1],"11":[1,1],"12":[1,1],"13":[2,0],"14":[2,2],"15":[1,1],"16":[2,1,1,1],"17":[0,1]},"_coverageSchema":"1a1c01bbd47fc00a2c39e90264f33305004495a9","hash":"ff02ed3128665afcd72b3ba1e228c9dc77788a1f"}
,"C:\\Users\\Umair_Salah\\Documents\\GitHub\\SmartBin\\backend\\src\\middlewares\\authMiddleware.js": {"path":"C:\\Users\\Umair_Salah\\Documents\\GitHub\\SmartBin\\backend\\src\\middlewares\\authMiddleware.js","statementMap":{"0":{"start":{"line":1,"column":12},"end":{"line":1,"column":35}},"1":{"start":{"line":2,"column":13},"end":{"line":2,"column":38}},"2":{"start":{"line":4,"column":19},"end":{"line":4,"column":56}},"3":{"start":{"line":10,"column":0},"end":{"line":35,"column":2}},"4":{"start":{"line":11,"column":2},"end":{"line":34,"column":3}},"5":{"start":{"line":12,"column":23},"end":{"line":12,"column":83}},"6":{"start":{"line":13,"column":4},"end":{"line":15,"column":5}},"7":{"start":{"line":14,"column":6},"end":{"line":14,"column":90}},"8":{"start":{"line":16,"column":18},"end":{"line":16,"column":41}},"9":{"start":{"line":18,"column":4},"end":{"line":22,"column":5}},"10":{"start":{"line":19,"column":6},"end":{"line":19,"column":46}},"11":{"start":{"line":21,"column":6},"end":{"line":21,"column":75}},"12":{"start":{"line":24,"column":17},"end":{"line":24,"column":78}},"13":{"start":{"line":25,"column":4},"end":{"line":27,"column":5}},"14":{"start":{"line":26,"column":6},"end":{"line":26,"column":65}},"15":{"start":{"line":29,"column":4},"end":{"line":29,"column":85}},"16":{"start":{"line":30,"column":4},"end":{"line":30,"column":11}},"17":{"start":{"line":32,"column":4},"end":{"line":32,"column":50}},"18":{"start":{"line":33,"column":4},"end":{"line":33,"column":54}}},"fnMap":{"0":{"name":"authMiddleware","decl":{"start":{"line":10,"column":32},"end":{"line":10,"column":46}},"loc":{"start":{"line":10,"column":63},"end":{"line":35,"column":1}},"line":10}},"branchMap":{"0":{"loc":{"start":{"line":4,"column":19},"end":{"line":4,"column":56}},"type":"binary-expr","locations":[{"start":{"line":4,"column":19},"end":{"line":4,"column":41}},{"start":{"line":4,"column":45},"end":{"line":4,"column":56}}],"line":4},"1":{"loc":{"start":{"line":12,"column":23},"end":{"line":12,"column":83}},"type":"binary-expr","locations":[{"start":{"line":12,"column":23},"end":{"line":12,"column":51}},{"start":{"line":12,"column":55},"end":{"line":12,"column":83}}],"line":12},"2":{"loc":{"start":{"line":13,"column":4},"end":{"line":15,"column":5}},"type":"if","locations":[{"start":{"line":13,"column":4},"end":{"line":15,"column":5}},{"start":{},"end":{}}],"line":13},"3":{"loc":{"start":{"line":13,"column":8},"end":{"line":13,"column":56}},"type":"binary-expr","locations":[{"start":{"line":13,"column":8},"end":{"line":13,"column":19}},{"start":{"line":13,"column":23},"end":{"line":13,"column":56}}],"line":13},"4":{"loc":{"start":{"line":25,"column":4},"end":{"line":27,"column":5}},"type":"if","locations":[{"start":{"line":25,"column":4},"end":{"line":27,"column":5}},{"start":{},"end":{}}],"line":25}},"s":{"0":5,"1":5,"2":5,"3":5,"4":5,"5":5,"6":5,"7":1,"8":4,"9":4,"10":4,"11":1,"12":3,"13":2,"14":1,"15":1,"16":1,"17":1,"18":1},"f":{"0":5},"b":{"0":[5,0],"1":[5,1],"2":[1,4],"3":[5,4],"4":[1,1]},"_coverageSchema":"1a1c01bbd47fc00a2c39e90264f33305004495a9","hash":"4751ec08c707eaf14d07779d1efd9d82a238709d"}
,"C:\\Users\\Umair_Salah\\Documents\\GitHub\\SmartBin\\backend\\src\\middlewares\\errorMiddleware.js": {"path":"C:\\Users\\Umair_Salah\\Documents\\GitHub\\SmartBin\\backend\\src\\middlewares\\errorMiddleware.js","statementMap":{"0":{"start":{"line":2,"column":32},"end":{"line":2,"column":62}},"1":{"start":{"line":3,"column":24},"end":{"line":3,"column":47}},"2":{"start":{"line":9,"column":27},"end":{"line":58,"column":1}},"3":{"start":{"line":10,"column":2},"end":{"line":16,"column":5}},"4":{"start":{"line":19,"column":2},"end":{"line":25,"column":3}},"5":{"start":{"line":21,"column":19},"end":{"line":21,"column":64}},"6":{"start":{"line":21,"column":54},"end":{"line":21,"column":63}},"7":{"start":{"line":22,"column":4},"end":{"line":24,"column":6}},"8":{"start":{"line":27,"column":2},"end":{"line":32,"column":3}},"9":{"start":{"line":29,"column":4},"end":{"line":31,"column":6}},"10":{"start":{"line":34,"column":2},"end":{"line":40,"column":3}},"11":{"start":{"line":36,"column":18},"end":{"line":36,"column":46}},"12":{"start":{"line":37,"column":4},"end":{"line":39,"column":6}},"13":{"start":{"line":42,"column":2},"end":{"line":46,"column":3}},"14":{"start":{"line":43,"column":4},"end":{"line":45,"column":6}},"15":{"start":{"line":48,"column":2},"end":{"line":52,"column":3}},"16":{"start":{"line":49,"column":4},"end":{"line":51,"column":6}},"17":{"start":{"line":55,"column":2},"end":{"line":57,"column":4}},"18":{"start":{"line":63,"column":24},"end":{"line":67,"column":1}},"19":{"start":{"line":64,"column":2},"end":{"line":66,"column":4}},"20":{"start":{"line":73,"column":21},"end":{"line":77,"column":1}},"21":{"start":{"line":74,"column":2},"end":{"line":76,"column":4}},"22":{"start":{"line":75,"column":4},"end":{"line":75,"column":52}},"23":{"start":{"line":84,"column":4},"end":{"line":84,"column":19}},"24":{"start":{"line":85,"column":4},"end":{"line":85,"column":33}},"25":{"start":{"line":86,"column":4},"end":{"line":86,"column":27}},"26":{"start":{"line":87,"column":4},"end":{"line":87,"column":30}},"27":{"start":{"line":89,"column":4},"end":{"line":89,"column":52}},"28":{"start":{"line":93,"column":0},"end":{"line":98,"column":2}}},"fnMap":{"0":{"name":"(anonymous_0)","decl":{"start":{"line":9,"column":27},"end":{"line":9,"column":28}},"loc":{"start":{"line":9,"column":53},"end":{"line":58,"column":1}},"line":9},"1":{"name":"(anonymous_1)","decl":{"start":{"line":21,"column":49},"end":{"line":21,"column":50}},"loc":{"start":{"line":21,"column":54},"end":{"line":21,"column":63}},"line":21},"2":{"name":"(anonymous_2)","decl":{"start":{"line":63,"column":24},"end":{"line":63,"column":25}},"loc":{"start":{"line":63,"column":38},"end":{"line":67,"column":1}},"line":63},"3":{"name":"(anonymous_3)","decl":{"start":{"line":73,"column":21},"end":{"line":73,"column":22}},"loc":{"start":{"line":73,"column":29},"end":{"line":77,"column":1}},"line":73},"4":{"name":"(anonymous_4)","decl":{"start":{"line":74,"column":9},"end":{"line":74,"column":10}},"loc":{"start":{"line":74,"column":29},"end":{"line":76,"column":3}},"line":74},"5":{"name":"(anonymous_5)","decl":{"start":{"line":83,"column":2},"end":{"line":83,"column":3}},"loc":{"start":{"line":83,"column":87},"end":{"line":90,"column":3}},"line":83}},"branchMap":{"0":{"loc":{"start":{"line":19,"column":2},"end":{"line":25,"column":3}},"type":"if","locations":[{"start":{"line":19,"column":2},"end":{"line":25,"column":3}},{"start":{},"end":{}}],"line":19},"1":{"loc":{"start":{"line":27,"column":2},"end":{"line":32,"column":3}},"type":"if","locations":[{"start":{"line":27,"column":2},"end":{"line":32,"column":3}},{"start":{},"end":{}}],"line":27},"2":{"loc":{"start":{"line":34,"column":2},"end":{"line":40,"column":3}},"type":"if","locations":[{"start":{"line":34,"column":2},"end":{"line":40,"column":3}},{"start":{},"end":{}}],"line":34},"3":{"loc":{"start":{"line":42,"column":2},"end":{"line":46,"column":3}},"type":"if","locations":[{"start":{"line":42,"column":2},"end":{"line":46,"column":3}},{"start":{},"end":{}}],"line":42},"4":{"loc":{"start":{"line":48,"column":2},"end":{"line":52,"column":3}},"type":"if","locations":[{"start":{"line":48,"column":2},"end":{"line":52,"column":3}},{"start":{},"end":{}}],"line":48},"5":{"loc":{"start":{"line":83,"column":23},"end":{"line":83,"column":69}},"type":"default-arg","locations":[{"start":{"line":83,"column":36},"end":{"line":83,"column":69}}],"line":83},"6":{"loc":{"start":{"line":83,"column":71},"end":{"line":83,"column":85}},"type":"default-arg","locations":[{"start":{"line":83,"column":81},"end":{"line":83,"column":85}}],"line":83}},"s":{"0":4,"1":4,"2":4,"3":6,"4":6,"5":1,"6":2,"7":1,"8":5,"9":1,"10":4,"11":1,"12":1,"13":3,"14":1,"15":2,"16":1,"17":1,"18":4,"19":1,"20":4,"21":10,"22":27,"23":1,"24":1,"25":1,"26":1,"27":1,"28":4},"f":{"0":6,"1":2,"2":1,"3":10,"4":27,"5":1},"b":{"0":[1,5],"1":[1,4],"2":[1,3],"3":[1,2],"4":[1,1],"5":[1],"6":[1]},"_coverageSchema":"1a1c01bbd47fc00a2c39e90264f33305004495a9","hash":"7a02ee6702cb2c0058e570fd35d3e736402fd0c9"}
,"C:\\Users\\Umair_Salah\\Documents\\GitHub\\SmartBin\\backend\\src\\middlewares\\roleMiddleware.js": {"path":"C:\\Users\\Umair_Salah\\Documents\\GitHub\\SmartBin\\backend\\src\\middlewares\\roleMiddleware.js","statementMap":{"0":{"start":{"line":4,"column":23},"end":{"line":4,"column":61}},"1":{"start":{"line":6,"column":2},"end":{"line":18,"column":4}},"2":{"start":{"line":7,"column":4},"end":{"line":9,"column":5}},"3":{"start":{"line":8,"column":6},"end":{"line":8,"column":74}},"4":{"start":{"line":11,"column":4},"end":{"line":15,"column":5}},"5":{"start":{"line":12,"column":6},"end":{"line":14,"column":9}},"6":{"start":{"line":17,"column":4},"end":{"line":17,"column":11}},"7":{"start":{"line":22,"column":21},"end":{"line":22,"column":47}},"8":{"start":{"line":22,"column":27},"end":{"line":22,"column":47}},"9":{"start":{"line":23,"column":25},"end":{"line":23,"column":66}},"10":{"start":{"line":23,"column":31},"end":{"line":23,"column":66}},"11":{"start":{"line":24,"column":24},"end":{"line":24,"column":53}},"12":{"start":{"line":24,"column":30},"end":{"line":24,"column":53}},"13":{"start":{"line":26,"column":0},"end":{"line":31,"column":2}}},"fnMap":{"0":{"name":"requireRole","decl":{"start":{"line":2,"column":9},"end":{"line":2,"column":20}},"loc":{"start":{"line":2,"column":28},"end":{"line":19,"column":1}},"line":2},"1":{"name":"(anonymous_1)","decl":{"start":{"line":6,"column":9},"end":{"line":6,"column":10}},"loc":{"start":{"line":6,"column":34},"end":{"line":18,"column":3}},"line":6},"2":{"name":"(anonymous_2)","decl":{"start":{"line":22,"column":21},"end":{"line":22,"column":22}},"loc":{"start":{"line":22,"column":27},"end":{"line":22,"column":47}},"line":22},"3":{"name":"(anonymous_3)","decl":{"start":{"line":23,"column":25},"end":{"line":23,"column":26}},"loc":{"start":{"line":23,"column":31},"end":{"line":23,"column":66}},"line":23},"4":{"name":"(anonymous_4)","decl":{"start":{"line":24,"column":24},"end":{"line":24,"column":25}},"loc":{"start":{"line":24,"column":30},"end":{"line":24,"column":53}},"line":24}},"branchMap":{"0":{"loc":{"start":{"line":4,"column":23},"end":{"line":4,"column":61}},"type":"cond-expr","locations":[{"start":{"line":4,"column":46},"end":{"line":4,"column":51}},{"start":{"line":4,"column":54},"end":{"line":4,"column":61}}],"line":4},"1":{"loc":{"start":{"line":7,"column":4},"end":{"line":9,"column":5}},"type":"if","locations":[{"start":{"line":7,"column":4},"end":{"line":9,"column":5}},{"start":{},"end":{}}],"line":7},"2":{"loc":{"start":{"line":11,"column":4},"end":{"line":15,"column":5}},"type":"if","locations":[{"start":{"line":11,"column":4},"end":{"line":15,"column":5}},{"start":{},"end":{}}],"line":11}},"s":{"0":6,"1":6,"2":6,"3":1,"4":5,"5":3,"6":2,"7":1,"8":1,"9":1,"10":1,"11":1,"12":1,"13":1},"f":{"0":6,"1":6,"2":1,"3":1,"4":1},"b":{"0":[2,4],"1":[1,5],"2":[3,2]},"_coverageSchema":"1a1c01bbd47fc00a2c39e90264f33305004495a9","hash":"7a4914eca3a9cc066919b642ec376994af210671"}
,"C:\\Users\\Umair_Salah\\Documents\\GitHub\\SmartBin\\backend\\src\\middlewares\\validationMiddleware.js": {"path":"C:\\Users\\Umair_Salah\\Documents\\GitHub\\SmartBin\\backend\\src\\middlewares\\validationMiddleware.js","statementMap":{"0":{"start":{"line":2,"column":32},"end":{"line":2,"column":62}},"1":{"start":{"line":3,"column":24},"end":{"line":3,"column":47}},"2":{"start":{"line":8,"column":27},"end":{"line":15,"column":1}},"3":{"start":{"line":9,"column":2},"end":{"line":13,"column":3}},"4":{"start":{"line":10,"column":4},"end":{"line":12,"column":6}},"5":{"start":{"line":14,"column":2},"end":{"line":14,"column":9}},"6":{"start":{"line":21,"column":22},"end":{"line":33,"column":1}},"7":{"start":{"line":22,"column":2},"end":{"line":32,"column":4}},"8":{"start":{"line":23,"column":26},"end":{"line":23,"column":74}},"9":{"start":{"line":23,"column":57},"end":{"line":23,"column":73}},"10":{"start":{"line":25,"column":4},"end":{"line":29,"column":5}},"11":{"start":{"line":26,"column":6},"end":{"line":28,"column":8}},"12":{"start":{"line":31,"column":4},"end":{"line":31,"column":11}},"13":{"start":{"line":38,"column":31},"end":{"line":48,"column":1}},"14":{"start":{"line":39,"column":2},"end":{"line":46,"column":3}},"15":{"start":{"line":40,"column":24},"end":{"line":40,"column":47}},"16":{"start":{"line":41,"column":4},"end":{"line":45,"column":5}},"17":{"start":{"line":42,"column":6},"end":{"line":44,"column":8}},"18":{"start":{"line":47,"column":2},"end":{"line":47,"column":9}},"19":{"start":{"line":56,"column":21},"end":{"line":78,"column":1}},"20":{"start":{"line":57,"column":2},"end":{"line":77,"column":4}},"21":{"start":{"line":58,"column":18},"end":{"line":58,"column":37}},"22":{"start":{"line":60,"column":4},"end":{"line":62,"column":5}},"23":{"start":{"line":61,"column":6},"end":{"line":61,"column":20}},"24":{"start":{"line":64,"column":4},"end":{"line":68,"column":5}},"25":{"start":{"line":65,"column":6},"end":{"line":67,"column":8}},"26":{"start":{"line":70,"column":4},"end":{"line":74,"column":5}},"27":{"start":{"line":71,"column":6},"end":{"line":73,"column":8}},"28":{"start":{"line":76,"column":4},"end":{"line":76,"column":11}},"29":{"start":{"line":85,"column":23},"end":{"line":121,"column":1}},"30":{"start":{"line":86,"column":81},"end":{"line":86,"column":88}},"31":{"start":{"line":88,"column":2},"end":{"line":120,"column":4}},"32":{"start":{"line":89,"column":18},"end":{"line":89,"column":37}},"33":{"start":{"line":91,"column":4},"end":{"line":93,"column":5}},"34":{"start":{"line":92,"column":6},"end":{"line":92,"column":20}},"35":{"start":{"line":95,"column":4},"end":{"line":99,"column":5}},"36":{"start":{"line":96,"column":6},"end":{"line":98,"column":8}},"37":{"start":{"line":101,"column":4},"end":{"line":105,"column":5}},"38":{"start":{"line":102,"column":6},"end":{"line":104,"column":8}},"39":{"start":{"line":107,"column":4},"end":{"line":111,"column":5}},"40":{"start":{"line":108,"column":6},"end":{"line":110,"column":8}},"41":{"start":{"line":113,"column":4},"end":{"line":117,"column":5}},"42":{"start":{"line":114,"column":6},"end":{"line":116,"column":8}},"43":{"start":{"line":119,"column":4},"end":{"line":119,"column":11}},"44":{"start":{"line":127,"column":25},"end":{"line":140,"column":1}},"45":{"start":{"line":128,"column":2},"end":{"line":139,"column":4}},"46":{"start":{"line":129,"column":15},"end":{"line":129,"column":36}},"47":{"start":{"line":130,"column":26},"end":{"line":130,"column":45}},"48":{"start":{"line":132,"column":4},"end":{"line":136,"column":5}},"49":{"start":{"line":133,"column":6},"end":{"line":135,"column":8}},"50":{"start":{"line":138,"column":4},"end":{"line":138,"column":11}},"51":{"start":{"line":142,"column":0},"end":{"line":149,"column":2}}},"fnMap":{"0":{"name":"(anonymous_0)","decl":{"start":{"line":8,"column":27},"end":{"line":8,"column":28}},"loc":{"start":{"line":8,"column":47},"end":{"line":15,"column":1}},"line":8},"1":{"name":"(anonymous_1)","decl":{"start":{"line":21,"column":22},"end":{"line":21,"column":23}},"loc":{"start":{"line":21,"column":42},"end":{"line":33,"column":1}},"line":21},"2":{"name":"(anonymous_2)","decl":{"start":{"line":22,"column":9},"end":{"line":22,"column":10}},"loc":{"start":{"line":22,"column":29},"end":{"line":32,"column":3}},"line":22},"3":{"name":"(anonymous_3)","decl":{"start":{"line":23,"column":48},"end":{"line":23,"column":49}},"loc":{"start":{"line":23,"column":57},"end":{"line":23,"column":73}},"line":23},"4":{"name":"(anonymous_4)","decl":{"start":{"line":38,"column":31},"end":{"line":38,"column":32}},"loc":{"start":{"line":38,"column":51},"end":{"line":48,"column":1}},"line":38},"5":{"name":"(anonymous_5)","decl":{"start":{"line":56,"column":21},"end":{"line":56,"column":22}},"loc":{"start":{"line":56,"column":69},"end":{"line":78,"column":1}},"line":56},"6":{"name":"(anonymous_6)","decl":{"start":{"line":57,"column":9},"end":{"line":57,"column":10}},"loc":{"start":{"line":57,"column":29},"end":{"line":77,"column":3}},"line":57},"7":{"name":"(anonymous_7)","decl":{"start":{"line":85,"column":23},"end":{"line":85,"column":24}},"loc":{"start":{"line":85,"column":52},"end":{"line":121,"column":1}},"line":85},"8":{"name":"(anonymous_8)","decl":{"start":{"line":88,"column":9},"end":{"line":88,"column":10}},"loc":{"start":{"line":88,"column":29},"end":{"line":120,"column":3}},"line":88},"9":{"name":"(anonymous_9)","decl":{"start":{"line":127,"column":25},"end":{"line":127,"column":26}},"loc":{"start":{"line":127,"column":40},"end":{"line":140,"column":1}},"line":127},"10":{"name":"(anonymous_10)","decl":{"start":{"line":128,"column":9},"end":{"line":128,"column":10}},"loc":{"start":{"line":128,"column":29},"end":{"line":139,"column":3}},"line":128}},"branchMap":{"0":{"loc":{"start":{"line":9,"column":2},"end":{"line":13,"column":3}},"type":"if","locations":[{"start":{"line":9,"column":2},"end":{"line":13,"column":3}},{"start":{},"end":{}}],"line":9},"1":{"loc":{"start":{"line":9,"column":6},"end":{"line":9,"column":53}},"type":"binary-expr","locations":[{"start":{"line":9,"column":6},"end":{"line":9,"column":15}},{"start":{"line":9,"column":19},"end":{"line":9,"column":53}}],"line":9},"2":{"loc":{"start":{"line":25,"column":4},"end":{"line":29,"column":5}},"type":"if","locations":[{"start":{"line":25,"column":4},"end":{"line":29,"column":5}},{"start":{},"end":{}}],"line":25},"3":{"loc":{"start":{"line":39,"column":2},"end":{"line":46,"column":3}},"type":"if","locations":[{"start":{"line":39,"column":2},"end":{"line":46,"column":3}},{"start":{},"end":{}}],"line":39},"4":{"loc":{"start":{"line":39,"column":6},"end":{"line":39,"column":77}},"type":"binary-expr","locations":[{"start":{"line":39,"column":6},"end":{"line":39,"column":27}},{"start":{"line":39,"column":31},"end":{"line":39,"column":51}},{"start":{"line":39,"column":55},"end":{"line":39,"column":77}}],"line":39},"5":{"loc":{"start":{"line":41,"column":4},"end":{"line":45,"column":5}},"type":"if","locations":[{"start":{"line":41,"column":4},"end":{"line":45,"column":5}},{"start":{},"end":{}}],"line":41},"6":{"loc":{"start":{"line":41,"column":8},"end":{"line":41,"column":65}},"type":"binary-expr","locations":[{"start":{"line":41,"column":8},"end":{"line":41,"column":20}},{"start":{"line":41,"column":24},"end":{"line":41,"column":65}}],"line":41},"7":{"loc":{"start":{"line":56,"column":48},"end":{"line":56,"column":64}},"type":"default-arg","locations":[{"start":{"line":56,"column":59},"end":{"line":56,"column":64}}],"line":56},"8":{"loc":{"start":{"line":60,"column":4},"end":{"line":62,"column":5}},"type":"if","locations":[{"start":{"line":60,"column":4},"end":{"line":62,"column":5}},{"start":{},"end":{}}],"line":60},"9":{"loc":{"start":{"line":60,"column":8},"end":{"line":60,"column":26}},"type":"binary-expr","locations":[{"start":{"line":60,"column":8},"end":{"line":60,"column":14}},{"start":{"line":60,"column":18},"end":{"line":60,"column":26}}],"line":60},"10":{"loc":{"start":{"line":64,"column":4},"end":{"line":68,"column":5}},"type":"if","locations":[{"start":{"line":64,"column":4},"end":{"line":68,"column":5}},{"start":{},"end":{}}],"line":64},"11":{"loc":{"start":{"line":70,"column":4},"end":{"line":74,"column":5}},"type":"if","locations":[{"start":{"line":70,"column":4},"end":{"line":74,"column":5}},{"start":{},"end":{}}],"line":70},"12":{"loc":{"start":{"line":85,"column":35},"end":{"line":85,"column":47}},"type":"default-arg","locations":[{"start":{"line":85,"column":45},"end":{"line":85,"column":47}}],"line":85},"13":{"loc":{"start":{"line":86,"col
[...]
":31,"column":45}},"type":"binary-expr","locations":[{"start":{"line":31,"column":8},"end":{"line":31,"column":13}},{"start":{"line":31,"column":17},"end":{"line":31,"column":23}},{"start":{"line":31,"column":27},"end":{"line":31,"column":36}},{"start":{"line":31,"column":40},"end":{"line":31,"column":45}}],"line":31},"2":{"loc":{"start":{"line":41,"column":4},"end":{"line":47,"column":5}},"type":"if","locations":[{"start":{"line":41,"column":4},"end":{"line":47,"column":5}},{"start":{},"end":{}}],"line":41},"3":{"loc":{"start":{"line":41,"column":8},"end":{"line":41,"column":42}},"type":"binary-expr","locations":[{"start":{"line":41,"column":8},"end":{"line":41,"column":18}},{"start":{"line":41,"column":22},"end":{"line":41,"column":42}}],"line":41},"4":{"loc":{"start":{"line":50,"column":4},"end":{"line":56,"column":5}},"type":"if","locations":[{"start":{"line":50,"column":4},"end":{"line":56,"column":5}},{"start":{},"end":{}}],"line":50},"5":{"loc":{"start":{"line":59,"column":4},"end":{"line":65,"column":5}},"type":"if","locations":[{"start":{"line":59,"column":4},"end":{"line":65,"column":5}},{"start":{},"end":{}}],"line":59},"6":{"loc":{"start":{"line":68,"column":4},"end":{"line":74,"column":5}},"type":"if","locations":[{"start":{"line":68,"column":4},"end":{"line":74,"column":5}},{"start":{},"end":{}}],"line":68},"7":{"loc":{"start":{"line":78,"column":4},"end":{"line":84,"column":5}},"type":"if","locations":[{"start":{"line":78,"column":4},"end":{"line":84,"column":5}},{"start":{},"end":{}}],"line":78},"8":{"loc":{"start":{"line":95,"column":4},"end":{"line":115,"column":5}},"type":"if","locations":[{"start":{"line":95,"column":4},"end":{"line":115,"column":5}},{"start":{},"end":{}}],"line":95},"9":{"loc":{"start":{"line":95,"column":8},"end":{"line":95,"column":46}},"type":"binary-expr","locations":[{"start":{"line":95,"column":8},"end":{"line":95,"column":15}},{"start":{"line":95,"column":19},"end":{"line":95,"column":46}}],"line":95},"10":{"loc":{"start":{"line":103,"column":6},"end":{"line":114,"column":7}},"type":"if","locations":[{"start":{"line":103,"column":6},"end":{"line":114,"column":7}},{"start":{},"end":{}}],"line":103},"11":{"loc":{"start":{"line":103,"column":10},"end":{"line":103,"column":64}},"type":"binary-expr","locations":[{"start":{"line":103,"column":10},"end":{"line":103,"column":35}},{"start":{"line":103,"column":39},"end":{"line":103,"column":64}}],"line":103},"12":{"loc":{"start":{"line":104,"column":8},"end":{"line":113,"column":9}},"type":"if","locations":[{"start":{"line":104,"column":8},"end":{"line":113,"column":9}},{"start":{"line":107,"column":15},"end":{"line":113,"column":9}}],"line":104},"13":{"loc":{"start":{"line":131,"column":6},"end":{"line":133,"column":7}},"type":"if","locations":[{"start":{"line":131,"column":6},"end":{"line":133,"column":7}},{"start":{},"end":{}}],"line":131},"14":{"loc":{"start":{"line":138,"column":6},"end":{"line":140,"column":7}},"type":"if","locations":[{"start":{"line":138,"column":6},"end":{"line":140,"column":7}},{"start":{},"end":{}}],"line":138},"15":{"loc":{"start":{"line":159,"column":6},"end":{"line":165,"column":7}},"type":"if","locations":[{"start":{"line":159,"column":6},"end":{"line":165,"column":7}},{"start":{},"end":{}}],"line":159},"16":{"loc":{"start":{"line":185,"column":6},"end":{"line":191,"column":7}},"type":"if","locations":[{"start":{"line":185,"column":6},"end":{"line":191,"column":7}},{"start":{},"end":{}}],"line":185},"17":{"loc":{"start":{"line":185,"column":10},"end":{"line":185,"column":29}},"type":"binary-expr","locations":[{"start":{"line":185,"column":10},"end":{"line":185,"column":16}},{"start":{"line":185,"column":20},"end":{"line":185,"column":29}}],"line":185},"18":{"loc":{"start":{"line":194,"column":6},"end":{"line":200,"column":7}},"type":"if","locations":[{"start":{"line":194,"column":6},"end":{"line":200,"column":7}},{"start":{},"end":{}}],"line":194},"19":{"loc":{"start":{"line":204,"column":6},"end":{"line":210,"column":7}},"type":"if","locations":[{"start":{"line":204,"column":6},"end":{"line":210,"column":7}},{"start":{},"end":{}}],"line":204},"20":{"loc":{"start":{"line":214,"column":6},"end":{"line":220,"column":7}},"type":"if","locations":[{"start":{"line":214,"column":6},"end":{"line":220,"column":7}},{"start":{},"end":{}}],"line":214},"21":{"loc":{"start":{"line":225,"column":6},"end":{"line":227,"column":7}},"type":"if","locations":[{"start":{"line":225,"column":6},"end":{"line":227,"column":7}},{"start":{},"end":{}}],"line":225}},"s":{"0":2,"1":2,"2":2,"3":2,"4":2,"5":8,"6":17,"7":17,"8":1,"9":16,"10":16,"11":1,"12":15,"13":1,"14":14,"15":1,"16":13,"17":1,"18":12,"19":12,"20":2,"21":10,"22":10,"23":2,"24":2,"25":2,"26":1,"27":1,"28":1,"29":9,"30":9,"31":9,"32":9,"33":1,"34":8,"35":7,"36":7,"37":0,"38":7,"39":1,"40":1,"41":0,"42":1,"43":6,"44":6,"45":6,"46":1,"47":5,"48":1,"49":4,"50":3,"51":1,"52":2,"53":2,"54":1,"55":1,"56":1,"57":0,"58":1,"59":1,"60":1,"61":2},"f":{"0":8,"1":17,"2":9,"3":6},"b":{"0":[1,16],"1":[17,16,16,16],"2":[1,15],"3":[16,16],"4":[1,14],"5":[1,13],"6":[1,12],"7":[2,10],"8":[2,8],"9":[10,2],"10":[2,0],"11":[2,2],"12":[1,1],"13":[1,8],"14":[0,7],"15":[0,1],"16":[1,5],"17":[6,5],"18":[1,4],"19":[1,2],"20":[1,1],"21":[0,1]},"_coverageSchema":"1a1c01bbd47fc00a2c39e90264f33305004495a9","hash":"e412c1e8a099c42e3f9bb1e4fbd07226bdf60e7e"}
,"C:\\Users\\Umair_Salah\\Documents\\GitHub\\SmartBin\\backend\\src\\utils\\validation.js": {"path":"C:\\Users\\Umair_Salah\\Documents\\GitHub\\SmartBin\\backend\\src\\utils\\validation.js","statementMap":{"0":{"start":{"line":2,"column":22},"end":{"line":26,"column":1}},"1":{"start":{"line":3,"column":2},"end":{"line":3,"column":46}},"2":{"start":{"line":3,"column":33},"end":{"line":3,"column":46}},"3":{"start":{"line":4,"column":2},"end":{"line":4,"column":61}},"4":{"start":{"line":4,"column":48},"end":{"line":4,"column":61}},"5":{"start":{"line":5,"column":2},"end":{"line":5,"column":37}},"6":{"start":{"line":5,"column":24},"end":{"line":5,"column":37}},"7":{"start":{"line":6,"column":2},"end":{"line":6,"column":41}},"8":{"start":{"line":6,"column":28},"end":{"line":6,"column":41}},"9":{"start":{"line":8,"column":16},"end":{"line":8,"column":32}},"10":{"start":{"line":9,"column":2},"end":{"line":9,"column":39}},"11":{"start":{"line":9,"column":26},"end":{"line":9,"column":39}},"12":{"start":{"line":11,"column":34},"end":{"line":11,"column":39}},"13":{"start":{"line":12,"column":2},"end":{"line":12,"column":69}},"14":{"start":{"line":12,"column":56},"end":{"line":12,"column":69}},"15":{"start":{"line":13,"column":2},"end":{"line":13,"column":73}},"16":{"start":{"line":13,"column":60},"end":{"line":13,"column":73}},"17":{"start":{"line":14,"column":2},"end":{"line":14,"column":74}},"18":{"start":{"line":14,"column":61},"end":{"line":14,"column":74}},"19":{"start":{"line":16,"column":2},"end":{"line":16,"column":71}},"20":{"start":{"line":16,"column":58},"end":{"line":16,"column":71}},"21":{"start":{"line":17,"column":2},"end":{"line":17,"column":57}},"22":{"start":{"line":17,"column":44},"end":{"line":17,"column":57}},"23":{"start":{"line":19,"column":17},"end":{"line":19,"column":38}},"24":{"start":{"line":20,"column":2},"end":{"line":20,"column":38}},"25":{"start":{"line":20,"column":25},"end":{"line":20,"column":38}},"26":{"start":{"line":21,"column":2},"end":{"line":21,"column":84}},"27":{"start":{"line":21,"column":29},"end":{"line":21,"column":68}},"28":{"start":{"line":21,"column":71},"end":{"line":21,"column":84}},"29":{"start":{"line":22,"column":2},"end":{"line":22,"column":89}},"30":{"start":{"line":22,"column":29},"end":{"line":22,"column":73}},"31":{"start":{"line":22,"column":76},"end":{"line":22,"column":89}},"32":{"start":{"line":23,"column":2},"end":{"line":23,"column":57}},"33":{"start":{"line":23,"column":44},"end":{"line":23,"column":57}},"34":{"start":{"line":25,"column":2},"end":{"line":25,"column":14}},"35":{"start":{"line":28,"column":25},"end":{"line":32,"column":1}},"36":{"start":{"line":29,"column":2},"end":{"line":29,"column":49}},"37":{"start":{"line":29,"column":36},"end":{"line":29,"column":49}},"38":{"start":{"line":30,"column":2},"end":{"line":30,"column":40}},"39":{"start":{"line":30,"column":27},"end":{"line":30,"column":40}},"40":{"start":{"line":31,"column":2},"end":{"line":31,"column":61}},"41":{"start":{"line":34,"column":28},"end":{"line":43,"column":1}},"42":{"start":{"line":35,"column":2},"end":{"line":42,"column":4}},"43":{"start":{"line":45,"column":23},"end":{"line":50,"column":1}},"44":{"start":{"line":46,"column":2},"end":{"line":46,"column":41}},"45":{"start":{"line":46,"column":31},"end":{"line":46,"column":41}},"46":{"start":{"line":48,"column":24},"end":{"line":48,"column":86}},"47":{"start":{"line":49,"column":2},"end":{"line":49,"column":44}},"48":{"start":{"line":52,"column":31},"end":{"line":58,"column":1}},"49":{"start":{"line":53,"column":21},"end":{"line":55,"column":29}},"50":{"start":{"line":57,"column":2},"end":{"line":57,"column":90}},"51":{"start":{"line":61,"column":28},"end":{"line":65,"column":1}},"52":{"start":{"line":62,"column":19},"end":{"line":62,"column":30}},"53":{"start":{"line":63,"column":2},"end":{"line":63,"column":76}},"54":{"start":{"line":63,"column":49},"end":{"line":63,"column":76}},"55":{"start":{"line":64,"column":2},"end":{"line":64,"column":18}},"56":{"start":{"line":67,"column":0},"end":{"line":74,"column":2}}},"fnMap":{"0":{"name":"(anonymous_0)","decl":{"start":{"line":2,"column":22},"end":{"line":2,"column":23}},"loc":{"start":{"line":2,"column":33},"end":{"line":26,"column":1}},"line":2},"1":{"name":"(anonymous_1)","decl":{"start":{"line":21,"column":18},"end":{"line":21,"column":19}},"loc":{"start":{"line":21,"column":29},"end":{"line":21,"column":68}},"line":21},"2":{"name":"(anonymous_2)","decl":{"start":{"line":22,"column":18},"end":{"line":22,"column":19}},"loc":{"start":{"line":22,"column":29},"end":{"line":22,"column":73}},"line":22},"3":{"name":"(anonymous_3)","decl":{"start":{"line":28,"column":25},"end":{"line":28,"column":26}},"loc":{"start":{"line":28,"column":39},"end":{"line":32,"column":1}},"line":28},"4":{"name":"(anonymous_4)","decl":{"start":{"line":34,"column":28},"end":{"line":34,"column":29}},"loc":{"start":{"line":34,"column":42},"end":{"line":43,"column":1}},"line":34},"5":{"name":"(anonymous_5)","decl":{"start":{"line":45,"column":23},"end":{"line":45,"column":24}},"loc":{"start":{"line":45,"column":49},"end":{"line":50,"column":1}},"line":45},"6":{"name":"(anonymous_6)","decl":{"start":{"line":52,"column":31},"end":{"line":52,"column":32}},"loc":{"start":{"line":52,"column":71},"end":{"line":58,"column":1}},"line":52},"7":{"name":"(anonymous_7)","decl":{"start":{"line":61,"column":28},"end":{"line":61,"column":29}},"loc":{"start":{"line":61,"column":57},"end":{"line":65,"column":1}},"line":61}},"branchMap":{"0":{"loc":{"start":{"line":3,"column":2},"end":{"line":3,"column":46}},"type":"if","locations":[{"start":{"line":3,"column":2},"end":{"line":3,"column":46}},{"start":{},"end":{}}],"line":3},"1":{"loc":{"start":{"line":4,"column":2},"end":{"line":4,"column":61}},"type":"if","locations":[{"start":{"line":4,"column":2},"end":{"line":4,"column":61}},{"start":{},"end":{}}],"line":4},"2":{"loc":{"start":{"line":4,"column":6},"end":{"line":4,"column":46}},"type":"binary-expr","locations":[{"start":{"line":4,"column":6},"end":{"line":4,"column":24}},{"start":{"line":4,"column":28},"end":{"line":4,"column":46}}],"line":4},"3":{"loc":{"start":{"line":5,"column":2},"end":{"line":5,"column":37}},"type":"if","locations":[{"start":{"line":5,"column":2},"end":{"line":5,"column":37}},{"start":{},"end":{}}],"line":5},"4":{"loc":{"start":{"line":6,"column":2},"end":{"line":6,"column":41}},"type":"if","locations":[{"start":{"line":6,"column":2},"end":{"line":6,"column":41}},{"start":{},"end":{}}],"line":6},"5":{"loc":{"start":{"line":9,"column":2},"end":{"line":9,"column":39}},"type":"if","locations":[{"start":{"line":9,"column":2},"end":{"line":9,"column":39}},{"start":{},"end":{}}],"line":9},"6":{"loc":{"start":{"line":12,"column":2},"end":{"line":12,"column":69}},"type":"if","locations":[{"start":{"line":12,"column":2},"end":{"line":12,"column":69}},{"start":{},"end":{}}],"line":12},"7":{"loc":{"start":{"line":12,"column":6},"end":{"line":12,"column":54}},"type":"binary-expr","locations":[{"start":{"line":12,"column":6},"end":{"line":12,"column":28}},{"start":{"line":12,"column":32},"end":{"line":12,"column":54}}],"line":12},"8":{"loc":{"start":{"line":13,"column":2},"end":{"line":13,"column":73}},"type":"if","locations":[{"start":{"line":13,"column":2},"end":{"line":13,"column":73}},{"start":{},"end":{}}],"line":13},"9":{"loc":{"start":{"line":13,"column":6},"end":{"line":13,"column":58}},"type":"binary-expr","locations":[{"start":{"line":13,"column":6},"end":{"line":13,"column":31}},{"start":{"line":13,"column":35},"end":{"line":13,"column":58}}],"line":13},"10":{"loc":{"start":{"line":14,"column":2},"end":{"line":14,"column":74}},"type":"if","locations":[{"start":{"line":14,"column":2},"end":{"line":14,"column":74}},{"start":{},"end":{}}],"line":14},"11":{"loc":{"start":{"line":16,"column":2},"end":{"line":16,"column":71}},"type":"if","locations":[{"start":{"line":16,"column":2},"end":{"line":16,"column":71}},{"start":{},"end":{}}],"line":16},"12":{"loc":{"start":{"line":16,"column":6},"end":{"line":16,"column":56}},"type":"binary-expr","locations":[{"start":{"line":16,"column":6},"end":{"line":16,"column":29}},{"start":{"line":16,"column":33},"end":{"line":16,"column":56}}],"line":16},"13":{"loc":{"start":{"line":17,"column":2},"end":{"line":17,"column":57}},"type":"if","locations":[{"start":{"line":17,"column":2},"end":{"line":17,"column":57}},{"start":{},"end":{}}],"line":17},"14":{"loc":{"start":{"line":20,"column":2},"end":{"line":20,"column":38}},"type":"if","locations":[{"start":{"line":20,"column":2},"end":{"line":20,"column":38}},{"start":{},"end":{}}],"line":20},"15":{"loc":{"start":{"line":21,"column":2},"end":{"line":21,"column":84}},"type":"if","locations":[{"start":{"line":21,"column":2},"end":{"line":21,"column":84}},{"start":{},"end":{}}],"line":21},"16":{"loc":{"start":{"line":21,"column":29},"end":{"line":21,"column":68}},"type":"binary-expr","locations":[{"start":{"line":21,"column":29},"end":{"line":21,"column":47}},{"start":{"line":21,"column":51},"end":{"line":21,"column":68}}],"line":21},"17":{"loc":{"start":{"line":22,"column":2},"end":{"line":22,"column":89}},"type":"if","locations":[{"start":{"line":22,"column":2},"end":{"line":22,"column":89}},{"start":{},"end":{}}],"line":22},"18":{"loc":{"start":{"line":22,"column":29},"end":{"line":22,"column":73}},"type":"binary-expr","locations":[{"start":{"line":22,"column":29},"end":{"line":22,"column":50}},{"start":{"line":22,"column":54},"end":{"line":22,"column":73}}],"line":22},"19":{"loc":{"start":{"line":23,"column":2},"end":{"line":23,"column":57}},"type":"if","locations":[{"start":{"line":23,"column":2},"end":{"line":23,"column":57}},{"start":{},"end":{}}],"line":23},"20":{"loc":{"start":{"line":29,"column":2},"end":{"line":29,"column":49}},"type":"if","locations":[{"start":{"line":29,"column":2},"end":{"line":29,"column":49}},{"start":{},"end":{}}],"line":29},"21":{"loc":{"start":{"line":30,"column":2},"end":{"line":30,"column":40}},"type":"if","locations":[{"start":{"line":30,"column":2},"end":{"line":30,"column":40}},{"start":{},"end":{}}],"line":30},"22":{"loc":{"start":{"line":31,"column":9},"end":{"line":31,"column":60}},"type":"binary-expr","locations":[{"start":{"line":31,"column":9},"end":{"line":31,"column":34}},{"start":{"line":31,"column":38},"end":{"line":31,"column":60}}],"line":31},"23":{"loc":{"start":{"line":36,"column":4},"end":{"line":41,"column":24}},"type":"binary-expr","locations":[{"start":{"line":36,"column":4},"end":{"line":36,"column":27}},{"start":{"line":37,"column":4},"end":{"line":37,"column":27}},{"start":{"line":38,"column":4},"end":{"line":38,"column":14}},{"start":{"line":38,"column":18},"end":{"line":38,"column":27}},{"start":{"line":39,"column":4},"end":{"line":39,"column":15}},{"start":{"line":39,"column":19},"end":{"line":39,"column":29}},{"start":{"line":40,"column":4},"end":{"line":40,"column":24}},{"start":{"line":41,"column":4},"end":{"line":41,"column":24}}],"line":36},"24":{"loc":{"start":{"line":45,"column":29},"end":{"line":45,"column":44}},"type":"default-arg","locations":[{"start":{"line":45,"column":41},"end":{"line":45,"column":44}}],"line":45},"25":{"loc":{"start":{"line":46,"column":2},"end":{"line":46,"column":41}},"type":"if","locations":[{"start":{"line":46,"column":2},"end":{"line":46,"column":41}},{"start":{},"end":{}}],"line":46},"26":{"loc":{"start":{"line":48,"column":24},"end":{"line":48,"column":86}},"type":"cond-expr","locations":[{"start":{"line":48,"column":71},"end":{"line":48,"column":80}},{"start":{"line":48,"column":83},"end":{"line":48,"column":86}}],"line":48},"27":{"loc":{"start":{"line":48,"column":24},"end":{"line":48,"column":68}},"type":"binary-expr","locations":[{"start":{"line":48,"column":24},"end":{"line":48,"column":51}},{"start":{"line":48,"column":55},"end":{"line":48,"column":68}}],"line":48},"28":{"loc":{"start":{"line":52,"column":37},"end":{"line":52,"column":66}},"type":"default-arg","locations":[{"start":{"line":52,"column":43},"end":{"line":52,"column":66}}],"line":52},"29":{"loc":{"start":{"line":53,"column":21},"end":{"line":55,"column":29}},"type":"cond-expr","locations":[{"start":{"line":54,"column":6},"end":{"line":54,"column":9}},{"start":{"line":55,"column":6},"end":{"line":55,"column":29}}],"line":53},"30":{"loc":{"start":{"line":53,"column":21},"end":{"line":53,"column":68}},"type":"binary-expr","locations":[{"start":{"line":53,"column":21},"end":{"line":53,"column":44}},{"start":{"line":53,"column":48},"end":{"line":53,"column":68}}],"line":53},"31":{"loc":{"start":{"line":57,"column":9},"end":{"line":57,"column":89}},"type":"binary-expr","locations":[{"start":{"line":57,"column":9},"end":{"line":57,"column":32}},{"start":{"line":57,"column":36},"end":{"line":57,"column":56}},{"start":{"line":57,"column":60},"end":{"line":57,"column":68}},{"start":{"line":57,"column":72},"end":{"line":57,"column":89}}],"line":57},"32":{"loc":{"start":{"line":61,"column":38},"end":{"line":61,"column":52}},"type":"default-arg","locations":[{"start":{"line":61,"column":48},"end":{"line":61,"column":52}}],"line":61},"33":{"loc":{"start":{"line":63,"column":2},"end":{"line":63,"column":76}},"type":"if","locations":[{"start":{"line":63,"column":2},"end":{"line":63,"column":76}},{"start":{},"end":{}}],"line":63},"34":{"loc":{"start":{"line":63,"column":6},"end":{"line":63,"column":47}},"type":"binary-expr","locations":[{"start":{"line":63,"column":6},"end":{"line":63,"column":27}},{"start":{"line":63,"column":31},"end":{"line":63,"column":47}}],"line":63}},"s":{"0":9,"1":41,"2":2,"3":39,"4":2,"5":37,"6":0,"7":37,"8":1,"9":36,"10":36,"11":4,"12":32,"13":32,"14":1,"15":31,"16":0,"17":31,"18":0,"19":31,"20":1,"21":30,"22":0,"23":30,"24":30,"25":2,"26":28,"27":57,"28":0,"29":28,"30":57,"31":0,"32":28,"33":0,"34":28,"35":9,"36":29,"37":2,"38":27,"39":4,"40":23,"41":9,"42":22,"43":9,"44":41,"45":6,"46":35,"47":35,"48":9,"49":18,"50":18,"51":9,"52":53,"53":53,"54":3,"55":53,"56":9},"f":{"0":41,"1":57,"2":57,"3":29,"4":22,"5":41,"6":18,"7":53},"b":{"0":[2,39],"1":[2,37],"2":[39,38],"3":[0,37],"4":[1,36],"5":[4,32],"6":[1,31],"7":[32,31],"8":[0,31],"9":[31,31],"10":[0,31],"11":[1,30],"12":[31,30],"13":[0,30],"14":[2,28],"15":[0,28],"16":[57,57],"17":[0,28],"18":[57,57],"19":[0,28],"20":[2,27],"21":[4,23],"22":[23,21],"23":[22,20,20,17,14,13,10,10],"24":[10],"25":[6,35],"26":[35,0],"27":[35,35],"28":[14],"29":[18,0],"30":[18,18],"31":[18,16,13,11],"32":[49],"33":[3,50],"34":[53,53]},"_coverageSchema":"1a1c01bbd47fc00a2c39e90264f33305004495a9","hash":"3468fd70acabbbfa333bd09c72b217cade4795f9"}
}
