{"C:\\Users\\VICTUS\\Desktop\\Projects\\SmartBin\\backend\\src\\controllers\\adminController.js": {"path":"C:\\Users\\VICTUS\\Desktop\\Projects\\SmartBin\\backend\\src\\controllers\\adminController.js","statementMap":{"0":{"start":{"line":1,"column":13},"end":{"line":1,"column":38}},"1":{"start":{"line":3,"column":10},"end":{"line":3,"column":14}},"2":{"start":{"line":4,"column":17},"end":{"line":4,"column":21}},"3":{"start":{"line":6,"column":0},"end":{"line":10,"column":1}},"4":{"start":{"line":7,"column":2},"end":{"line":7,"column":33}},"5":{"start":{"line":9,"column":2},"end":{"line":9,"column":13}},"6":{"start":{"line":12,"column":0},"end":{"line":16,"column":1}},"7":{"start":{"line":13,"column":2},"end":{"line":13,"column":47}},"8":{"start":{"line":15,"column":2},"end":{"line":15,"column":20}},"9":{"start":{"line":18,"column":0},"end":{"line":144,"column":2}},"10":{"start":{"line":19,"column":2},"end":{"line":143,"column":3}},"11":{"start":{"line":20,"column":23},"end":{"line":20,"column":24}},"12":{"start":{"line":21,"column":16},"end":{"line":21,"column":26}},"13":{"start":{"line":22,"column":24},"end":{"line":22,"column":37}},"14":{"start":{"line":23,"column":4},"end":{"line":23,"column":58}},"15":{"start":{"line":24,"column":4},"end":{"line":24,"column":37}},"16":{"start":{"line":26,"column":70},"end":{"line":42,"column":6}},"17":{"start":{"line":44,"column":22},"end":{"line":44,"column":56}},"18":{"start":{"line":45,"column":20},"end":{"line":45,"column":80}},"19":{"start":{"line":45,"column":53},"end":{"line":45,"column":74}},"20":{"start":{"line":46,"column":4},"end":{"line":50,"column":7}},"21":{"start":{"line":47,"column":6},"end":{"line":49,"column":7}},"22":{"start":{"line":48,"column":8},"end":{"line":48,"column":29}},"23":{"start":{"line":52,"column":42},"end":{"line":55,"column":6}},"24":{"start":{"line":57,"column":20},"end":{"line":57,"column":22}},"25":{"start":{"line":58,"column":31},"end":{"line":65,"column":5}},"26":{"start":{"line":67,"column":4},"end":{"line":73,"column":5}},"27":{"start":{"line":67,"column":17},"end":{"line":67,"column":18}},"28":{"start":{"line":68,"column":18},"end":{"line":68,"column":39}},"29":{"start":{"line":69,"column":6},"end":{"line":69,"column":45}},"30":{"start":{"line":70,"column":18},"end":{"line":70,"column":48}},"31":{"start":{"line":71,"column":6},"end":{"line":71,"column":24}},"32":{"start":{"line":72,"column":6},"end":{"line":72,"column":106}},"33":{"start":{"line":75,"column":4},"end":{"line":80,"column":7}},"34":{"start":{"line":76,"column":23},"end":{"line":76,"column":47}},"35":{"start":{"line":77,"column":6},"end":{"line":79,"column":7}},"36":{"start":{"line":78,"column":8},"end":{"line":78,"column":62}},"37":{"start":{"line":82,"column":29},"end":{"line":82,"column":33}},"38":{"start":{"line":83,"column":4},"end":{"line":98,"column":5}},"39":{"start":{"line":84,"column":6},"end":{"line":97,"column":7}},"40":{"start":{"line":85,"column":30},"end":{"line":88,"column":10}},"41":{"start":{"line":89,"column":8},"end":{"line":94,"column":9}},"42":{"start":{"line":90,"column":10},"end":{"line":93,"column":12}},"43":{"start":{"line":91,"column":51},"end":{"line":91,"column":80}},"44":{"start":{"line":92,"column":53},"end":{"line":92,"column":58}},"45":{"start":{"line":96,"column":8},"end":{"line":96,"column":69}},"46":{"start":{"line":100,"column":20},"end":{"line":100,"column":24}},"47":{"start":{"line":101,"column":4},"end":{"line":121,"column":5}},"48":{"start":{"line":102,"column":25},"end":{"line":102,"column":105}},"49":{"start":{"line":103,"column":24},"end":{"line":103,"column":102}},"50":{"start":{"line":104,"column":6},"end":{"line":120,"column":7}},"51":{"start":{"line":105,"column":8},"end":{"line":119,"column":9}},"52":{"start":{"line":106,"column":25},"end":{"line":109,"column":12}},"53":{"start":{"line":110,"column":10},"end":{"line":116,"column":11}},"54":{"start":{"line":111,"column":12},"end":{"line":115,"column":14}},"55":{"start":{"line":112,"column":46},"end":{"line":112,"column":75}},"56":{"start":{"line":113,"column":48},"end":{"line":113,"column":53}},"57":{"start":{"line":118,"column":10},"end":{"line":118,"column":64}},"58":{"start":{"line":123,"column":4},"end":{"line":139,"column":7}},"59":{"start":{"line":133,"column":42},"end":{"line":133,"column":60}},"60":{"start":{"line":141,"column":4},"end":{"line":141,"column":45}},"61":{"start":{"line":142,"column":4},"end":{"line":142,"column":77}},"62":{"start":{"line":146,"column":0},"end":{"line":154,"column":2}},"63":{"start":{"line":147,"column":2},"end":{"line":153,"column":3}},"64":{"start":{"line":148,"column":18},"end":{"line":148,"column":71}},"65":{"start":{"line":149,"column":4},"end":{"line":149,"column":20}},"66":{"start":{"line":151,"column":4},"end":{"line":151,"column":48}},"67":{"start":{"line":152,"column":4},"end":{"line":152,"column":73}},"68":{"start":{"line":156,"column":0},"end":{"line":165,"column":2}},"69":{"start":{"line":157,"column":2},"end":{"line":164,"column":3}},"70":{"start":{"line":158,"column":4},"end":{"line":158,"column":83}},"71":{"start":{"line":158,"column":14},"end":{"line":158,"column":83}},"72":{"start":{"line":159,"column":17},"end":{"line":159,"column":69}},"73":{"start":{"line":160,"column":4},"end":{"line":160,"column":19}},"74":{"start":{"line":162,"column":4},"end":{"line":162,"column":47}},"75":{"start":{"line":163,"column":4},"end":{"line":163,"column":72}},"76":{"start":{"line":167,"column":0},"end":{"line":176,"column":2}},"77":{"start":{"line":168,"column":2},"end":{"line":175,"column":3}},"78":{"start":{"line":169,"column":4},"end":{"line":169,"column":97}},"79":{"start":{"line":169,"column":21},"end":{"line":169,"column":97}},"80":{"start":{"line":170,"column":24},"end":{"line":170,"column":78}},"81":{"start":{"line":171,"column":4},"end":{"line":171,"column":26}},"82":{"start":{"line":173,"column":4},"end":{"line":173,"column":54}},"83":{"start":{"line":174,"column":4},"end":{"line":174,"column":79}},"84":{"start":{"line":178,"column":0},"end":{"line":190,"column":2}},"85":{"start":{"line":179,"column":2},"end":{"line":189,"column":3}},"86":{"start":{"line":180,"column":54},"end":{"line":184,"column":6}},"87":{"start":{"line":185,"column":4},"end":{"line":185,"column":58}},"88":{"start":{"line":187,"column":4},"end":{"line":187,"column":51}},"89":{"start":{"line":188,"column":4},"end":{"line":188,"column":76}},"90":{"start":{"line":192,"column":0},"end":{"line":200,"column":2}},"91":{"start":{"line":193,"column":2},"end":{"line":199,"column":3}},"92":{"start":{"line":194,"column":18},"end":{"line":194,"column":71}},"93":{"start":{"line":195,"column":4},"end":{"line":195,"column":20}},"94":{"start":{"line":197,"column":4},"end":{"line":197,"column":41}},"95":{"start":{"line":198,"column":4},"end":{"line":198,"column":63}},"96":{"start":{"line":202,"column":0},"end":{"line":214,"column":2}},"97":{"start":{"line":203,"column":2},"end":{"line":213,"column":3}},"98":{"start":{"line":204,"column":4},"end":{"line":207,"column":5}},"99":{"start":{"line":205,"column":6},"end":{"line":205,"column":81}},"100":{"start":{"line":206,"column":6},"end":{"line":206,"column":26}},"101":{"start":{"line":208,"column":17},"end":{"line":208,"column":69}},"102":{"start":{"line":209,"column":4},"end":{"line":209,"column":19}},"103":{"start":{"line":211,"column":4},"end":{"line":211,"column":40}},"104":{"start":{"line":212,"column":4},"end":{"line":212,"column":62}},"105":{"start":{"line":216,"column":0},"end":{"line":228,"column":2}},"106":{"start":{"line":217,"column":2},"end":{"line":227,"column":3}},"107":{"start":{"line":218,"column":4},"end":{"line":221,"column":5}},"108":{"start":{"line":219,"column":6},"end":{"line":219,"column":95}},"109":{"start":{"line":220,"column":6},"end":{"line":220,"column":26}},"110":{"start":{"line":222,"column":24},"end":{"line":222,"column":78}},"111":{"start":{"line":223,"column":4},"end":{"line":223,"column":26}},"112":{"start":{"line":225,"column":4},"end":{"line":225,"column":47}},"113":{"start":{"line":226,"column":4},"end":{"line":226,"column":69}},"114":{"start":{"line":231,"column":20},"end":{"line":231,"column":44}},"115":{"start":{"line":232,"column":16},"end":{"line":263,"column":3}},"116":{"start":{"line":265,"column":2},"end":{"line":284,"column":4}},"117":{"start":{"line":287,"column":0},"end":{"line":379,"column":2}},"118":{"start":{"line":288,"column":46},"end":{"line":288,"column":60}},"119":{"start":{"line":289,"column":2},"end":{"line":378,"column":3}},"120":{"start":{"line":290,"column":4},"end":{"line":292,"column":5}},"121":{"start":{"line":291,"column":6},"end":{"line":291,"column":94}},"122":{"start":{"line":294,"column":4},"end":{"line":296,"column":5}},"123":{"start":{"line":295,"column":6},"end":{"line":295,"column":91}},"124":{"start":{"line":299,"column":4},"end":{"line":304,"column":5}},"125":{"start":{"line":300,"column":6},"end":{"line":300,"column":112}},"126":{"start":{"line":302,"column":6},"end":{"line":302,"column":68}},"127":{"start":{"line":303,"column":6},"end":{"line":303,"column":109}},"128":{"start":{"line":306,"column":26},"end":{"line":306,"column":37}},"129":{"start":{"line":307,"column":26},"end":{"line":313,"column":6}},"130":{"start":{"line":308,"column":19},"end":{"line":308,"column":75}},"131":{"start":{"line":309,"column":21},"end":{"line":309,"column":53}},"132":{"start":{"line":310,"column":6},"end":{"line":310,"column":42}},"133":{"start":{"line":310,"column":24},"end":{"line":310,"column":42}},"134":{"start":{"line":311,"column":6},"end":{"line":311,"column":66}},"135":{"start":{"line":311,"column":18},"end":{"line":311,"column":66}},"136":{"start":{"line":312,"column":6},"end":{"line":312,"column":18}},"137":{"start":{"line":315,"column":4},"end":{"line":330,"column":5}},"138":{"start":{"line":316,"column":6},"end":{"line":329,"column":9}},"139":{"start":{"line":332,"column":24},"end":{"line":337,"column":6}},"140":{"start":{"line":333,"column":20},"end":{"line":333,"column":69}},"141":{"start":{"line":334,"column":20},"end":{"line":334,"column":69}},"142":{"start":{"line":335,"column":6},"end":{"line":335,"column":48}},"143":{"start":{"line":335,"column":27},"end":{"line":335,"column":48}},"144":{"start":{"line":336,"column":6},"end":{"line":336,"column":83}},"145":{"start":{"line":339,"column":21},"end":{"line":339,"column":93}},"146":{"start":{"line":340,"column":21},"end":{"line":340,"column":51}},"147":{"start":{"line":342,"column":18},"end":{"line":351,"column":7}},"148":{"start":{"line":342,"column":46},"end":{"line":351,"column":5}},"149":{"start":{"line":353,"column":30},"end":{"line":353,"column":69}},"150":{"start":{"line":354,"column":30},"end":{"line":354,"column":47}},"151":{"start":{"line":355,"column":26},"end":{"line":355,"column":84}},"152":{"start":{"line":356,"column":27},"end":{"line":356,"column":61}},"153":{"start":{"line":358,"column":4},"end":{"line":374,"column":7}},"154":{"start":{"line":376,"column":4},"end":{"line":376,"column":54}},"155":{"start":{"line":377,"column":4},"end":{"line":377,"column":69}}},"fnMap":{"0":{"name":"(anonymous_0)","decl":{"start":{"line":18,"column":23},"end":{"line":18,"column":24}},"loc":{"start":{"line":18,"column":43},"end":{"line":144,"column":1}},"line":18},"1":{"name":"(anonymous_1)","decl":{"start":{"line":45,"column":37},"end":{"line":45,"column":38}},"loc":{"start":{"line":45,"column":53},"end":{"line":45,"column":74}},"line":45},"2":{"name":"(anonymous_2)","decl":{"start":{"line":46,"column":26},"end":{"line":46,"column":27}},"loc":{"start":{"line":46,"column":46},"end":{"line":50,"column":5}},"line":46},"3":{"name":"(anonymous_3)","decl":{"start":{"line":75,"column":28},"end":{"line":75,"column":29}},"loc":{"start":{"line":75,"column":48},"end":{"line":80,"column":5}},"line":75},"4":{"name":"(anonymous_4)","decl":{"start":{"line":91,"column":38},"end":{"line":91,"column":39}},"loc":{"start":{"line":91,"column":51},"end":{"line":91,"column":80}},"line":91},"5":{"name":"(anonymous_5)","decl":{"start":{"line":92,"column":38},"end":{"line":92,"column":39}},"loc":{"start":{"line":92,"column":53},"end":{"line":92,"column":58}},"line":92},"6":{"name":"(anonymous_6)","decl":{"start":{"line":112,"column":33},"end":{"line":112,"column":34}},"loc":{"start":{"line":112,"column":46},"end":{"line":112,"column":75}},"line":112},"7":{"name":"(anonymous_7)","decl":{"start":{"line":113,"column":33},"end":{"line":113,"column":34}},"loc":{"start":{"line":113,"column":48},"end":{"line":113,"column":53}},"line":113},"8":{"name":"(anonymous_8)","decl":{"start":{"line":133,"column":32},"end":{"line":133,"column":33}},"loc":{"start":{"line":133,"column":42},"end":{"line":133,"column":60}},"line":133},"9":{"name":"(anonymous_9)","decl":{"start":{"line":146,"column":25},"end":{"line":146,"column":26}},"loc":{"start":{"line":146,"column":45},"end":{"line":154,"column":1}},"line":146},"10":{"name":"(anonymous_10)","decl":{"start":{"line":156,"column":24},"end":{"line":156,"column":25}},"loc":{"start":{"line":156,"column":44},"end":{"line":165,"column":1}},"line":156},"11":{"name":"(anonymous_11)","decl":{"start":{"line":167,"column":31},"end":{"line":167,"column":32}},"loc":{"start":{"line":167,"column":51},"end":{"line":176,"column":1}},"line":167},"12":{"name":"(anonymous_12)","decl":{"start":{"line":178,"column":28},"end":{"line":178,"column":29}},"loc":{"start":{"line":178,"column":48},"end":{"line":190,"column":1}},"line":178},"13":{"name":"(anonymous_13)","decl":{"start":{"line":192,"column":19},"end":{"line":192,"column":20}},"loc":{"start":{"line":192,"column":39},"end":{"line":200,"column":1}},"line":192},"14":{"name":"(anonymous_14)","decl":{"start":{"line":202,"column":18},"end":{"line":202,"column":19}},"loc":{"start":{"line":202,"column":38},"end":{"line":214,"column":1}},"line":202},"15":{"name":"(anonymous_15)","decl":{"start":{"line":216,"column":25},"end":{"line":216,"column":26}},"loc":{"start":{"line":216,"column":45},"end":{"line":228,"column":1}},"line":216},"16":{"name":"buildSampleRoute","decl":{"start":{"line":230,"column":9},"end":{"line":230,"column":25}},"loc":{"start":{"line":230,"column":69},"end":{"line":285,"column":1}},"line":230},"17":{"name":"(anonymous_17)","decl":{"start":{"line":287,"column":24},"end":{"line":287,"column":25}},"loc":{"start":{"line":287,"column":44},"end":{"line":379,"column":1}},"line":287},"18":{"name":"(anonymous_18)","decl":{"start":{"line":307,"column":38},"end":{"line":307,"column":39}},"loc":{"start":{"line":307,"column":47},"end":{"line":313,"column":5}},"line":307},"19":{"name":"(anonymous_19)","decl":{"start":{"line":332,"column":48},"end":{"line":332,"column":49}},"loc":{"start":{"line":332,"column":58},"end":{"line":337,"column":5}},"line":332},"20":{"name":"(anonymous_20)","decl":{"start":{"line":342,"column":31},"end":{"line":342,"column":32}},"loc":{"start":{"line":342,"column":46},"end":{"line":351,"column":5}},"line":342}},"branchMap":{"0":{"loc":{"start":{"line":47,"column":6},"end":{"line":49,"column":7}},"type":"if","locations":[{"start":{"line":47,"column":6},"end":{"line":49,"column":7}},{"start":{},"end":{}}],"line":47},"1":{"loc":{"start":{"line":53,"column":6},"end":{"line":53,"column":56}},"type":"cond-expr","locations":[{"start":{"line":53,"column":12},"end":{"line":53,"column":32}},{"start":{"line":53,"column":35},"end":{"line":53,"column":56}}],"line":53},"2":{"loc":{"start":{"line":54,"column":6},"end":{"line":54,"column":70}},"type":"cond-expr","locations":[{"start":{"line":54,"column":19},"end":{"line":54,"column":46}},{"start":{"line":54,"column":49},"end":{"line":54,"column":70}}],"line":54},"3":{"loc":{"start":{"line":77,"column":6},"end":{"line":79,"column":7}},"type":"if","locations":[{"start":{"line":77,"column":6},"end":{"line":79,"column":7}},{"start":{},"end":{}}],"line":77},"4":{"loc":{"start":{"line":77,"column":10},"end":{"line":77,"column":70}},"type":"binary-expr","locations":[{"start":{"line":77,"column":10},"end":{"line":77,"column":23}},{"start":{"line":77,"column":27},"end":{"line":77,"column":70}}],"line":77},"5":{"loc":{"start":{"line":83,"column":4},"end":{"line":98,"column":5}},"type":"if","locations":[{"start":{"line":83,"column":4},"end":{"line":98,"column":5}},{"start":{},"end":{}}],"line":83},"6":{"loc":{"start":{"line":89,"column":8},"end":{"line":94,"column":9}},"type":"if","locations":[{"start":{"line":89,"column":8},"end":{"line":94,"column":9}},{"start":{},"end":{}}],"line":89},"7":{"loc":{"start":{"line":91,"column":52},"end":{"line":91,"column":68}},"type":"binary-expr","locations":[{"start":{"line":91,"column":52},"end":{"line":91,"column":55}},{"start":{"line":91,"column":59},"end":{"line":91,"column":68}}],"line":91},"8":{"loc":{"start":{"line":101,"column":4},"end":{"line":121,"column":5}},"type":"if","locations":[{"start":{"line":101,"column":4},"end":{"line":121,"column":5}},{"start":{},"end":{}}],"line":101},"9":{"loc":{"start":{"line":101,"column":8},"end":{"line":101,"column":25}},"type":"binary-expr","locations":[{"start":{"line":101,"column":8},"end":{"line":101,"column":11}},{"start":{"line":101,"column":15},"end":{"line":101,"column":25}}],"line":101},"10":{"loc":{"start":{"line":102,"column":25},"end":{"line":102,"column":105}},"type":"cond-expr","locations":[{"start":{"line":102,"column":53},"end":{"line":102,"column":62}},{"start":{"line":102,"column":65},"end":{"line":102,"column":105}}],"line":102},"11":{"loc":{"start":{"line":102,"column":65},"end":{"line":102,"column":105}},"type":"cond-expr","locations":[{"start":{"line":102,"column":91},"end":{"line":102,"column":98}},{"start":{"line":102,"column":101},"end":{"line":102,"column":105}}],"line":102},"12":{"loc":{"start":{"line":103,"column":24},"end":{"line":103,"column":102}},"type":"cond-expr","locations":[{"start":{"line":103,"column":52},"end":{"line":103,"column":60}},{"start":{"line":103,"column":63},"end":{"line":103,"column":102}}],"line":103},"13":{"loc":{"start":{"line":103,"column":63},"end":{"line":103,"column":102}},"type":"cond-expr","locations":[{"start":{"line":103,"column":89},"end":{"line":103,"column":95}},{"start":{"line":103,"column":98},"end":{"line":103,"column":102}}],"line":103},"14":{"loc":{"start":{"line":104,"column":6},"end":{"line":120,"column":7}},"type":"if","locations":[{"start":{"line":104,"column":6},"end":{"line":120,"column":7}},{"start":{},"end":{}}],"line":104},"15":{"loc":{"start":{"line":104,"column":10},"end":{"line":104,"column":33}},"type":"binary-expr","locations":[{"start":{"line":104,"column":10},"end":{"line":104,"column":20}},{"start":{"line":104,"column":24},"end":{"line":104,"column":33}}],"line":104},"16":{"loc":{"start":{"line":110,"column":10},"end":{"line":116,"column":11}},"type":"if","locations":[{"start":{"line":110,"column":10},"end":{"line":116,"column":11}},{"start":{},"end":{}}],"line":110},"17":{"loc":{"start":{"line":112,"column":47},"end":{"line":112,"column":63}},"type":"binary-expr","locations":[{"start":{"line":112,"column":47},"end":{"line":112,"column":50}},{"start":{"line":112,"column":54},"end":{"line":112,"column":63}}],"line":112},"18":{"loc":{"start":{"line":126,"column":14},"end":{"line":126,"column":61}},"type":"cond-expr","locations":[{"start":{"line":126,"column":34},"end":{"line":126,"column":54}},{"start":{"line":126,"column":57},"end":{"line":126,"column":61}}],"line":126},"19":{"loc":{"start":{"line":127,"column":21},"end":{"line":127,"column":82}},"type":"cond-expr","locations":[{"start":{"line":127,"column":48},"end":{"line":127,"column":75}},{"start":{"line":127,"column":78},"end":{"line":127,"column":82}}],"line":127},"20":{"loc":{"start":{"line":133,"column":42},"end":{"line":133,"column":60}},"type":"binary-expr","locations":[{"start":{"line":133,"column":42},"end":{"line":133,"column":55}},{"start":{"line":133,"column":59},"end":{"line":133,"column":60}}],"line":133},"21":{"loc":{"start":{"line":158,"column":4},"end":{"line":158,"column":83}},"type":"if","locations":[{"start":{"line":158,"column":4},"end":{"line":158,"column":83}},{"start":{},"end":{}}],"line":158},"22":{"loc":{"start":{"line":169,"column":4},"end":{"line":169,"column":97}},"type":"if","locations":[{"start":{"line":169,"column":4},"end":{"line":169,"column":97}},{"start":{},"end":{}}],"line":169},"23":{"loc":{"start":{"line":182,"column":6},"end":{"line":182,"column":53}},"type":"cond-expr","locations":[{"start":{"line":182,"column":12},"end":{"line":182,"column":32}},{"start":{"line":182,"column":35},"end":{"line":182,"column":53}}],"line":182},"24":{"loc":{"start":{"line":183,"column":6},"end":{"line":183,"column":67}},"type":"cond-expr","locations":[{"start":{"line":183,"column":19},"end":{"line":183,"column":46}},{"start":{"line":183,"column":49},"end":{"line":183,"column":67}}],"line":183},"25":{"loc":{"start":{"line":204,"column":4},"end":{"line":207,"column":5}},"type":"if","locations":[{"start":{"line":204,"column":4},"end":{"line":207,"column":5}},{"start":{},"end":{}}],"line":204},"26":{"loc":{"start":{"line":218,"column":4},"end":{"line":221,"column":5}},"type":"if","locations":[{"start":{"line":218,"column":4},"end":{"line":221,"column":5}},{"start":{},"end":{}}],"line":218},"27":{"loc":{"start":{"line":230,"column":49},"end":{"line":230,"column":67}},"type":"default-arg","locations":[{"start":{"line":230,"column":65},"end":{"line":230,"column":67}}],"line":230},"28":{"loc":{"start":{"line":240,"column":53},"end":{"line":240,"column":76}},"type":"binary-expr","locations":[{"start":{"line":240,"column":53},"end":{"line":240,"column":57}},{"start":{"line":240,"column":61},"end":{"line":240,"column":76}}],"line":240},"29":{"loc":{"start":{"line":250,"column":54},"end":{"line":250,"column":77}},"type":"binary-expr","locations":[{"start":{"line":250,"column":54},"end":{"line":250,"column":58}},{"start":{"line":250,"column":62},"end":{"line":250,"column":77}}],"line":250},"30":{"loc":{"start":{"line":260,"column":51},"end":{"line":260,"column":74}},"type":"binary-expr","locations":[{"start":{"line":260,"column":51},"end":{"line":260,"column":55}},{"start":{"line":260,"column":59},"end":{"line":260,"column":74}}],"line":260},"31":{"loc":{"start":{"line":267,"column":12},"end":{"line":267,"column":38}},"type":"binary-expr","locations":[{"start":{"line":267,"column":12},"end":{"line":267,"column":16}},{"start":{"line":267,"column":20},"end":{"line":267,"column":38}}],"line":267},"32":{"loc":{"start":{"line":268,"column":14},"end":{"line":268,"column":28}},"type":"binary-expr","locations":[{"start":{"line":268,"column":14},"end":{"line":268,"column":22}},{"start":{"line":268,"column":26},"end":{"line":268,"column":28}}],"line":268},"33":{"loc":{"start":{"line":271,"column":21},"end":{"line":271,"column":46}},"type":"binary-expr","locations":[{"start":{"line":271,"column":21},"end":{"line":271,"column":30}},{"start":{"line":271,"column":34},"end":{"line":271,"column":46}}],"line":271},"34":{"loc":{"start":{"line":288,"column":16},"end":{"line":288,"column":29}},"type":"default-arg","locations":[{"start":{"line":288,"column":27},"end":{"line":288,"column":29}}],"line":288},"35":{"loc":{"start":{"line":288,"column":31},"end":{"line":288,"column":41}},"type":"default-arg","locations":[{"start":{"line":288,"column":39},"end":{"line":288,"column":41}}],"line":288},"36":{"loc":{"start":{"line":288,"column":46},"end":{"line":288,"column":60}},"type":"binary-expr","locations":[{"start":{"line":288,"column":46},"end":{"line":288,"column":54}},{"start":{"line":288,"column":58},"end":{"line":288,"column":60}}],"line":288},"37":{"loc":{"start":{"line":290,"column":4},"end":{"line":292,"column":5}},"type":"if","locations":[{"start":{"line":290,"column":4},"end":{"line":292,"column":5}},{"start":{},"end":{}}],"line":290},"38":{"loc":{"start":{"line":290,"column":8},"end":{"line":290,"column":49}},"type":"binary-expr","locations":[{"start":{"line":290,"column":8},"end":{"line":290,"column":13}},{"start":{"line":290,"column":17},"end":{"line":290,"column":32}},{"start":{"line":290,"column":36},"end":{"line":290,"column":49}}],"line":290},"39":{"loc":{"start":{"line":294,"column":4},"end":{"line":296,"column":5}},"type":"if","locations":[{"start":{"line":294,"column":4},"end":{"line":296,"column":5}},{"start":{},"end":{}}],"line":294},"40":{"loc":{"start":{"line":308,"column":19},"end":{"line":308,"column":75}},"type":"cond-expr","locations":[{"start":{"line":308,"column":55},"end":{"line":308,"column":68}},{"start":{"line":308,"column":71},"end":{"line":308,"column":75}}],"line":308},"41":{"loc":{"start":{"line":309,"column":22},"end":{"line":309,"column":38}},"type":"binary-expr","locations":[{"start":{"line":309,"column":22},"end":{"line":309,"column":32}},{"start":{"line":309,"column":36},"end":{"line":309,"column":38}}],"line":309},"42":{"loc":{"start":{"line":310,"column":6},"end":{"line":310,"column":42}},"type":"if","locations":[{"start":{"line":310,"column":6},"end":{"line":310,"column":42}},{"start":{},"end":{}}],"line":310},"43":{"loc":{"start":{"line":311,"column":6},"end":{"line":311,"column":66}},"type":"if","locations":[{"start":{"line":311,"column":6},"end":{"line":311,"column":66}},{"start":{},"end":{}}],"line":311},"44":{"loc":{"start":{"line":315,"column":4},"end":{"line":330,"column":5}},"type":"if","locations":[{"start":{"line":315,"column":4},"end":{"line":330,"column":5}},{"start":{},"end":{}}],"line":315},"45":{"loc":{"start":{"line":322,"column":25},"end":{"line":322,"column":41}},"type":"binary-expr","locations":[{"start":{"line":322,"column":25},"end":{"line":322,"column":33}},{"start":{"line":322,"column":37},"end":{"line":322,"column":41}}],"line":322},"46":{"loc":{"start":{"line":328,"column":28},"end":{"line":328,"column":68}},"type":"cond-expr","locations":[{"start":{"line":328,"column":39},"end":{"line":328,"column":57}},{"start":{"line":328,"column":60},"end":{"line":328,"column":68}}],"line":328},"47":{"loc":{"start":{"line":333,"column":20},"end":{"line":333,"column":69}},"type":"cond-expr","locations":[{"start":{"line":333,"column":54},"end":{"line":333,"column":65}},{"start":{"line":333,"column":68},"end":{"line":333,"column":69}}],"line":333},"48":{"loc":{"start":{"line":334,"column":20},"end":{"line":334,"column":69}},"type":"cond-expr","locations":[{"start":{"line":334,"column":54},"end":{"line":334,"column":65}},{"start":{"line":334,"column":68},"end":{"line":334,"column":69}}],"line":334},"49":{"loc":{"start":{"line":335,"column":6},"end":{"line":335,"column":48}},"type":"if","locations":[{"start":{"line":335,"column":6},"end":{"line":335,"column":48}},{"start":{},"end":{}}],"line":335},"50":{"loc":{"start":{"line":336,"column":14},"end":{"line":336,"column":45}},"type":"binary-expr","locations":[{"start":{"line":336,"column":14},"end":{"line":336,"column":25}},{"start":{"line":336,"column":29},"end":{"line":336,"column":40}},{"start":{"line":336,"column":44},"end":{"line":336,"column":45}}],"line":336},"51":{"loc":{"start":{"line":336,"column":50},"end":{"line":336,"column":81}},"type":"binary-expr","locations":[{"start":{"line":336,"column":50},"end":{"line":336,"column":61}},{"start":{"line":336,"column":65},"end":{"line":336,"column":76}},{"start":{"line":336,"column":80},"end":{"line":336,"column":81}}],"line":336},"52":{"loc":{"start":{"line":339,"column":21},"end":{"line":339,"column":93}},"type":"cond-expr","locations":[{"start":{"line":339,"column":50},"end":{"line":339,"column":72}},{"start":{"line":339,"column":75},"end":{"line":339,"column":93}}],"line":339},"53":{"loc":{"start":{"line":345,"column":19},"end":{"line":345,"column":59}},"type":"binary-expr","locations":[{"start":{"line":345,"column":19},"end":{"line":345,"column":27}},{"start":{"line":345,"column":31},"end":{"line":345,"column":39}},{"start":{"line":345,"column":43},"end":{"line":345,"column":59}}],"line":345},"54":{"loc":{"start":{"line":346,"column":14},"end":{"line":346,"column":37}},"type":"binary-expr","locations":[{"start":{"line":346,"column":14},"end":{"line":346,"column":24}},{"start":{"line":346,"column":28},"end":{"line":346,"column":37}}],"line":346},"55":{"loc":{"start":{"line":347,"column":17},"end":{"line":347,"column":73}},"type":"cond-expr","locations":[{"start":{"line":347,"column":53},"end":{"line":347,"column":66}},{"start":{"line":347,"column":69},"end":{"line":347,"column":73}}],"line":347},"56":{"loc":{"start":{"line":348,"column":16},"end":{"line":348,"column":36}},"type":"binary-expr","locations":[{"start":{"line":348,"column":16},"end":{"line":348,"column":28}},{"start":{"line":348,"column":32},"end":{"line":348,"column":36}}],"line":348},"57":{"loc":{"start":{"line":349,"column":16},"end":{"line":349,"column":51}},"type":"binary-expr","locations":[{"start":{"line":349,"column":16},"end":{"line":349,"column":28}},{"start":{"line":349,"column":32},"end":{"line":349,"column":43}},{"start":{"line":349,"column":47},"end":{"line":349,"column":51}}],"line":349},"58":{"loc":{"start":{"line":350,"column":19},"end":{"line":350,"column":57}},"type":"binary-expr","locations":[{"start":{"line":350,"column":19},"end":{"line":350,"column":32}},{"start":{"line":350,"column":36},"end":{"line":350,"column":49}},{"start":{"line":350,"column":53},"end":{"line":350,"column":57}}],"line":350},"59":{"loc":{"start":{"line":355,"column":26},"end":{"line":355,"column":84}},"type":"binary-expr","locations":[{"start":{"line":355,"column":26},"end":{"line":355,"column":34}},{"start":{"line":355,"column":38},"end":{"line":355,"column":84}}],"line":355},"60":{"loc":{"start":{"line":356,"column":27},"end":{"line":356,"column":61}},"type":"cond-expr","locations":[{"start":{"line":356,"column":38},"end":{"line":356,"column":50}},{"start":{"line":356,"column":53},"end":{"line":356,"column":61}}],"line":356}},"s":{"0":2,"1":2,"2":2,"3":2,"4":2,"5":0,"6":2,"7":2,"8":1,"9":2,"10":3,"11":3,"12":3,"13":3,"14":3,"15":3,"16":3,"17":2,"18":2,"19":6,"20":2,"21":3,"22":3,"23":2,"24":2,"25":2,"26":2,"27":2,"28":14,"29":14,"30":14,"31":14,"32":14,"33":2,"34":2,"35":2,"36":2,"37":2,"38":2,"39":2,"40":2,"41":2,"42":1,"43":2,"44":2,"45":0,"46":2,"47":2,"48":2,"49":2,"50":2,"51":2,"52":2,"53":2,"54":1,"55":2,"56":2,"57":0,"58":2,"59":6,"60":1,"61":1,"62":2,"63":1,"64":1,"65":1,"66":0,"67":0,"68":2,"69":1,"70":1,"71":0,"72":1,"73":1,"74":0,"75":0,"76":2,"77":1,"78":1,"79":0,"80":1,"81":1,"82":0,"83":0,"84":2,"85":1,"86":1,"87":1,"88":0,"89":0,"90":2,"91":1,"92":1,"93":1,"94":0,"95":0,"96":2,"97":1,"98":1,"99":0,"100":0,"101":1,"102":1,"103":0,"104":0,"105":2,"106":1,"107":1,"108":0,"109":0,"110":1,"111":1,"112":0,"113":0,"114":2,"115":2,"116":2,"117":2,"118":6,"119":6,"120":6,"121":1,"122":5,"123":0,"124":5,"125":5,"126":1,"127":1,"128":4,"129":3,"130":6,"131":6,"132":6,"133":6,"134":0,"135":0,"136":0,"137":3,"138":1,"139":2,"140":1,"141":1,"142":1,"143":1,"144":0,"145":2,"146":2,"147":2,"148":3,"149":2,"150":2,"151":2,"152":2,"153":2,"154":1,"155":1},"f":{"0":3,"1":6,"2":3,"3":2,"4":2,"5":2,"6":2,"7":2,"8":6,"9":1,"10":1,"11":1,"12":1,"13":1,"14":1,"15":1,"16":2,"17":6,"18":6,"19":1,"20":3},"b":{"0":[3,0],"1":[2,0],"2":[2,0],"3":[2,0],"4":[2,2],"5":[2,0],"6":[1,1],"7":[2,0],"8":[2,0],"9":[2,2],"10":[2,0],"11":[0,0],"12":[2,0],"13":[0,0],"14":[2,0],"15":[2,2],"16":[1,1],"17":[2,0],"18":[2,0],"19":[2,0],"20":[6,0],"21":[0,1],"22":[0,1],"23":[1,0],"24":[1,0],"25":[0,1],"26":[0,1],"27":[0],"28":[2,0],"29":[2,0],"30":[2,0],"31":[2,0],"32":[2,0],"33":[2,0],"34":[0],"35":[1],"36":[6,0],"37":[1,5],"38":[6,5,5],"39":[0,5],"40":[6,0],"41":[6,0],"42":[6,0],"43":[0,0],"44":[1,2],"45":[1,0],"46":[1,0],"47":[1,0],"48":[1,0],"49":[1,0],"50":[0,0,0],"51":[0,0,0],"52":[2,0],"53":[3,3,3],"54":[3,0],"55":[3,0],"56":[3,1],"57":[3,3,3],"58":[3,0,0],"59":[2,0],"60":[2,0]},"_coverageSchema":"1a1c01bbd47fc00a2c39e90264f33305004495a9","hash":"47c84a8cc0c36e4df45641a1f2aad08abcc2a477"}
,"C:\\Users\\VICTUS\\Desktop\\Projects\\SmartBin\\backend\\src\\controllers\\collectionController.js": {"path":"C:\\Users\\VICTUS\\Desktop\\Projects\\SmartBin\\backend\\src\\controllers\\collectionController.js","statementMap":{"0":{"start":{"line":2,"column":12},"end":{"line":2,"column":36}},"1":{"start":{"line":3,"column":26},"end":{"line":3,"column":64}},"2":{"start":{"line":6,"column":0},"end":{"line":40,"column":2}},"3":{"start":{"line":7,"column":2},"end":{"line":39,"column":3}},"4":{"start":{"line":8,"column":22},"end":{"line":8,"column":30}},"5":{"start":{"line":9,"column":16},"end":{"line":9,"column":59}},"6":{"start":{"line":11,"column":4},"end":{"line":11,"column":72}},"7":{"start":{"line":11,"column":14},"end":{"line":11,"column":72}},"8":{"start":{"line":13,"column":4},"end":{"line":15,"column":5}},"9":{"start":{"line":14,"column":6},"end":{"line":14,"column":70}},"10":{"start":{"line":18,"column":28},"end":{"line":21,"column":6}},"11":{"start":{"line":23,"column":4},"end":{"line":25,"column":5}},"12":{"start":{"line":24,"column":6},"end":{"line":24,"column":85}},"13":{"start":{"line":27,"column":30},"end":{"line":31,"column":6}},"14":{"start":{"line":33,"column":4},"end":{"line":36,"column":7}},"15":{"start":{"line":38,"column":4},"end":{"line":38,"column":53}},"16":{"start":{"line":43,"column":0},"end":{"line":67,"column":2}},"17":{"start":{"line":44,"column":2},"end":{"line":66,"column":3}},"18":{"start":{"line":45,"column":26},"end":{"line":45,"column":36}},"19":{"start":{"line":46,"column":23},"end":{"line":46,"column":31}},"20":{"start":{"line":48,"column":20},"end":{"line":48,"column":63}},"21":{"start":{"line":49,"column":4},"end":{"line":49,"column":80}},"22":{"start":{"line":49,"column":18},"end":{"line":49,"column":80}},"23":{"start":{"line":51,"column":4},"end":{"line":51,"column":28}},"24":{"start":{"line":52,"column":4},"end":{"line":52,"column":25}},"25":{"start":{"line":55,"column":4},"end":{"line":61,"column":5}},"26":{"start":{"line":56,"column":18},"end":{"line":56,"column":49}},"27":{"start":{"line":57,"column":6},"end":{"line":60,"column":7}},"28":{"start":{"line":58,"column":8},"end":{"line":58,"column":27}},"29":{"start":{"line":59,"column":8},"end":{"line":59,"column":25}},"30":{"start":{"line":63,"column":4},"end":{"line":63,"column":61}},"31":{"start":{"line":65,"column":4},"end":{"line":65,"column":53}},"32":{"start":{"line":70,"column":0},"end":{"line":79,"column":2}},"33":{"start":{"line":71,"column":2},"end":{"line":78,"column":3}},"34":{"start":{"line":72,"column":21},"end":{"line":73,"column":91}},"35":{"start":{"line":75,"column":4},"end":{"line":75,"column":27}},"36":{"start":{"line":77,"column":4},"end":{"line":77,"column":53}},"37":{"start":{"line":82,"column":0},"end":{"line":92,"column":2}},"38":{"start":{"line":83,"column":2},"end":{"line":91,"column":3}},"39":{"start":{"line":84,"column":21},"end":{"line":86,"column":91}},"40":{"start":{"line":88,"column":4},"end":{"line":88,"column":27}},"41":{"start":{"line":90,"column":4},"end":{"line":90,"column":53}},"42":{"start":{"line":95,"column":0},"end":{"line":106,"column":2}},"43":{"start":{"line":96,"column":2},"end":{"line":105,"column":3}},"44":{"start":{"line":98,"column":17},"end":{"line":98,"column":69}},"45":{"start":{"line":99,"column":19},"end":{"line":99,"column":41}},"46":{"start":{"line":99,"column":35},"end":{"line":99,"column":40}},"47":{"start":{"line":100,"column":21},"end":{"line":101,"column":30}},"48":{"start":{"line":102,"column":4},"end":{"line":102,"column":27}},"49":{"start":{"line":104,"column":4},"end":{"line":104,"column":53}}},"fnMap":{"0":{"name":"(anonymous_0)","decl":{"start":{"line":6,"column":32},"end":{"line":6,"column":33}},"loc":{"start":{"line":6,"column":52},"end":{"line":40,"column":1}},"line":6},"1":{"name":"(anonymous_1)","decl":{"start":{"line":43,"column":30},"end":{"line":43,"column":31}},"loc":{"start":{"line":43,"column":50},"end":{"line":67,"column":1}},"line":43},"2":{"name":"(anonymous_2)","decl":{"start":{"line":70,"column":29},"end":{"line":70,"column":30}},"loc":{"start":{"line":70,"column":49},"end":{"line":79,"column":1}},"line":70},"3":{"name":"(anonymous_3)","decl":{"start":{"line":82,"column":31},"end":{"line":82,"column":32}},"loc":{"start":{"line":82,"column":51},"end":{"line":92,"column":1}},"line":82},"4":{"name":"(anonymous_4)","decl":{"start":{"line":95,"column":26},"end":{"line":95,"column":27}},"loc":{"start":{"line":95,"column":46},"end":{"line":106,"column":1}},"line":95},"5":{"name":"(anonymous_5)","decl":{"start":{"line":99,"column":28},"end":{"line":99,"column":29}},"loc":{"start":{"line":99,"column":35},"end":{"line":99,"column":40}},"line":99}},"branchMap":{"0":{"loc":{"start":{"line":11,"column":4},"end":{"line":11,"column":72}},"type":"if","locations":[{"start":{"line":11,"column":4},"end":{"line":11,"column":72}},{"start":{},"end":{}}],"line":11},"1":{"loc":{"start":{"line":13,"column":4},"end":{"line":15,"column":5}},"type":"if","locations":[{"start":{"line":13,"column":4},"end":{"line":15,"column":5}},{"start":{},"end":{}}],"line":13},"2":{"loc":{"start":{"line":13,"column":26},"end":{"line":13,"column":45}},"type":"binary-expr","locations":[{"start":{"line":13,"column":26},"end":{"line":13,"column":38}},{"start":{"line":13,"column":42},"end":{"line":13,"column":45}}],"line":13},"3":{"loc":{"start":{"line":23,"column":4},"end":{"line":25,"column":5}},"type":"if","locations":[{"start":{"line":23,"column":4},"end":{"line":25,"column":5}},{"start":{},"end":{}}],"line":23},"4":{"loc":{"start":{"line":49,"column":4},"end":{"line":49,"column":80}},"type":"if","locations":[{"start":{"line":49,"column":4},"end":{"line":49,"column":80}},{"start":{},"end":{}}],"line":49},"5":{"loc":{"start":{"line":55,"column":4},"end":{"line":61,"column":5}},"type":"if","locations":[{"start":{"line":55,"column":4},"end":{"line":61,"column":5}},{"start":{},"end":{}}],"line":55},"6":{"loc":{"start":{"line":57,"column":6},"end":{"line":60,"column":7}},"type":"if","locations":[{"start":{"line":57,"column":6},"end":{"line":60,"column":7}},{"start":{},"end":{}}],"line":57}},"s":{"0":2,"1":2,"2":2,"3":4,"4":4,"5":4,"6":3,"7":1,"8":2,"9":0,"10":2,"11":2,"12":0,"13":2,"14":2,"15":1,"16":2,"17":4,"18":4,"19":4,"20":4,"21":4,"22":1,"23":3,"24":3,"25":2,"26":2,"27":2,"28":2,"29":2,"30":2,"31":1,"32":2,"33":2,"34":2,"35":1,"36":1,"37":2,"38":1,"39":1,"40":1,"41":0,"42":2,"43":1,"44":1,"45":1,"46":2,"47":1,"48":1,"49":0},"f":{"0":4,"1":4,"2":2,"3":1,"4":1,"5":2},"b":{"0":[1,2],"1":[0,2],"2":[2,0],"3":[0,2],"4":[1,3],"5":[2,0],"6":[2,0]},"_coverageSchema":"1a1c01bbd47fc00a2c39e90264f33305004495a9","hash":"4cc0bfa887f137ad756a9a879280160085cac12b"}
}
