TN:
SF:src\config\index.js
FN:37,(anonymous_0)
FNF:1
FNH:1
FNDA:6,(anonymous_0)
DA:2,6
DA:4,6
DA:37,6
DA:38,6
DA:39,1
DA:40,1
DA:42,1
DA:43,1
DA:48,6
DA:50,6
LF:10
LH:10
BRDA:6,0,0,6
BRDA:6,0,1,2
BRDA:7,1,0,6
BRDA:7,1,1,0
BRDA:10,2,0,6
BRDA:10,2,1,3
BRDA:14,3,0,6
BRDA:14,3,1,2
BRDA:15,4,0,6
BRDA:15,4,1,2
BRDA:16,5,0,6
BRDA:16,5,1,5
BRDA:21,6,0,6
BRDA:21,6,1,5
BRDA:38,7,0,1
BRDA:38,7,1,5
BRDA:39,8,0,1
BRDA:39,8,1,0
BRDA:42,9,0,1
BRDA:42,9,1,0
BRF:20
BRH:17
end_of_record
TN:
SF:src\constants\index.js
FNF:0
FNH:0
DA:4,10
DA:13,10
DA:20,10
DA:26,10
DA:35,10
DA:53,10
DA:65,10
DA:66,10
DA:67,10
DA:68,10
DA:70,10
LF:11
LH:11
BRF:0
BRH:0
end_of_record
TN:
SF:src\controllers\adminController.js
FN:18,(anonymous_0)
FN:45,(anonymous_1)
FN:46,(anonymous_2)
FN:75,(anonymous_3)
FN:91,(anonymous_4)
FN:92,(anonymous_5)
FN:112,(anonymous_6)
FN:113,(anonymous_7)
FN:133,(anonymous_8)
FN:146,(anonymous_9)
FN:156,(anonymous_10)
FN:167,(anonymous_11)
FN:178,(anonymous_12)
FN:192,(anonymous_13)
FN:202,(anonymous_14)
FN:216,(anonymous_15)
FN:230,buildSampleRoute
FN:287,(anonymous_17)
FN:307,(anonymous_18)
FN:332,(anonymous_19)
FN:342,(anonymous_20)
FNF:21
FNH:21
FNDA:6,(anonymous_0)
FNDA:15,(anonymous_1)
FNDA:10,(anonymous_2)
FNDA:5,(anonymous_3)
FNDA:6,(anonymous_4)
FNDA:6,(anonymous_5)
FNDA:6,(anonymous_6)
FNDA:6,(anonymous_7)
FNDA:15,(anonymous_8)
FNDA:2,(anonymous_9)
FNDA:2,(anonymous_10)
FNDA:2,(anonymous_11)
FNDA:1,(anonymous_12)
FNDA:1,(anonymous_13)
FNDA:2,(anonymous_14)
FNDA:2,(anonymous_15)
FNDA:2,buildSampleRoute
FNDA:5,(anonymous_17)
FNDA:2,(anonymous_18)
FNDA:1,(anonymous_19)
FNDA:1,(anonymous_20)
DA:1,23
DA:3,23
DA:4,23
DA:6,23
DA:7,23
DA:9,3
DA:12,23
DA:13,23
DA:15,2
DA:18,23
DA:19,6
DA:20,6
DA:21,6
DA:22,6
DA:23,6
DA:24,6
DA:26,6
DA:44,5
DA:45,15
DA:46,5
DA:47,10
DA:48,10
DA:52,5
DA:57,5
DA:58,5
DA:67,5
DA:68,35
DA:69,35
DA:70,35
DA:71,35
DA:72,35
DA:75,5
DA:76,5
DA:77,5
DA:78,0
DA:82,5
DA:83,5
DA:84,5
DA:85,5
DA:89,4
DA:90,3
DA:91,6
DA:92,6
DA:96,1
DA:100,5
DA:101,5
DA:102,5
DA:103,5
DA:104,5
DA:105,5
DA:106,5
DA:110,4
DA:111,3
DA:112,6
DA:113,6
DA:118,1
DA:123,5
DA:133,15
DA:141,1
DA:142,1
DA:146,23
DA:147,2
DA:148,2
DA:149,1
DA:151,1
DA:152,1
DA:156,23
DA:157,2
DA:158,2
DA:159,1
DA:160,1
DA:162,0
DA:163,0
DA:167,23
DA:168,2
DA:169,2
DA:170,1
DA:171,1
DA:173,0
DA:174,0
DA:178,23
DA:179,1
DA:180,1
DA:185,1
DA:187,0
DA:188,0
DA:192,23
DA:193,1
DA:194,1
DA:195,1
DA:197,0
DA:198,0
DA:202,23
DA:203,2
DA:204,2
DA:205,1
DA:206,1
DA:208,1
DA:209,1
DA:211,0
DA:212,0
DA:216,23
DA:217,2
DA:218,2
DA:219,1
DA:220,1
DA:222,1
DA:223,1
DA:225,0
DA:226,0
DA:231,2
DA:232,2
DA:265,2
DA:287,23
DA:288,5
DA:289,5
DA:290,5
DA:291,1
DA:294,4
DA:295,1
DA:299,3
DA:300,3
DA:302,1
DA:303,1
DA:306,2
DA:307,2
DA:308,2
DA:309,2
DA:310,2
DA:311,0
DA:312,0
DA:315,2
DA:316,1
DA:332,1
DA:333,1
DA:334,1
DA:335,1
DA:336,0
DA:339,1
DA:340,1
DA:342,1
DA:353,1
DA:354,1
DA:355,1
DA:356,1
DA:358,1
DA:376,0
DA:377,0
LF:148
LH:130
BRDA:47,0,0,10
BRDA:47,0,1,0
BRDA:53,1,0,5
BRDA:53,1,1,0
BRDA:54,2,0,5
BRDA:54,2,1,0
BRDA:77,3,0,0
BRDA:77,3,1,5
BRDA:77,4,0,5
BRDA:77,4,1,0
BRDA:83,5,0,5
BRDA:83,5,1,0
BRDA:89,6,0,3
BRDA:89,6,1,1
BRDA:91,7,0,6
BRDA:91,7,1,0
BRDA:101,8,0,5
BRDA:101,8,1,0
BRDA:101,9,0,5
BRDA:101,9,1,5
BRDA:102,10,0,1
BRDA:102,10,1,4
BRDA:102,11,0,4
BRDA:102,11,1,0
BRDA:103,12,0,1
BRDA:103,12,1,4
BRDA:103,13,0,4
BRDA:103,13,1,0
BRDA:104,14,0,5
BRDA:104,14,1,0
BRDA:104,15,0,5
BRDA:104,15,1,5
BRDA:110,16,0,3
BRDA:110,16,1,1
BRDA:112,17,0,6
BRDA:112,17,1,0
BRDA:126,18,0,5
BRDA:126,18,1,0
BRDA:127,19,0,5
BRDA:127,19,1,0
BRDA:133,20,0,15
BRDA:133,20,1,0
BRDA:158,21,0,1
BRDA:158,21,1,1
BRDA:169,22,0,1
BRDA:169,22,1,1
BRDA:182,23,0,1
BRDA:182,23,1,0
BRDA:183,24,0,1
BRDA:183,24,1,0
BRDA:204,25,0,1
BRDA:204,25,1,1
BRDA:218,26,0,1
BRDA:218,26,1,1
BRDA:230,27,0,0
BRDA:240,28,0,2
BRDA:240,28,1,0
BRDA:250,29,0,2
BRDA:250,29,1,0
BRDA:260,30,0,2
BRDA:260,30,1,0
BRDA:267,31,0,2
BRDA:267,31,1,0
BRDA:268,32,0,2
BRDA:268,32,1,0
BRDA:271,33,0,2
BRDA:271,33,1,2
BRDA:288,34,0,1
BRDA:288,35,0,2
BRDA:288,36,0,5
BRDA:288,36,1,0
BRDA:290,37,0,1
BRDA:290,37,1,4
BRDA:290,38,0,5
BRDA:290,38,1,4
BRDA:290,38,2,4
BRDA:294,39,0,1
BRDA:294,39,1,3
BRDA:308,40,0,2
BRDA:308,40,1,0
BRDA:309,41,0,2
BRDA:309,41,1,2
BRDA:310,42,0,2
BRDA:310,42,1,0
BRDA:311,43,0,0
BRDA:311,43,1,0
BRDA:315,44,0,1
BRDA:315,44,1,1
BRDA:322,45,0,1
BRDA:322,45,1,0
BRDA:328,46,0,1
BRDA:328,46,1,0
BRDA:333,47,0,1
BRDA:333,47,1,0
BRDA:334,48,0,1
BRDA:334,48,1,0
BRDA:335,49,0,1
BRDA:335,49,1,0
BRDA:336,50,0,0
BRDA:336,50,1,0
BRDA:336,50,2,0
BRDA:336,51,0,0
BRDA:336,51,1,0
BRDA:336,51,2,0
BRDA:339,52,0,1
BRDA:339,52,1,0
BRDA:345,53,0,1
BRDA:345,53,1,1
BRDA:345,53,2,1
BRDA:346,54,0,1
BRDA:346,54,1,1
BRDA:347,55,0,1
BRDA:347,55,1,0
BRDA:348,56,0,1
BRDA:348,56,1,1
BRDA:349,57,0,1
BRDA:349,57,1,1
BRDA:349,57,2,1
BRDA:350,58,0,1
BRDA:350,58,1,0
BRDA:350,58,2,0
BRDA:355,59,0,1
BRDA:355,59,1,1
BRDA:356,60,0,0
BRDA:356,60,1,1
BRF:125
BRH:81
end_of_record
TN:
SF:src\controllers\authController.js
FN:3,(anonymous_0)
FN:13,(anonymous_1)
FNF:2
FNH:2
FNDA:2,(anonymous_0)
FNDA:2,(anonymous_1)
DA:1,1
DA:3,1
DA:4,2
DA:6,2
DA:7,1
DA:10,1
DA:13,1
DA:14,2
DA:16,2
DA:17,1
DA:20,1
LF:11
LH:11
BRDA:6,0,0,1
BRDA:6,0,1,1
BRDA:16,1,0,1
BRDA:16,1,1,1
BRF:4
BRH:4
end_of_record
TN:
SF:src\controllers\binController.js
FN:8,(anonymous_0)
FN:31,(anonymous_1)
FN:82,(anonymous_2)
FN:87,(anonymous_3)
FNF:4
FNH:4
FNDA:2,(anonymous_0)
FNDA:7,(anonymous_1)
FNDA:1,(anonymous_2)
FNDA:2,(anonymous_3)
DA:2,1
DA:3,1
DA:4,1
DA:5,1
DA:8,1
DA:9,2
DA:12,2
DA:13,1
DA:18,1
DA:24,1
DA:31,1
DA:32,7
DA:33,7
DA:36,7
DA:37,1
DA:42,6
DA:43,1
DA:48,5
DA:49,1
DA:54,4
DA:55,4
DA:56,1
DA:62,3
DA:63,1
DA:68,2
DA:69,2
DA:72,2
DA:73,2
DA:75,2
DA:82,1
DA:83,1
DA:87,1
DA:88,2
DA:89,2
DA:90,2
DA:91,2
DA:93,2
DA:105,1
LF:38
LH:38
BRDA:12,0,0,1
BRDA:12,0,1,1
BRDA:12,1,0,2
BRDA:12,1,1,2
BRDA:36,2,0,1
BRDA:36,2,1,6
BRDA:36,3,0,7
BRDA:36,3,1,6
BRDA:42,4,0,1
BRDA:42,4,1,5
BRDA:48,5,0,1
BRDA:48,5,1,4
BRDA:55,6,0,1
BRDA:55,6,1,3
BRDA:62,7,0,1
BRDA:62,7,1,2
BRDA:62,8,0,3
BRDA:62,8,1,2
BRDA:69,9,0,2
BRDA:69,9,1,0
BRDA:88,10,0,2
BRDA:88,10,1,0
BRDA:89,11,0,2
BRDA:89,11,1,0
BRF:24
BRH:21
end_of_record
TN:
SF:src\controllers\collectionController.js
FN:9,(anonymous_0)
FN:57,(anonymous_1)
FN:94,(anonymous_2)
FN:108,(anonymous_3)
FN:123,(anonymous_4)
FN:126,(anonymous_5)
FNF:6
FNH:6
FNDA:5,(anonymous_0)
FNDA:3,(anonymous_1)
FNDA:1,(anonymous_2)
FNDA:1,(anonymous_3)
FNDA:1,(anonymous_4)
FNDA:2,(anonymous_5)
DA:2,1
DA:3,1
DA:4,1
DA:5,1
DA:6,1
DA:9,1
DA:10,5
DA:11,5
DA:13,5
DA:14,1
DA:20,4
DA:21,1
DA:26,3
DA:27,1
DA:33,2
DA:38,2
DA:39,1
DA:44,1
DA:50,1
DA:57,1
DA:58,3
DA:59,3
DA:62,3
DA:63,1
DA:68,2
DA:69,2
DA:70,1
DA:75,1
DA:76,1
DA:79,1
DA:80,1
DA:81,1
DA:82,1
DA:83,1
DA:87,1
DA:94,1
DA:95,1
DA:104,1
DA:108,1
DA:109,1
DA:119,1
DA:123,1
DA:125,1
DA:126,2
DA:127,1
DA:130,1
LF:46
LH:46
BRDA:13,0,0,1
BRDA:13,0,1,4
BRDA:20,1,0,1
BRDA:20,1,1,3
BRDA:20,2,0,4
BRDA:20,2,1,4
BRDA:26,3,0,1
BRDA:26,3,1,2
BRDA:26,4,0,3
BRDA:26,4,1,0
BRDA:38,5,0,1
BRDA:38,5,1,1
BRDA:62,6,0,1
BRDA:62,6,1,2
BRDA:69,7,0,1
BRDA:69,7,1,1
BRDA:79,8,0,1
BRDA:79,8,1,0
BRDA:81,9,0,1
BRDA:81,9,1,0
BRF:20
BRH:17
end_of_record
TN:
SF:src\controllers\userController.js
FN:7,(anonymous_0)
FNF:1
FNH:1
FNDA:5,(anonymous_0)
DA:1,1
DA:2,1
DA:3,1
DA:4,1
DA:7,1
DA:8,5
DA:9,5
DA:10,1
DA:15,4
DA:16,1
DA:21,3
DA:23,3
DA:24,2
DA:25,2
DA:26,1
DA:30,1
DA:33,2
DA:34,2
DA:38,2
DA:39,1
DA:41,2
DA:42,1
DA:44,2
DA:45,1
DA:48,2
DA:49,2
DA:50,2
DA:52,2
DA:54,1
DA:55,1
DA:56,1
DA:57,0
DA:58,0
DA:60,1
DA:68,1
DA:69,1
DA:72,1
DA:74,1
LF:38
LH:36
BRDA:9,0,0,1
BRDA:9,0,1,4
BRDA:15,1,0,1
BRDA:15,1,1,3
BRDA:21,2,0,3
BRDA:21,2,1,0
BRDA:23,3,0,2
BRDA:23,3,1,1
BRDA:25,4,0,1
BRDA:25,4,1,1
BRDA:25,5,0,2
BRDA:25,5,1,2
BRDA:33,6,0,2
BRDA:33,6,1,0
BRDA:33,7,0,2
BRDA:33,7,1,2
BRDA:35,8,0,1
BRDA:35,8,1,1
BRDA:35,9,0,1
BRDA:35,9,1,0
BRDA:38,10,0,1
BRDA:38,10,1,1
BRDA:41,11,0,1
BRDA:41,11,1,1
BRDA:44,12,0,1
BRDA:44,12,1,1
BRDA:48,13,0,2
BRDA:48,13,1,0
BRDA:48,14,0,2
BRDA:48,14,1,2
BRDA:52,15,0,1
BRDA:52,15,1,1
BRDA:52,16,0,2
BRDA:52,16,1,1
BRDA:52,16,2,1
BRDA:52,16,3,1
BRDA:56,17,0,0
BRDA:56,17,1,1
BRF:38
BRH:33
end_of_record
TN:
SF:src\middlewares\authMiddleware.js
FN:10,authMiddleware
FNF:1
FNH:1
FNDA:5,authMiddleware
DA:1,5
DA:2,5
DA:4,5
DA:10,5
DA:11,5
DA:12,5
DA:13,5
DA:14,1
DA:16,4
DA:18,4
DA:19,4
DA:21,1
DA:24,3
DA:25,2
DA:26,1
DA:29,1
DA:30,1
DA:32,1
DA:33,1
LF:19
LH:19
BRDA:4,0,0,5
BRDA:4,0,1,0
BRDA:12,1,0,5
BRDA:12,1,1,1
BRDA:13,2,0,1
BRDA:13,2,1,4
BRDA:13,3,0,5
BRDA:13,3,1,4
BRDA:25,4,0,1
BRDA:25,4,1,1
BRF:10
BRH:9
end_of_record
TN:
SF:src\middlewares\errorMiddleware.js
FN:9,(anonymous_0)
FN:21,(anonymous_1)
FN:63,(anonymous_2)
FN:73,(anonymous_3)
FN:74,(anonymous_4)
FN:83,(anonymous_5)
FNF:6
FNH:6
FNDA:6,(anonymous_0)
FNDA:2,(anonymous_1)
FNDA:1,(anonymous_2)
FNDA:10,(anonymous_3)
FNDA:27,(anonymous_4)
FNDA:1,(anonymous_5)
DA:2,4
DA:3,4
DA:9,4
DA:10,6
DA:19,6
DA:21,2
DA:22,1
DA:27,5
DA:29,1
DA:34,4
DA:36,1
DA:37,1
DA:42,3
DA:43,1
DA:48,2
DA:49,1
DA:55,1
DA:63,4
DA:64,1
DA:73,4
DA:74,10
DA:75,27
DA:84,1
DA:85,1
DA:86,1
DA:87,1
DA:89,1
DA:93,4
LF:28
LH:28
BRDA:19,0,0,1
BRDA:19,0,1,5
BRDA:27,1,0,1
BRDA:27,1,1,4
BRDA:34,2,0,1
BRDA:34,2,1,3
BRDA:42,3,0,1
BRDA:42,3,1,2
BRDA:48,4,0,1
BRDA:48,4,1,1
BRDA:83,5,0,1
BRDA:83,6,0,1
BRF:12
BRH:12
end_of_record
TN:
SF:src\middlewares\roleMiddleware.js
FN:2,requireRole
FN:6,(anonymous_1)
FN:22,(anonymous_2)
FN:23,(anonymous_3)
FN:24,(anonymous_4)
FNF:5
FNH:5
FNDA:6,requireRole
FNDA:6,(anonymous_1)
FNDA:1,(anonymous_2)
FNDA:1,(anonymous_3)
FNDA:1,(anonymous_4)
DA:4,6
DA:6,6
DA:7,6
DA:8,1
DA:11,5
DA:12,3
DA:17,2
DA:22,1
DA:23,1
DA:24,1
DA:26,1
LF:11
LH:11
BRDA:4,0,0,2
BRDA:4,0,1,4
BRDA:7,1,0,1
BRDA:7,1,1,5
BRDA:11,2,0,3
BRDA:11,2,1,2
BRF:6
BRH:6
end_of_record
TN:
SF:src\middlewares\validationMiddleware.js
FN:8,(anonymous_0)
FN:21,(anonymous_1)
FN:22,(anonymous_2)
FN:23,(anonymous_3)
FN:38,(anonymous_4)
FN:56,(anonymous_5)
FN:57,(anonymous_6)
FN:85,(anonymous_7)
FN:88,(anonymous_8)
FN:127,(anonymous_9)
FN:128,(anonymous_10)
FNF:11
FNH:11
FNDA:2,(anonymous_0)
FNDA:2,(anonymous_1)
FNDA:2,(anonymous_2)
FNDA:4,(anonymous_3)
FNDA:3,(anonymous_4)
FNDA:4,(anonymous_5)
FNDA:4,(anonymous_6)
FNDA:6,(anonymous_7)
FNDA:6,(anonymous_8)
FNDA:2,(anonymous_9)
FNDA:2,(anonymous_10)
DA:2,1
DA:3,1
DA:8,1
DA:9,2
DA:10,1
DA:14,1
DA:21,1
DA:22,2
DA:23,4
DA:25,2
DA:26,1
DA:31,1
DA:38,1
DA:39,3
DA:40,2
DA:41,2
DA:42,1
DA:47,2
DA:56,1
DA:57,4
DA:58,4
DA:60,4
DA:61,1
DA:64,3
DA:65,1
DA:70,2
DA:71,1
DA:76,1
DA:85,1
DA:86,6
DA:88,6
DA:89,6
DA:91,6
DA:92,1
DA:95,5
DA:96,1
DA:101,4
DA:102,1
DA:107,3
DA:108,1
DA:113,2
DA:114,1
DA:119,1
DA:127,1
DA:128,2
DA:129,2
DA:130,2
DA:132,2
DA:133,1
DA:138,1
DA:142,1
LF:51
LH:51
BRDA:9,0,0,1
BRDA:9,0,1,1
BRDA:9,1,0,2
BRDA:9,1,1,2
BRDA:25,2,0,1
BRDA:25,2,1,1
BRDA:39,3,0,2
BRDA:39,3,1,1
BRDA:39,4,0,3
BRDA:39,4,1,2
BRDA:39,4,2,1
BRDA:41,5,0,1
BRDA:41,5,1,1
BRDA:41,6,0,2
BRDA:41,6,1,2
BRDA:56,7,0,3
BRDA:60,8,0,1
BRDA:60,8,1,3
BRDA:60,9,0,4
BRDA:60,9,1,2
BRDA:64,10,0,1
BRDA:64,10,1,2
BRDA:70,11,0,1
BRDA:70,11,1,1
BRDA:85,12,0,2
BRDA:86,13,0,4
BRDA:86,14,0,4
BRDA:86,15,0,5
BRDA:86,16,0,4
BRDA:91,17,0,1
BRDA:91,17,1,5
BRDA:91,18,0,6
BRDA:91,18,1,2
BRDA:95,19,0,1
BRDA:95,19,1,4
BRDA:101,20,0,1
BRDA:101,20,1,3
BRDA:101,21,0,4
BRDA:101,21,1,3
BRDA:107,22,0,1
BRDA:107,22,1,2
BRDA:107,23,0,3
BRDA:107,23,1,2
BRDA:113,24,0,1
BRDA:113,24,1,1
BRDA:113,25,0,2
BRDA:113,25,1,2
BRDA:132,26,0,1
BRDA:132,26,1,1
BRF:49
BRH:49
end_of_record
TN:
SF:src\models\Bin.js
FN:36,(anonymous_0)
FN:41,(anonymous_1)
FNF:2
FNH:2
FNDA:3,(anonymous_0)
FNDA:3,(anonymous_1)
DA:2,2
DA:3,2
DA:5,2
DA:31,2
DA:32,2
DA:33,2
DA:36,2
DA:37,3
DA:41,2
DA:42,3
DA:46,2
DA:48,2
LF:12
LH:12
BRF:0
BRH:0
end_of_record
TN:
SF:src\models\CollectionRequest.js
FNF:0
FNH:0
DA:2,1
DA:3,1
DA:5,1
DA:53,1
DA:54,1
DA:56,1
LF:6
LH:6
BRF:0
BRH:0
end_of_record
TN:
SF:src\models\User.js
FN:64,(anonymous_0)
FN:76,(anonymous_1)
FN:81,(anonymous_2)
FNF:3
FNH:3
FNDA:13,(anonymous_0)
FNDA:3,(anonymous_1)
FNDA:1,(anonymous_2)
DA:1,3
DA:2,3
DA:3,3
DA:4,3
DA:6,3
DA:64,3
DA:65,13
DA:66,12
DA:67,12
DA:68,12
DA:69,12
DA:71,0
DA:76,3
DA:77,3
DA:81,3
DA:82,1
DA:83,1
DA:84,1
DA:87,3
LF:19
LH:18
BRDA:65,0,0,1
BRDA:65,0,1,12
BRF:2
BRH:2
end_of_record
TN:
SF:src\routes\adminRoutes.js
FN:7,requireAdmin
FNF:1
FNH:0
FNDA:0,requireAdmin
DA:1,0
DA:2,0
DA:3,0
DA:5,0
DA:8,0
DA:9,0
DA:11,0
DA:14,0
DA:15,0
DA:16,0
DA:17,0
DA:18,0
DA:19,0
DA:20,0
DA:21,0
DA:22,0
DA:24,0
LF:17
LH:0
BRDA:8,0,0,0
BRDA:8,0,1,0
BRF:2
BRH:0
end_of_record
TN:
SF:src\routes\authRoutes.js
FNF:0
FNH:0
DA:1,0
DA:2,0
DA:3,0
DA:4,0
DA:5,0
DA:8,0
DA:14,0
DA:20,0
LF:8
LH:0
BRF:0
BRH:0
end_of_record
TN:
SF:src\routes\binRoutes.js
FNF:0
FNH:0
DA:1,0
DA:2,0
DA:3,0
DA:4,0
DA:5,0
DA:6,0
DA:7,0
DA:10,0
DA:18,0
DA:28,0
DA:30,0
LF:11
LH:0
BRF:0
BRH:0
end_of_record
TN:
SF:src\routes\collectionRoutes.js
FNF:0
FNH:0
DA:1,0
DA:2,0
DA:3,0
DA:4,0
DA:5,0
DA:6,0
DA:7,0
DA:8,0
DA:11,0
DA:20,0
DA:31,0
DA:34,0
DA:37,0
DA:39,0
LF:14
LH:0
BRF:0
BRH:0
end_of_record
TN:
SF:src\routes\userRoutes.js
FNF:0
FNH:0
DA:1,0
DA:2,0
DA:3,0
DA:4,0
DA:7,0
DA:9,0
LF:6
LH:0
BRF:0
BRH:0
end_of_record
TN:
SF:src\services\authService.js
FN:14,(anonymous_0)
FN:27,(anonymous_1)
FN:128,(anonymous_2)
FN:180,(anonymous_3)
FNF:4
FNH:4
FNDA:8,(anonymous_0)
FNDA:17,(anonymous_1)
FNDA:9,(anonymous_2)
FNDA:6,(anonymous_3)
DA:2,2
DA:3,2
DA:4,2
DA:5,2
DA:6,2
DA:15,8
DA:28,17
DA:31,17
DA:32,1
DA:40,16
DA:41,16
DA:42,1
DA:50,15
DA:51,1
DA:59,14
DA:60,1
DA:68,13
DA:69,1
DA:77,12
DA:78,12
DA:79,2
DA:87,10
DA:95,10
DA:96,2
DA:103,2
DA:104,2
DA:105,1
DA:106,1
DA:108,1
DA:117,9
DA:129,9
DA:130,9
DA:131,9
DA:132,1
DA:135,8
DA:136,7
DA:138,7
DA:139,0
DA:142,7
DA:157,1
DA:159,1
DA:160,0
DA:167,1
DA:181,6
DA:182,6
DA:185,6
DA:186,1
DA:194,5
DA:195,1
DA:203,4
DA:204,3
DA:205,1
DA:213,2
DA:214,2
DA:215,1
DA:223,1
DA:225,1
DA:226,0
DA:229,1
DA:244,1
DA:245,1
DA:254,2
LF:62
LH:59
BRDA:31,0,0,1
BRDA:31,0,1,16
BRDA:31,1,0,17
BRDA:31,1,1,16
BRDA:31,1,2,16
BRDA:31,1,3,16
BRDA:41,2,0,1
BRDA:41,2,1,15
BRDA:41,3,0,16
BRDA:41,3,1,16
BRDA:50,4,0,1
BRDA:50,4,1,14
BRDA:59,5,0,1
BRDA:59,5,1,13
BRDA:68,6,0,1
BRDA:68,6,1,12
BRDA:78,7,0,2
BRDA:78,7,1,10
BRDA:95,8,0,2
BRDA:95,8,1,8
BRDA:95,9,0,10
BRDA:95,9,1,2
BRDA:103,10,0,2
BRDA:103,10,1,0
BRDA:103,11,0,2
BRDA:103,11,1,2
BRDA:104,12,0,1
BRDA:104,12,1,1
BRDA:131,13,0,1
BRDA:131,13,1,8
BRDA:138,14,0,0
BRDA:138,14,1,7
BRDA:159,15,0,0
BRDA:159,15,1,1
BRDA:185,16,0,1
BRDA:185,16,1,5
BRDA:185,17,0,6
BRDA:185,17,1,5
BRDA:194,18,0,1
BRDA:194,18,1,4
BRDA:204,19,0,1
BRDA:204,19,1,2
BRDA:214,20,0,1
BRDA:214,20,1,1
BRDA:225,21,0,0
BRDA:225,21,1,1
BRF:46
BRH:42
end_of_record
TN:
SF:src\utils\validation.js
FN:2,(anonymous_0)
FN:7,(anonymous_1)
FN:12,(anonymous_2)
FN:23,(anonymous_3)
FN:28,(anonymous_4)
FN:33,(anonymous_5)
FNF:6
FNH:6
FNDA:23,(anonymous_0)
FNDA:18,(anonymous_1)
FNDA:8,(anonymous_2)
FNDA:31,(anonymous_3)
FNDA:5,(anonymous_4)
FNDA:49,(anonymous_5)
DA:2,8
DA:3,23
DA:4,23
DA:7,8
DA:9,18
DA:12,8
DA:13,8
DA:23,8
DA:24,31
DA:25,29
DA:28,8
DA:29,5
DA:33,8
DA:34,49
DA:35,49
DA:36,49
DA:39,8
LF:17
LH:17
BRDA:9,0,0,18
BRDA:9,0,1,18
BRDA:9,0,2,17
BRDA:9,0,3,16
BRDA:14,1,0,8
BRDA:14,1,1,7
BRDA:14,1,2,7
BRDA:14,1,3,6
BRDA:14,1,4,4
BRDA:14,1,5,4
BRDA:14,1,6,3
BRDA:14,1,7,3
BRDA:23,2,0,3
BRDA:24,3,0,2
BRDA:24,3,1,29
BRDA:28,4,0,3
BRDA:29,5,0,5
BRDA:29,5,1,5
BRDA:29,5,2,4
BRDA:29,5,3,3
BRDA:33,6,0,47
BRDA:35,7,0,2
BRDA:35,7,1,47
BRF:23
BRH:23
end_of_record
