TN:
SF:src\controllers\adminController.js
FN:18,(anonymous_0)
FN:45,(anonymous_1)
FN:46,(anonymous_2)
FN:75,(anonymous_3)
FN:91,(anonymous_4)
FN:92,(anonymous_5)
FN:112,(anonymous_6)
FN:113,(anonymous_7)
FN:133,(anonymous_8)
FN:146,(anonymous_9)
FN:156,(anonymous_10)
FN:167,(anonymous_11)
FN:178,(anonymous_12)
FN:192,(anonymous_13)
FN:202,(anonymous_14)
FN:216,(anonymous_15)
FN:230,buildSampleRoute
FN:287,(anonymous_17)
FN:307,(anonymous_18)
FN:332,(anonymous_19)
FN:342,(anonymous_20)
FNF:21
FNH:21
FNDA:3,(anonymous_0)
FNDA:6,(anonymous_1)
FNDA:3,(anonymous_2)
FNDA:2,(anonymous_3)
FNDA:2,(anonymous_4)
FNDA:2,(anonymous_5)
FNDA:2,(anonymous_6)
FNDA:2,(anonymous_7)
FNDA:6,(anonymous_8)
FNDA:1,(anonymous_9)
FNDA:1,(anonymous_10)
FNDA:1,(anonymous_11)
FNDA:1,(anonymous_12)
FNDA:1,(anonymous_13)
FNDA:1,(anonymous_14)
FNDA:1,(anonymous_15)
FNDA:2,buildSampleRoute
FNDA:6,(anonymous_17)
FNDA:6,(anonymous_18)
FNDA:1,(anonymous_19)
FNDA:3,(anonymous_20)
DA:1,2
DA:3,2
DA:4,2
DA:6,2
DA:7,2
DA:9,0
DA:12,2
DA:13,2
DA:15,1
DA:18,2
DA:19,3
DA:20,3
DA:21,3
DA:22,3
DA:23,3
DA:24,3
DA:26,3
DA:44,2
DA:45,6
DA:46,2
DA:47,3
DA:48,3
DA:52,2
DA:57,2
DA:58,2
DA:67,2
DA:68,14
DA:69,14
DA:70,14
DA:71,14
DA:72,14
DA:75,2
DA:76,2
DA:77,2
DA:78,2
DA:82,2
DA:83,2
DA:84,2
DA:85,2
DA:89,2
DA:90,1
DA:91,2
DA:92,2
DA:96,0
DA:100,2
DA:101,2
DA:102,2
DA:103,2
DA:104,2
DA:105,2
DA:106,2
DA:110,2
DA:111,1
DA:112,2
DA:113,2
DA:118,0
DA:123,2
DA:133,6
DA:141,1
DA:142,1
DA:146,2
DA:147,1
DA:148,1
DA:149,1
DA:151,0
DA:152,0
DA:156,2
DA:157,1
DA:158,1
DA:159,1
DA:160,1
DA:162,0
DA:163,0
DA:167,2
DA:168,1
DA:169,1
DA:170,1
DA:171,1
DA:173,0
DA:174,0
DA:178,2
DA:179,1
DA:180,1
DA:185,1
DA:187,0
DA:188,0
DA:192,2
DA:193,1
DA:194,1
DA:195,1
DA:197,0
DA:198,0
DA:202,2
DA:203,1
DA:204,1
DA:205,0
DA:206,0
DA:208,1
DA:209,1
DA:211,0
DA:212,0
DA:216,2
DA:217,1
DA:218,1
DA:219,0
DA:220,0
DA:222,1
DA:223,1
DA:225,0
DA:226,0
DA:231,2
DA:232,2
DA:265,2
DA:287,2
DA:288,6
DA:289,6
DA:290,6
DA:291,1
DA:294,5
DA:295,0
DA:299,5
DA:300,5
DA:302,1
DA:303,1
DA:306,4
DA:307,3
DA:308,6
DA:309,6
DA:310,6
DA:311,0
DA:312,0
DA:315,3
DA:316,1
DA:332,2
DA:333,1
DA:334,1
DA:335,1
DA:336,0
DA:339,2
DA:340,2
DA:342,3
DA:353,2
DA:354,2
DA:355,2
DA:356,2
DA:358,2
DA:376,1
DA:377,1
LF:148
LH:123
BRDA:47,0,0,3
BRDA:47,0,1,0
BRDA:53,1,0,2
BRDA:53,1,1,0
BRDA:54,2,0,2
BRDA:54,2,1,0
BRDA:77,3,0,2
BRDA:77,3,1,0
BRDA:77,4,0,2
BRDA:77,4,1,2
BRDA:83,5,0,2
BRDA:83,5,1,0
BRDA:89,6,0,1
BRDA:89,6,1,1
BRDA:91,7,0,2
BRDA:91,7,1,0
BRDA:101,8,0,2
BRDA:101,8,1,0
BRDA:101,9,0,2
BRDA:101,9,1,2
BRDA:102,10,0,2
BRDA:102,10,1,0
BRDA:102,11,0,0
BRDA:102,11,1,0
BRDA:103,12,0,2
BRDA:103,12,1,0
BRDA:103,13,0,0
BRDA:103,13,1,0
BRDA:104,14,0,2
BRDA:104,14,1,0
BRDA:104,15,0,2
BRDA:104,15,1,2
BRDA:110,16,0,1
BRDA:110,16,1,1
BRDA:112,17,0,2
BRDA:112,17,1,0
BRDA:126,18,0,2
BRDA:126,18,1,0
BRDA:127,19,0,2
BRDA:127,19,1,0
BRDA:133,20,0,6
BRDA:133,20,1,0
BRDA:158,21,0,0
BRDA:158,21,1,1
BRDA:169,22,0,0
BRDA:169,22,1,1
BRDA:182,23,0,1
BRDA:182,23,1,0
BRDA:183,24,0,1
BRDA:183,24,1,0
BRDA:204,25,0,0
BRDA:204,25,1,1
BRDA:218,26,0,0
BRDA:218,26,1,1
BRDA:230,27,0,0
BRDA:240,28,0,2
BRDA:240,28,1,0
BRDA:250,29,0,2
BRDA:250,29,1,0
BRDA:260,30,0,2
BRDA:260,30,1,0
BRDA:267,31,0,2
BRDA:267,31,1,0
BRDA:268,32,0,2
BRDA:268,32,1,0
BRDA:271,33,0,2
BRDA:271,33,1,0
BRDA:288,34,0,0
BRDA:288,35,0,1
BRDA:288,36,0,6
BRDA:288,36,1,0
BRDA:290,37,0,1
BRDA:290,37,1,5
BRDA:290,38,0,6
BRDA:290,38,1,5
BRDA:290,38,2,5
BRDA:294,39,0,0
BRDA:294,39,1,5
BRDA:308,40,0,6
BRDA:308,40,1,0
BRDA:309,41,0,6
BRDA:309,41,1,0
BRDA:310,42,0,6
BRDA:310,42,1,0
BRDA:311,43,0,0
BRDA:311,43,1,0
BRDA:315,44,0,1
BRDA:315,44,1,2
BRDA:322,45,0,1
BRDA:322,45,1,0
BRDA:328,46,0,1
BRDA:328,46,1,0
BRDA:333,47,0,1
BRDA:333,47,1,0
BRDA:334,48,0,1
BRDA:334,48,1,0
BRDA:335,49,0,1
BRDA:335,49,1,0
BRDA:336,50,0,0
BRDA:336,50,1,0
BRDA:336,50,2,0
BRDA:336,51,0,0
BRDA:336,51,1,0
BRDA:336,51,2,0
BRDA:339,52,0,2
BRDA:339,52,1,0
BRDA:345,53,0,3
BRDA:345,53,1,3
BRDA:345,53,2,3
BRDA:346,54,0,3
BRDA:346,54,1,0
BRDA:347,55,0,3
BRDA:347,55,1,0
BRDA:348,56,0,3
BRDA:348,56,1,1
BRDA:349,57,0,3
BRDA:349,57,1,3
BRDA:349,57,2,3
BRDA:350,58,0,3
BRDA:350,58,1,0
BRDA:350,58,2,0
BRDA:355,59,0,2
BRDA:355,59,1,0
BRDA:356,60,0,2
BRDA:356,60,1,0
BRF:125
BRH:68
end_of_record
TN:
SF:src\controllers\collectionController.js
FN:6,(anonymous_0)
FN:43,(anonymous_1)
FN:70,(anonymous_2)
FN:82,(anonymous_3)
FN:95,(anonymous_4)
FN:99,(anonymous_5)
FNF:6
FNH:6
FNDA:4,(anonymous_0)
FNDA:4,(anonymous_1)
FNDA:2,(anonymous_2)
FNDA:1,(anonymous_3)
FNDA:1,(anonymous_4)
FNDA:2,(anonymous_5)
DA:2,2
DA:3,2
DA:6,2
DA:7,4
DA:8,4
DA:9,4
DA:11,3
DA:13,2
DA:14,0
DA:18,2
DA:23,2
DA:24,0
DA:27,2
DA:33,2
DA:38,1
DA:43,2
DA:44,4
DA:45,4
DA:46,4
DA:48,4
DA:49,4
DA:51,3
DA:52,3
DA:55,2
DA:56,2
DA:57,2
DA:58,2
DA:59,2
DA:63,2
DA:65,1
DA:70,2
DA:71,2
DA:72,2
DA:75,1
DA:77,1
DA:82,2
DA:83,1
DA:84,1
DA:88,1
DA:90,0
DA:95,2
DA:96,1
DA:98,1
DA:99,2
DA:100,1
DA:102,1
DA:104,0
LF:47
LH:43
BRDA:11,0,0,1
BRDA:11,0,1,2
BRDA:13,1,0,0
BRDA:13,1,1,2
BRDA:13,2,0,2
BRDA:13,2,1,0
BRDA:23,3,0,0
BRDA:23,3,1,2
BRDA:49,4,0,1
BRDA:49,4,1,3
BRDA:55,5,0,2
BRDA:55,5,1,0
BRDA:57,6,0,2
BRDA:57,6,1,0
BRF:14
BRH:9
end_of_record
